#
# A fatal error has been detected by the Java Runtime Environment:
#
#  EXCEPTION_ACCESS_VIOLATION (0xc0000005) at pc=0x00007ffd56a27a32, pid=5508, tid=2500
#
# JRE version: OpenJDK Runtime Environment Temurin-25.0.3+9 (25.0.3+9) (build 25.0.3+9-LTS)
# Java VM: OpenJDK 64-Bit Server VM Temurin-25.0.3+9 (25.0.3+9-LTS, mixed mode, sharing, tiered, compressed oops, compressed class ptrs, g1 gc, windows-amd64)
# Problematic frame:
# C  [igxelpicd64.dll+0xa7a32]
#
# No core dump will be written. Minidumps are not enabled by default on client versions of Windows
#
# If you would like to submit a bug report, please visit:
#   https://github.com/adoptium/adoptium-support/issues
#

---------------  S U M M A R Y ------------

Command Line: -javaagent:C:\Program Files\JetBrains\IntelliJ IDEA 2026.1.2\lib\idea_rt.jar=62104 -Dfile.encoding=UTF-8 -Dsun.stdout.encoding=UTF-8 -Dsun.stderr.encoding=UTF-8 com.spacefarm.DesktopLauncher

Host: 11th Gen Intel(R) Core(TM) i7-11800H @ 2.30GHz, 16 cores, 15G,  Windows 11 , 64 bit Build 26100 (10.0.26100.8521)
Time: Fri Jun 12 20:11:43 2026 elapsed time: 83.956984 seconds (0d 0h 1m 23s)

---------------  T H R E A D  ---------------

Current thread (0x000001f57bad70c0):  VMThread "VM Thread"          [id=2500, stack(0x00000025c6b00000,0x00000025c6c00000) (1024K)]

Stack: [0x00000025c6b00000,0x00000025c6c00000],  sp=0x00000025c6bfde40,  free space=1015k
Native frames: (J=compiled Java code, j=interpreted, Vv=VM code, C=native code)
C  [igxelpicd64.dll+0xa7a32]  (no source info available)
C  [igxelpicd64.dll+0x8d5df]  (no source info available)
C  [igxelpicd64.dll+0x2adefc]  (no source info available)
C  [igxelpicd64.dll+0x892f7]  (no source info available)
C  [igxelpicd64.dll+0x3a0121]  (no source info available)
C  [igxelpicd64.dll+0x3a02d3]  (no source info available)
C  [igxelpicd64.dll+0x68baf]  (no source info available)
C  [igxelpicd64.dll+0x689dd]  (no source info available)
C  [igxelpicd64.dll+0x80519b]  (no source info available)
C  [ntdll.dll+0x15dd5a]  (no source info available)
C  [ntdll.dll+0x1ba53]  (no source info available)
C  [ntdll.dll+0x88bdf]  (no source info available)
C  [ntdll.dll+0x87d5e]  (no source info available)
C  [KERNEL32.DLL+0x417fb]  (no source info available)
C  [ucrtbase.dll+0xa0813]  (no source info available)
V  [jvm.dll+0x7a26ea]  (no source info available)
V  [jvm.dll+0x7a2bb1]  (no source info available)
V  [jvm.dll+0x7a26d0]  (no source info available)
V  [jvm.dll+0x47bfa4]  (no source info available)
V  [jvm.dll+0xa00382]  (no source info available)
V  [jvm.dll+0xa016a1]  (no source info available)
V  [jvm.dll+0xa01c18]  (no source info available)
V  [jvm.dll+0xa01eb3]  (no source info available)
V  [jvm.dll+0x99894d]  (no source info available)
V  [jvm.dll+0x7a8ce5]  (no source info available)
C  [ucrtbase.dll+0x2cd30]  (no source info available)
C  [KERNEL32.DLL+0x2e957]  (no source info available)
C  [ntdll.dll+0x87c1c]  (no source info available)


siginfo: EXCEPTION_ACCESS_VIOLATION (0xc0000005), reading address 0x0000000000035898


Registers:
RAX=0x000001f50c0f1fd8, RBX=0x000001f50c0f1ed0, RCX=0x0000000000000000, RDX=0x00000000fffffff0
RSP=0x00000025c6bfde40, RBP=0x0000000000000000, RSI=0x000001f50c0f24a0, RDI=0x000001f57db15660
R8 =0x0000000000000014, R9 =0x0000000000000000, R10=0x0000000000000000, R11=0x0000000000000246
R12=0x000001f57da9a200, R13=0x000001f50c513100, R14=0x00000000002ad100, R15=0x0000000000000016
RIP=0x00007ffd56a27a32, EFLAGS=0x0000000000010206

XMM[0]=0x0000000000000000 0x0000000000000000
XMM[1]=0x0000000000000000 0x0000000000000000
XMM[2]=0x0000000000000000 0x0000000000000000
XMM[3]=0x0000000000000000 0x0000000000000000
XMM[4]=0x0000000000000000 0x0000000000000000
XMM[5]=0x0000000000000000 0x0000000000000000
XMM[6]=0x0000000000000000 0x0000000000000000
XMM[7]=0x0000000000000000 0x404e000000000000
XMM[8]=0x0000000000000000 0x0000000000000000
XMM[9]=0x0000000000000000 0x0000000000000000
XMM[10]=0x0000000000000000 0x0000000000000000
XMM[11]=0x0000000000000000 0x0000000000000000
XMM[12]=0x0000000000000000 0x0000000000000000
XMM[13]=0x0000000000000000 0x0000000000000000
XMM[14]=0x0000000000000000 0x0000000000000000
XMM[15]=0x0000000000000000 0x0000000000000000
  MXCSR=0x00001fa0


Register to memory mapping:

RAX=0x000001f50c0f1fd8 points into unknown readable memory: 0x00000000002ad129 | 29 d1 2a 00 00 00 00 00
RBX=0x000001f50c0f1ed0 points into unknown readable memory: 0x000001f57d0d6310 | 10 63 0d 7d f5 01 00 00
RCX=0x0 is null
RDX=0x00000000fffffff0 is an unknown value
RSP=0x00000025c6bfde40 points into unknown readable memory: 0x000001f57db42e10 | 10 2e b4 7d f5 01 00 00
RBP=0x0 is null
RSI=0x000001f50c0f24a0 points into unknown readable memory: 0x000001f50c513100 | 00 31 51 0c f5 01 00 00
RDI=0x000001f57db15660 points into unknown readable memory: 0x0000000000000000 | 00 00 00 00 00 00 00 00
R8 =0x0000000000000014 is an unknown value
R9 =0x0 is null
R10=0x0 is null
R11=0x0000000000000246 is an unknown value
R12=0x000001f57da9a200 points into unknown readable memory: 0x00007ffd574cf8d4 | d4 f8 4c 57 fd 7f 00 00
R13=0x000001f50c513100 points into unknown readable memory: 0x000001f57d0d6310 | 10 63 0d 7d f5 01 00 00
R14=0x00000000002ad100 is an unknown value
R15=0x0000000000000016 is an unknown value

Top of Stack: (sp=0x00000025c6bfde40)
0x00000025c6bfde40:   000001f57db42e10 00007ffe2468c710   ...}......h$....
0x00000025c6bfde50:   02a9bfca039f35ca 00007ffe26504094   .5.......@P&....
0x00000025c6bfde60:   028096cd039807cd 03a230cf02ca2fce   ........./...0..
0x00000025c6bfde70:   0165f3cf00aa74cf 01ba0ad0022bf4cf   .t....e...+.....
0x00000025c6bfde80:   0000000000000016 00000000002ad1d5   ..........*.....
0x00000025c6bfde90:   0000b80200000000 000001f57da9a218   ...........}....
0x00000025c6bfdea0:   0000000000000000 0000000000000000   ................
0x00000025c6bfdeb0:   00000025c6bfdfc0 00007ffd56a0d5df   ....%......V....
0x00000025c6bfdec0:   000001f57db42e10 000001f57db15660   ...}....`V.}....
0x00000025c6bfded0:   0391c5d702b48e00 0398f2d701dcde00   ................
0x00000025c6bfdee0:   0000002500002bb0 02fbf6d900000000   .+..%...........
0x00000025c6bfdef0:   0000000000000000 02f463dc0184ffda   .............c..
0x00000025c6bfdf00:   02e681de03925ade 028f19e002f3e4df   .Z..............
0x00000025c6bfdf10:   01996de1034fdee0 0374ece101b093e1   ..O..m........t.
0x00000025c6bfdf20:   036352e2027f07e2 03a194e302c8e2e2   .....Rc.........
0x00000025c6bfdf30:   0383ede3032b98e3 036910e5037087e4   ..+.......p...i.
0x00000025c6bfdf40:   02ccc3e503659ce5 0366e5e5029acee5   ..e...........f.
0x00000025c6bfdf50:   033c73e603a845e6 02ec1be70394fee6   .E...s<.........
0x00000025c6bfdf60:   000001f506000000 0000000000000060   ........`.......
0x00000025c6bfdf70:   0000b80200000000 0000000000002bb0   .........+......
0x00000025c6bfdf80:   0000000000000000 40001e4000000001   ............@..@
0x00000025c6bfdf90:   0000000000000000 0000000000000000   ................
0x00000025c6bfdfa0:   0000000000000000 0000000000000000   ................
0x00000025c6bfdfb0:   0000000000000000 0000000000000000   ................
0x00000025c6bfdfc0:   0000000000000000 0000000000000000   ................
0x00000025c6bfdfd0:   0000000000000000 0000000000000000   ................
0x00000025c6bfdfe0:   0000000000000000 0000000000000000   ................
0x00000025c6bfdff0:   0000000000000000 0000000000000000   ................
0x00000025c6bfe000:   0000000000000000 0000000000000000   ................
0x00000025c6bfe010:   0000000000000000 0000000000000000   ................
0x00000025c6bfe020:   0000000000000000 0000000000000000   ................
0x00000025c6bfe030:   0000000000000000 0000000000000000   ................

Instructions: (pc=0x00007ffd56a27a32)
  0x00007ffd56a27932:   8b fa 48 8b e9 48 8b 1d 92 c4 f1 00 48 89 58 08
  0x00007ffd56a27942:   48 8b cb ff 15 dd 48 a9 00 90 4c 8b af 78 02 00
  0x00007ffd56a27952:   00 48 8b 05 c6 69 e1 00 44 8b b8 a0 0b 00 00 45
  0x00007ffd56a27962:   33 d2 45 8a f2 4c 89 97 78 02 00 00 44 89 97 80
  0x00007ffd56a27972:   02 00 00 4c 89 97 a0 02 00 00 4c 89 97 88 02 00
  0x00007ffd56a27982:   00 48 85 ed 75 38 8b 35 22 9e f1 00 65 48 8b 04
  0x00007ffd56a27992:   25 58 00 00 00 b9 14 00 00 00 48 8b 04 f0 44 38
  0x00007ffd56a279a2:   14 01 0f 84 86 98 94 00 65 48 8b 04 25 58 00 00
  0x00007ffd56a279b2:   00 bd 20 00 00 00 48 8b 04 f0 48 8b 2c 28 48 3b
  0x00007ffd56a279c2:   2d 79 ab f1 00 45 0f 44 fa 4d 85 ed 0f 84 2b 01
  0x00007ffd56a279d2:   00 00 44 8a a4 24 90 00 00 00 49 8b dd 49 8d b5
  0x00007ffd56a279e2:   d0 05 00 00 4c 8b 2e 45 84 e4 0f 85 39 03 00 00
  0x00007ffd56a279f2:   44 8b 8f c8 01 00 00 48 8b 05 20 69 e1 00 83 b8
  0x00007ffd56a27a02:   70 03 00 00 02 75 36 41 8d 51 f0 41 83 f9 10 0f
  0x00007ffd56a27a12:   83 2d 01 00 00 4a 8d 04 cd 21 00 00 00 49 03 c1
  0x00007ffd56a27a22:   48 8d 04 c3 48 85 c0 0f 85 03 01 00 00 49 8b ca
=>0x00007ffd56a27a32:   48 3b 8d 98 58 03 00 0f 87 fe 97 94 00 48 8d 93
  0x00007ffd56a27a42:   08 01 00 00 4c 39 93 48 06 00 00 0f 85 69 99 94
  0x00007ffd56a27a52:   00 44 8b 9f c8 01 00 00 48 8b 87 e0 01 00 00 4c
  0x00007ffd56a27a62:   8b 10 44 8b 87 c8 01 00 00 41 83 f8 10 0f 83 fc
  0x00007ffd56a27a72:   00 00 00 4b 8d 0c c0 48 8d 04 ca 48 85 c0 0f 85
  0x00007ffd56a27a82:   b5 00 00 00 33 c9 49 3b ca 0f 86 11 01 00 00 45
  0x00007ffd56a27a92:   33 d2 48 8b 87 78 02 00 00 48 89 06 48 89 9f 78
  0x00007ffd56a27aa2:   02 00 00 ff 87 80 02 00 00 48 8b 43 08 48 8b 88
  0x00007ffd56a27ab2:   18 01 00 00 48 81 e1 00 00 ff ff 48 81 c1 00 00
  0x00007ffd56a27ac2:   01 00 48 01 8f 88 02 00 00 48 8b 43 08 48 8b 88
  0x00007ffd56a27ad2:   18 01 00 00 48 01 8f a0 02 00 00 4d 85 ed 0f 85
  0x00007ffd56a27ae2:   f6 fe ff ff 45 84 f6 44 8a a4 24 98 00 00 00 0f
  0x00007ffd56a27af2:   85 11 99 94 00 48 8b 9c 24 80 00 00 00 48 8b cf
  0x00007ffd56a27b02:   45 84 e4 0f 85 30 02 00 00 e8 d0 fa ff ff 90 48
  0x00007ffd56a27b12:   8b cb 48 8b 9c 24 88 00 00 00 48 83 c4 40 41 5f
  0x00007ffd56a27b22:   41 5e 41 5d 41 5c 5f 5e 5d 48 ff 25 ee 46 a9 00


Stack slot to memory mapping:

stack at sp + 0 slots: 0x000001f57db42e10 points into unknown readable memory: 0xffffffffffffffff | ff ff ff ff ff ff ff ff
stack at sp + 1 slots: 0x00007ffe2468c710 USER32.dll
stack at sp + 2 slots: 0x02a9bfca039f35ca is an unknown value
stack at sp + 3 slots: 0x00007ffe26504094 ntdll.dll
stack at sp + 4 slots: 0x028096cd039807cd is an unknown value
stack at sp + 5 slots: 0x03a230cf02ca2fce is an unknown value
stack at sp + 6 slots: 0x0165f3cf00aa74cf is an unknown value
stack at sp + 7 slots: 0x01ba0ad0022bf4cf is an unknown value

VM_Operation (0x00000025c61fef70): Exit, mode: safepoint, requested by thread 0x000001f57ca857a0


---------------  P R O C E S S  ---------------

Threads class SMR info:
_java_thread_list=0x000001f57d517e10, length=18, elements={
0x000001f559aa9930, 0x000001f57baedde0, 0x000001f57baee5a0, 0x000001f57baef0a0,
0x000001f57baeffa0, 0x000001f57baf5980, 0x000001f57baf8860, 0x000001f57baf4630,
0x000001f57bb1d5a0, 0x000001f57bafaf70, 0x000001f57bafceb0, 0x000001f57bafb740,
0x000001f57ca86f10, 0x000001f57ca8ccd0, 0x000001f57d93a7e0, 0x000001f57d93bf50,
0x000001f57d93c720, 0x000001f57ca857a0
}

Java Threads: ( => current thread )
  0x000001f559aa9930 JavaThread "main"                              [_thread_blocked, id=2220, stack(0x00000025c6400000,0x00000025c6500000) (1024K)]
  0x000001f57baedde0 JavaThread "Reference Handler"          daemon [_thread_blocked, id=8272, stack(0x00000025c6c00000,0x00000025c6d00000) (1024K)]
  0x000001f57baee5a0 JavaThread "Finalizer"                  daemon [_thread_blocked, id=9948, stack(0x00000025c6d00000,0x00000025c6e00000) (1024K)]
  0x000001f57baef0a0 JavaThread "Signal Dispatcher"          daemon [_thread_blocked, id=1724, stack(0x00000025c6e00000,0x00000025c6f00000) (1024K)]
  0x000001f57baeffa0 JavaThread "Attach Listener"            daemon [_thread_blocked, id=12512, stack(0x00000025c6f00000,0x00000025c7000000) (1024K)]
  0x000001f57baf5980 JavaThread "Service Thread"             daemon [_thread_blocked, id=11600, stack(0x00000025c7000000,0x00000025c7100000) (1024K)]
  0x000001f57baf8860 JavaThread "Monitor Deflation Thread"   daemon [_thread_blocked, id=10196, stack(0x00000025c7100000,0x00000025c7200000) (1024K)]
  0x000001f57baf4630 JavaThread "C2 CompilerThread0"         daemon [_thread_blocked, id=20376, stack(0x00000025c7200000,0x00000025c7300000) (1024K)]
  0x000001f57bb1d5a0 JavaThread "C1 CompilerThread0"         daemon [_thread_blocked, id=10428, stack(0x00000025c7300000,0x00000025c7400000) (1024K)]
  0x000001f57bafaf70 JavaThread "Common-Cleaner"             daemon [_thread_blocked, id=8496, stack(0x00000025c7700000,0x00000025c7800000) (1024K)]
  0x000001f57bafceb0 JavaThread "Monitor Ctrl-Break"         daemon [_thread_in_native, id=13636, stack(0x00000025c7800000,0x00000025c7900000) (1024K)]
  0x000001f57bafb740 JavaThread "Notification Thread"        daemon [_thread_blocked, id=20856, stack(0x00000025c7900000,0x00000025c7a00000) (1024K)]
  0x000001f57ca86f10 JavaThread "RMI TCP Accept-0"           daemon [_thread_in_native, id=9776, stack(0x00000025c8100000,0x00000025c8200000) (1024K)]
  0x000001f57ca8ccd0 JavaThread "RMI TCP Connection(1)-192.168.1.195" daemon [_thread_in_native, id=16524, stack(0x00000025c8300000,0x00000025c8400000) (1024K)]
  0x000001f57d93a7e0 JavaThread "RMI Scheduler(0)"           daemon [_thread_blocked, id=19660, stack(0x00000025c8600000,0x00000025c8700000) (1024K)]
  0x000001f57d93bf50 JavaThread "JMX server connection timeout 40" daemon [_thread_blocked, id=17660, stack(0x00000025c8700000,0x00000025c8800000) (1024K)]
  0x000001f57d93c720 JavaThread "Thread-0"                   daemon [_thread_blocked, id=9068, stack(0x00000025c8800000,0x00000025c8900000) (1024K)]
  0x000001f57ca857a0 JavaThread "SIGINT handler"             daemon [_thread_blocked, id=17484, stack(0x00000025c6100000,0x00000025c6200000) (1024K)]
Total: 18

Other Threads:
=>0x000001f57bad70c0 VMThread "VM Thread"                           [id=2500, stack(0x00000025c6b00000,0x00000025c6c00000) (1024K)]
  0x000001f55c043500 WorkerThread "GC Thread#0"                     [id=21104, stack(0x00000025c6500000,0x00000025c6600000) (1024K)]
  0x000001f57e1688a0 WorkerThread "GC Thread#1"                     [id=21048, stack(0x00000025c8f00000,0x00000025c9000000) (1024K)]
  0x000001f57e166ec0 WorkerThread "GC Thread#2"                     [id=2488, stack(0x00000025c9000000,0x00000025c9100000) (1024K)]
  0x000001f57e16a6d0 WorkerThread "GC Thread#3"                     [id=17608, stack(0x00000025c9100000,0x00000025c9200000) (1024K)]
  0x000001f57e168450 WorkerThread "GC Thread#4"                     [id=20796, stack(0x00000025c9200000,0x00000025c9300000) (1024K)]
  0x000001f57e1699e0 WorkerThread "GC Thread#5"                     [id=21492, stack(0x00000025c9300000,0x00000025c9400000) (1024K)]
  0x000001f57e167310 WorkerThread "GC Thread#6"                     [id=14328, stack(0x00000025c9400000,0x00000025c9500000) (1024K)]
  0x000001f57e16c500 WorkerThread "GC Thread#7"                     [id=17196, stack(0x00000025c9500000,0x00000025c9600000) (1024K)]
  0x000001f57e16cda0 WorkerThread "GC Thread#8"                     [id=452, stack(0x00000025c9600000,0x00000025c9700000) (1024K)]
  0x000001f55c05bf70 ConcurrentGCThread "G1 Main Marker"            terminated
  0x000001f55c05f870 WorkerThread "G1 Conc#0"                       [id=420, stack(0x00000025c6700000,0x00000025c6800000) (1024K)]
  0x000001f57b99d3a0 ConcurrentGCThread "G1 Refine#0"               terminated
  0x000001f57b99e870 ConcurrentGCThread "G1 Service"                terminated
Total: 14

Threads with active compile tasks:
Total: 0

VM state: at safepoint (shutting down)

VM Mutex/Monitor currently owned by a thread:  ([mutex/lock_event])
[0x00007ffd739993a8] ThreadsLockThrottle_lock - owner thread: 0x000001f57baef0a0
[0x00007ffd739996a8] Threads_lock - owner thread: 0x000001f57bad70c0
[0x00007ffd73999828] Heap_lock - owner thread: 0x000001f57ca857a0

Heap address: 0x0000000704a00000, size: 4022 MB, Compressed Oops mode: Zero based, Oop shift amount: 3

CDS archive(s) mapped at: [0x0000000082000000-0x0000000082dd0000-0x0000000082dd0000), size 14483456, SharedBaseAddress: 0x0000000082000000, ArchiveRelocationMode: 1.
Compressed class space mapped at: 0x0000000083000000-0x00000000c3000000, reserved size: 1073741824
UseCompressedClassPointers 1, UseCompactObjectHeaders 0
Narrow klass pointer bits 32, Max shift 3
Narrow klass base: 0x0000000082000000, Narrow klass shift: 0
Encoding Range: [0x0000000082000000 - 0x0000000182000000), (4294967296 bytes)
Klass Range:    [0x0000000082010000 - 0x00000000c3000000), (1090453504 bytes)
Klass ID Range:  [65536 - 1090519033) (1090453497)
Protection zone: [0x0000000082000000 - 0x0000000082010000), (65536 bytes)

GC Precious Log:
 CardTable entry size: 512
 Card Set container configuration: InlinePtr #cards 4 size 8 Array Of Cards #cards 16 size 48 Howl #buckets 8 coarsen threshold 3686 Howl Bitmap #cards 512 size 80 coarsen threshold 460 Card regions per heap region 1 cards per card region 4096
 CPUs: 16 total, 16 available
 Memory: 16085M
 Large Page Support: Disabled
 NUMA Support: Disabled
 Compressed Oops: Enabled (Zero based)
 Heap Region Size: 2M
 Heap Min Capacity: 8M
 Heap Initial Capacity: 252M
 Heap Max Capacity: 4022M
 Pre-touch: Disabled
 Parallel Workers: 13
 Concurrent Workers: 3
 Concurrent Refinement Workers: 13
 Periodic GC: Disabled

Heap:
 garbage-first heap   total reserved 4118528K, committed 260096K, used 106799K [0x0000000704a00000, 0x0000000800000000)
  region size 2048K, 46 young (94208K), 1 survivors (2048K)

Heap Regions: E=young(eden), S=young(survivor), O=old, HS=humongous(starts), HC=humongous(continues), CS=collection set, F=free, TAMS=top-at-mark-start, PB=parsable bottom
|   0|0x0000000704a00000, 0x0000000704c00000, 0x0000000704c00000|100%| O|  |TAMS 0x0000000704a00000| PB 0x0000000704a00000| Untracked |  0
|   1|0x0000000704c00000, 0x0000000704e00000, 0x0000000704e00000|100%| O|  |TAMS 0x0000000704c00000| PB 0x0000000704c00000| Untracked |  0
|   2|0x0000000704e00000, 0x0000000705000000, 0x0000000705000000|100%| O|  |TAMS 0x0000000704e00000| PB 0x0000000704e00000| Untracked |  0
|   3|0x0000000705000000, 0x0000000705200000, 0x0000000705200000|100%| O|  |TAMS 0x0000000705000000| PB 0x0000000705000000| Untracked |  0
|   4|0x0000000705200000, 0x0000000705400000, 0x0000000705400000|100%| O|  |TAMS 0x0000000705200000| PB 0x0000000705200000| Untracked |  0
|   5|0x0000000705400000, 0x0000000705600000, 0x0000000705600000|100%| O|  |TAMS 0x0000000705400000| PB 0x0000000705400000| Untracked |  0
|   6|0x0000000705600000, 0x0000000705800000, 0x0000000705800000|100%| O|  |TAMS 0x0000000705600000| PB 0x0000000705600000| Untracked |  0
|   7|0x0000000705800000, 0x0000000705924380, 0x0000000705a00000| 57%| O|  |TAMS 0x0000000705800000| PB 0x0000000705800000| Untracked |  0
|   8|0x0000000705a00000, 0x0000000705a00000, 0x0000000705c00000|  0%| F|  |TAMS 0x0000000705a00000| PB 0x0000000705a00000| Untracked |  0
|   9|0x0000000705c00000, 0x0000000705c00000, 0x0000000705e00000|  0%| F|  |TAMS 0x0000000705c00000| PB 0x0000000705c00000| Untracked |  0
|  10|0x0000000705e00000, 0x0000000705e00000, 0x0000000706000000|  0%| F|  |TAMS 0x0000000705e00000| PB 0x0000000705e00000| Untracked |  0
|  11|0x0000000706000000, 0x0000000706000000, 0x0000000706200000|  0%| F|  |TAMS 0x0000000706000000| PB 0x0000000706000000| Untracked |  0
|  12|0x0000000706200000, 0x0000000706200000, 0x0000000706400000|  0%| F|  |TAMS 0x0000000706200000| PB 0x0000000706200000| Untracked |  0
|  13|0x0000000706400000, 0x0000000706400000, 0x0000000706600000|  0%| F|  |TAMS 0x0000000706400000| PB 0x0000000706400000| Untracked |  0
|  14|0x0000000706600000, 0x0000000706600000, 0x0000000706800000|  0%| F|  |TAMS 0x0000000706600000| PB 0x0000000706600000| Untracked |  0
|  15|0x0000000706800000, 0x0000000706800000, 0x0000000706a00000|  0%| F|  |TAMS 0x0000000706800000| PB 0x0000000706800000| Untracked |  0
|  16|0x0000000706a00000, 0x0000000706a00000, 0x0000000706c00000|  0%| F|  |TAMS 0x0000000706a00000| PB 0x0000000706a00000| Untracked |  0
|  17|0x0000000706c00000, 0x0000000706c00000, 0x0000000706e00000|  0%| F|  |TAMS 0x0000000706c00000| PB 0x0000000706c00000| Untracked |  0
|  18|0x0000000706e00000, 0x0000000706e00000, 0x0000000707000000|  0%| F|  |TAMS 0x0000000706e00000| PB 0x0000000706e00000| Untracked |  0
|  19|0x0000000707000000, 0x0000000707000000, 0x0000000707200000|  0%| F|  |TAMS 0x0000000707000000| PB 0x0000000707000000| Untracked |  0
|  20|0x0000000707200000, 0x0000000707200000, 0x0000000707400000|  0%| F|  |TAMS 0x0000000707200000| PB 0x0000000707200000| Untracked |  0
|  21|0x0000000707400000, 0x0000000707400000, 0x0000000707600000|  0%| F|  |TAMS 0x0000000707400000| PB 0x0000000707400000| Untracked |  0
|  22|0x0000000707600000, 0x0000000707600000, 0x0000000707800000|  0%| F|  |TAMS 0x0000000707600000| PB 0x0000000707600000| Untracked |  0
|  23|0x0000000707800000, 0x0000000707800000, 0x0000000707a00000|  0%| F|  |TAMS 0x0000000707800000| PB 0x0000000707800000| Untracked |  0
|  24|0x0000000707a00000, 0x0000000707a00000, 0x0000000707c00000|  0%| F|  |TAMS 0x0000000707a00000| PB 0x0000000707a00000| Untracked |  0
|  25|0x0000000707c00000, 0x0000000707c00000, 0x0000000707e00000|  0%| F|  |TAMS 0x0000000707c00000| PB 0x0000000707c00000| Untracked |  0
|  26|0x0000000707e00000, 0x0000000707e00000, 0x0000000708000000|  0%| F|  |TAMS 0x0000000707e00000| PB 0x0000000707e00000| Untracked |  0
|  27|0x0000000708000000, 0x0000000708000000, 0x0000000708200000|  0%| F|  |TAMS 0x0000000708000000| PB 0x0000000708000000| Untracked |  0
|  28|0x0000000708200000, 0x0000000708200000, 0x0000000708400000|  0%| F|  |TAMS 0x0000000708200000| PB 0x0000000708200000| Untracked |  0
|  29|0x0000000708400000, 0x0000000708400000, 0x0000000708600000|  0%| F|  |TAMS 0x0000000708400000| PB 0x0000000708400000| Untracked |  0
|  30|0x0000000708600000, 0x0000000708600000, 0x0000000708800000|  0%| F|  |TAMS 0x0000000708600000| PB 0x0000000708600000| Untracked |  0
|  31|0x0000000708800000, 0x0000000708800000, 0x0000000708a00000|  0%| F|  |TAMS 0x0000000708800000| PB 0x0000000708800000| Untracked |  0
|  32|0x0000000708a00000, 0x0000000708a00000, 0x0000000708c00000|  0%| F|  |TAMS 0x0000000708a00000| PB 0x0000000708a00000| Untracked |  0
|  33|0x0000000708c00000, 0x0000000708c00000, 0x0000000708e00000|  0%| F|  |TAMS 0x0000000708c00000| PB 0x0000000708c00000| Untracked |  0
|  34|0x0000000708e00000, 0x0000000708e00000, 0x0000000709000000|  0%| F|  |TAMS 0x0000000708e00000| PB 0x0000000708e00000| Untracked |  0
|  35|0x0000000709000000, 0x0000000709000000, 0x0000000709200000|  0%| F|  |TAMS 0x0000000709000000| PB 0x0000000709000000| Untracked |  0
|  36|0x0000000709200000, 0x0000000709200000, 0x0000000709400000|  0%| F|  |TAMS 0x0000000709200000| PB 0x0000000709200000| Untracked |  0
|  37|0x0000000709400000, 0x0000000709400000, 0x0000000709600000|  0%| F|  |TAMS 0x0000000709400000| PB 0x0000000709400000| Untracked |  0
|  38|0x0000000709600000, 0x0000000709600000, 0x0000000709800000|  0%| F|  |TAMS 0x0000000709600000| PB 0x0000000709600000| Untracked |  0
|  39|0x0000000709800000, 0x0000000709800000, 0x0000000709a00000|  0%| F|  |TAMS 0x0000000709800000| PB 0x0000000709800000| Untracked |  0
|  40|0x0000000709a00000, 0x0000000709a00000, 0x0000000709c00000|  0%| F|  |TAMS 0x0000000709a00000| PB 0x0000000709a00000| Untracked |  0
|  41|0x0000000709c00000, 0x0000000709c00000, 0x0000000709e00000|  0%| F|  |TAMS 0x0000000709c00000| PB 0x0000000709c00000| Untracked |  0
|  42|0x0000000709e00000, 0x0000000709e00000, 0x000000070a000000|  0%| F|  |TAMS 0x0000000709e00000| PB 0x0000000709e00000| Untracked |  0
|  43|0x000000070a000000, 0x000000070a000000, 0x000000070a200000|  0%| F|  |TAMS 0x000000070a000000| PB 0x000000070a000000| Untracked |  0
|  44|0x000000070a200000, 0x000000070a200000, 0x000000070a400000|  0%| F|  |TAMS 0x000000070a200000| PB 0x000000070a200000| Untracked |  0
|  45|0x000000070a400000, 0x000000070a400000, 0x000000070a600000|  0%| F|  |TAMS 0x000000070a400000| PB 0x000000070a400000| Untracked |  0
|  46|0x000000070a600000, 0x000000070a600000, 0x000000070a800000|  0%| F|  |TAMS 0x000000070a600000| PB 0x000000070a600000| Untracked |  0
|  47|0x000000070a800000, 0x000000070a800000, 0x000000070aa00000|  0%| F|  |TAMS 0x000000070a800000| PB 0x000000070a800000| Untracked |  0
|  48|0x000000070aa00000, 0x000000070aa00000, 0x000000070ac00000|  0%| F|  |TAMS 0x000000070aa00000| PB 0x000000070aa00000| Untracked |  0
|  49|0x000000070ac00000, 0x000000070ac00000, 0x000000070ae00000|  0%| F|  |TAMS 0x000000070ac00000| PB 0x000000070ac00000| Untracked |  0
|  50|0x000000070ae00000, 0x000000070ae00000, 0x000000070b000000|  0%| F|  |TAMS 0x000000070ae00000| PB 0x000000070ae00000| Untracked |  0
|  51|0x000000070b000000, 0x000000070b003060, 0x000000070b200000|  0%| S|CS|TAMS 0x000000070b000000| PB 0x000000070b000000| Complete |  0
|  52|0x000000070b200000, 0x000000070b200000, 0x000000070b400000|  0%| F|  |TAMS 0x000000070b200000| PB 0x000000070b200000| Untracked |  0
|  53|0x000000070b400000, 0x000000070b400000, 0x000000070b600000|  0%| F|  |TAMS 0x000000070b400000| PB 0x000000070b400000| Untracked |  0
|  54|0x000000070b600000, 0x000000070b600000, 0x000000070b800000|  0%| F|  |TAMS 0x000000070b600000| PB 0x000000070b600000| Untracked |  0
|  55|0x000000070b800000, 0x000000070b800000, 0x000000070ba00000|  0%| F|  |TAMS 0x000000070b800000| PB 0x000000070b800000| Untracked |  0
|  56|0x000000070ba00000, 0x000000070ba00000, 0x000000070bc00000|  0%| F|  |TAMS 0x000000070ba00000| PB 0x000000070ba00000| Untracked |  0
|  57|0x000000070bc00000, 0x000000070bc00000, 0x000000070be00000|  0%| F|  |TAMS 0x000000070bc00000| PB 0x000000070bc00000| Untracked |  0
|  58|0x000000070be00000, 0x000000070be00000, 0x000000070c000000|  0%| F|  |TAMS 0x000000070be00000| PB 0x000000070be00000| Untracked |  0
|  59|0x000000070c000000, 0x000000070c000000, 0x000000070c200000|  0%| F|  |TAMS 0x000000070c000000| PB 0x000000070c000000| Untracked |  0
|  60|0x000000070c200000, 0x000000070c200000, 0x000000070c400000|  0%| F|  |TAMS 0x000000070c200000| PB 0x000000070c200000| Untracked |  0
|  61|0x000000070c400000, 0x000000070c400000, 0x000000070c600000|  0%| F|  |TAMS 0x000000070c400000| PB 0x000000070c400000| Untracked |  0
|  62|0x000000070c600000, 0x000000070c600000, 0x000000070c800000|  0%| F|  |TAMS 0x000000070c600000| PB 0x000000070c600000| Untracked |  0
|  63|0x000000070c800000, 0x000000070c800000, 0x000000070ca00000|  0%| F|  |TAMS 0x000000070c800000| PB 0x000000070c800000| Untracked |  0
|  64|0x000000070ca00000, 0x000000070ca00000, 0x000000070cc00000|  0%| F|  |TAMS 0x000000070ca00000| PB 0x000000070ca00000| Untracked |  0
|  65|0x000000070cc00000, 0x000000070cc00000, 0x000000070ce00000|  0%| F|  |TAMS 0x000000070cc00000| PB 0x000000070cc00000| Untracked |  0
|  66|0x000000070ce00000, 0x000000070ce00000, 0x000000070d000000|  0%| F|  |TAMS 0x000000070ce00000| PB 0x000000070ce00000| Untracked |  0
|  67|0x000000070d000000, 0x000000070d000000, 0x000000070d200000|  0%| F|  |TAMS 0x000000070d000000| PB 0x000000070d000000| Untracked |  0
|  68|0x000000070d200000, 0x000000070d200000, 0x000000070d400000|  0%| F|  |TAMS 0x000000070d200000| PB 0x000000070d200000| Untracked |  0
|  69|0x000000070d400000, 0x000000070d400000, 0x000000070d600000|  0%| F|  |TAMS 0x000000070d400000| PB 0x000000070d400000| Untracked |  0
|  70|0x000000070d600000, 0x000000070d600000, 0x000000070d800000|  0%| F|  |TAMS 0x000000070d600000| PB 0x000000070d600000| Untracked |  0
|  71|0x000000070d800000, 0x000000070d800000, 0x000000070da00000|  0%| F|  |TAMS 0x000000070d800000| PB 0x000000070d800000| Untracked |  0
|  72|0x000000070da00000, 0x000000070da00000, 0x000000070dc00000|  0%| F|  |TAMS 0x000000070da00000| PB 0x000000070da00000| Untracked |  0
|  73|0x000000070dc00000, 0x000000070dc00000, 0x000000070de00000|  0%| F|  |TAMS 0x000000070dc00000| PB 0x000000070dc00000| Untracked |  0
|  74|0x000000070de00000, 0x000000070de00000, 0x000000070e000000|  0%| F|  |TAMS 0x000000070de00000| PB 0x000000070de00000| Untracked |  0
|  75|0x000000070e000000, 0x000000070e000000, 0x000000070e200000|  0%| F|  |TAMS 0x000000070e000000| PB 0x000000070e000000| Untracked |  0
|  76|0x000000070e200000, 0x000000070e200000, 0x000000070e400000|  0%| F|  |TAMS 0x000000070e200000| PB 0x000000070e200000| Untracked |  0
|  77|0x000000070e400000, 0x000000070e400000, 0x000000070e600000|  0%| F|  |TAMS 0x000000070e400000| PB 0x000000070e400000| Untracked |  0
|  78|0x000000070e600000, 0x000000070e600000, 0x000000070e800000|  0%| F|  |TAMS 0x000000070e600000| PB 0x000000070e600000| Untracked |  0
|  79|0x000000070e800000, 0x000000070e800000, 0x000000070ea00000|  0%| F|  |TAMS 0x000000070e800000| PB 0x000000070e800000| Untracked |  0
|  80|0x000000070ea00000, 0x000000070ea00000, 0x000000070ec00000|  0%| F|  |TAMS 0x000000070ea00000| PB 0x000000070ea00000| Untracked |  0
|  81|0x000000070ec00000, 0x000000070ed7ae80, 0x000000070ee00000| 74%| E|  |TAMS 0x000000070ec00000| PB 0x000000070ec00000| Complete |  0
|  82|0x000000070ee00000, 0x000000070f000000, 0x000000070f000000|100%| E|CS|TAMS 0x000000070ee00000| PB 0x000000070ee00000| Complete |  0
|  83|0x000000070f000000, 0x000000070f200000, 0x000000070f200000|100%| E|CS|TAMS 0x000000070f000000| PB 0x000000070f000000| Complete |  0
|  84|0x000000070f200000, 0x000000070f400000, 0x000000070f400000|100%| E|CS|TAMS 0x000000070f200000| PB 0x000000070f200000| Complete |  0
|  85|0x000000070f400000, 0x000000070f600000, 0x000000070f600000|100%| E|CS|TAMS 0x000000070f400000| PB 0x000000070f400000| Complete |  0
|  86|0x000000070f600000, 0x000000070f800000, 0x000000070f800000|100%| E|CS|TAMS 0x000000070f600000| PB 0x000000070f600000| Complete |  0
|  87|0x000000070f800000, 0x000000070fa00000, 0x000000070fa00000|100%| E|CS|TAMS 0x000000070f800000| PB 0x000000070f800000| Complete |  0
|  88|0x000000070fa00000, 0x000000070fc00000, 0x000000070fc00000|100%| E|CS|TAMS 0x000000070fa00000| PB 0x000000070fa00000| Complete |  0
|  89|0x000000070fc00000, 0x000000070fe00000, 0x000000070fe00000|100%| E|CS|TAMS 0x000000070fc00000| PB 0x000000070fc00000| Complete |  0
|  90|0x000000070fe00000, 0x0000000710000000, 0x0000000710000000|100%| E|CS|TAMS 0x000000070fe00000| PB 0x000000070fe00000| Complete |  0
|  91|0x0000000710000000, 0x0000000710200000, 0x0000000710200000|100%| E|CS|TAMS 0x0000000710000000| PB 0x0000000710000000| Complete |  0
|  92|0x0000000710200000, 0x0000000710400000, 0x0000000710400000|100%| E|CS|TAMS 0x0000000710200000| PB 0x0000000710200000| Complete |  0
|  93|0x0000000710400000, 0x0000000710600000, 0x0000000710600000|100%| E|CS|TAMS 0x0000000710400000| PB 0x0000000710400000| Complete |  0
|  94|0x0000000710600000, 0x0000000710800000, 0x0000000710800000|100%| E|CS|TAMS 0x0000000710600000| PB 0x0000000710600000| Complete |  0
|  95|0x0000000710800000, 0x0000000710a00000, 0x0000000710a00000|100%| E|CS|TAMS 0x0000000710800000| PB 0x0000000710800000| Complete |  0
|  96|0x0000000710a00000, 0x0000000710c00000, 0x0000000710c00000|100%| E|CS|TAMS 0x0000000710a00000| PB 0x0000000710a00000| Complete |  0
|  97|0x0000000710c00000, 0x0000000710e00000, 0x0000000710e00000|100%| E|CS|TAMS 0x0000000710c00000| PB 0x0000000710c00000| Complete |  0
|  98|0x0000000710e00000, 0x0000000711000000, 0x0000000711000000|100%| E|CS|TAMS 0x0000000710e00000| PB 0x0000000710e00000| Complete |  0
|  99|0x0000000711000000, 0x0000000711200000, 0x0000000711200000|100%| E|CS|TAMS 0x0000000711000000| PB 0x0000000711000000| Complete |  0
| 100|0x0000000711200000, 0x0000000711400000, 0x0000000711400000|100%| E|CS|TAMS 0x0000000711200000| PB 0x0000000711200000| Complete |  0
| 101|0x0000000711400000, 0x0000000711600000, 0x0000000711600000|100%| E|CS|TAMS 0x0000000711400000| PB 0x0000000711400000| Complete |  0
| 102|0x0000000711600000, 0x0000000711800000, 0x0000000711800000|100%| E|CS|TAMS 0x0000000711600000| PB 0x0000000711600000| Complete |  0
| 103|0x0000000711800000, 0x0000000711a00000, 0x0000000711a00000|100%| E|CS|TAMS 0x0000000711800000| PB 0x0000000711800000| Complete |  0
| 104|0x0000000711a00000, 0x0000000711c00000, 0x0000000711c00000|100%| E|CS|TAMS 0x0000000711a00000| PB 0x0000000711a00000| Complete |  0
| 105|0x0000000711c00000, 0x0000000711e00000, 0x0000000711e00000|100%| E|CS|TAMS 0x0000000711c00000| PB 0x0000000711c00000| Complete |  0
| 106|0x0000000711e00000, 0x0000000712000000, 0x0000000712000000|100%| E|CS|TAMS 0x0000000711e00000| PB 0x0000000711e00000| Complete |  0
| 107|0x0000000712000000, 0x0000000712200000, 0x0000000712200000|100%| E|CS|TAMS 0x0000000712000000| PB 0x0000000712000000| Complete |  0
| 108|0x0000000712200000, 0x0000000712400000, 0x0000000712400000|100%| E|CS|TAMS 0x0000000712200000| PB 0x0000000712200000| Complete |  0
| 109|0x0000000712400000, 0x0000000712600000, 0x0000000712600000|100%| E|CS|TAMS 0x0000000712400000| PB 0x0000000712400000| Complete |  0
| 110|0x0000000712600000, 0x0000000712800000, 0x0000000712800000|100%| E|CS|TAMS 0x0000000712600000| PB 0x0000000712600000| Complete |  0
| 111|0x0000000712800000, 0x0000000712a00000, 0x0000000712a00000|100%| E|CS|TAMS 0x0000000712800000| PB 0x0000000712800000| Complete |  0
| 112|0x0000000712a00000, 0x0000000712c00000, 0x0000000712c00000|100%| E|CS|TAMS 0x0000000712a00000| PB 0x0000000712a00000| Complete |  0
| 113|0x0000000712c00000, 0x0000000712e00000, 0x0000000712e00000|100%| E|CS|TAMS 0x0000000712c00000| PB 0x0000000712c00000| Complete |  0
| 114|0x0000000712e00000, 0x0000000713000000, 0x0000000713000000|100%| E|CS|TAMS 0x0000000712e00000| PB 0x0000000712e00000| Complete |  0
| 115|0x0000000713000000, 0x0000000713200000, 0x0000000713200000|100%| E|CS|TAMS 0x0000000713000000| PB 0x0000000713000000| Complete |  0
| 116|0x0000000713200000, 0x0000000713400000, 0x0000000713400000|100%| E|CS|TAMS 0x0000000713200000| PB 0x0000000713200000| Complete |  0
| 117|0x0000000713400000, 0x0000000713600000, 0x0000000713600000|100%| E|CS|TAMS 0x0000000713400000| PB 0x0000000713400000| Complete |  0
| 118|0x0000000713600000, 0x0000000713800000, 0x0000000713800000|100%| E|CS|TAMS 0x0000000713600000| PB 0x0000000713600000| Complete |  0
| 119|0x0000000713800000, 0x0000000713a00000, 0x0000000713a00000|100%| E|CS|TAMS 0x0000000713800000| PB 0x0000000713800000| Complete |  0
| 120|0x0000000713a00000, 0x0000000713c00000, 0x0000000713c00000|100%| E|CS|TAMS 0x0000000713a00000| PB 0x0000000713a00000| Complete |  0
| 121|0x0000000713c00000, 0x0000000713e00000, 0x0000000713e00000|100%| E|CS|TAMS 0x0000000713c00000| PB 0x0000000713c00000| Complete |  0
| 122|0x0000000713e00000, 0x0000000714000000, 0x0000000714000000|100%| E|CS|TAMS 0x0000000713e00000| PB 0x0000000713e00000| Complete |  0
| 123|0x0000000714000000, 0x0000000714200000, 0x0000000714200000|100%| E|CS|TAMS 0x0000000714000000| PB 0x0000000714000000| Complete |  0
| 124|0x0000000714200000, 0x0000000714400000, 0x0000000714400000|100%| E|CS|TAMS 0x0000000714200000| PB 0x0000000714200000| Complete |  0
| 125|0x0000000714400000, 0x0000000714600000, 0x0000000714600000|100%| E|CS|TAMS 0x0000000714400000| PB 0x0000000714400000| Complete |  0
|2010|0x00000007ffe00000, 0x00000007fff248e8, 0x0000000800000000| 57%| O|  |TAMS 0x00000007ffe00000| PB 0x00000007ffe00000| Untracked |  0

Card table byte_map: [0x000001f574c60000,0x000001f575440000] _byte_map_base: 0x000001f57143b000

Marking Bits: (CMBitMap*) 0x000001f55c043c90
 Bits: [0x000001f575440000, 0x000001f579318000)

Polling page: 0x000001f559e00000

Metaspace:
Metaspace        used 13186K, committed 13504K, reserved 1114112K
 class space     used 1163K, committed 1344K, reserved 1048576K

Usage:
  Non-class:     11.74 MB used.
      Class:      1.14 MB used.
       Both:     12.88 MB used.

Virtual space:
  Non-class space:       64.00 MB reserved,      11.88 MB ( 19%) committed,  1 nodes.
      Class space:        1.00 GB reserved,       1.31 MB ( <1%) committed,  1 nodes.
             Both:        1.06 GB reserved,      13.19 MB (  1%) committed. 

Chunk freelists:
   Non-Class:  3.94 MB
       Class:  14.56 MB
        Both:  18.50 MB

MaxMetaspaceSize: unlimited
CompressedClassSpaceSize: 1.00 GB
Initial GC threshold: 21.00 MB
Current GC threshold: 21.00 MB
CDS: on
 - commit_granule_bytes: 65536.
 - commit_granule_words: 8192.
 - virtual_space_node_default_size: 8388608.
 - enlarge_chunks_in_place: 1.
UseCompressedClassPointers 1, UseCompactObjectHeaders 0
Narrow klass pointer bits 32, Max shift 3
Narrow klass base: 0x0000000082000000, Narrow klass shift: 0
Encoding Range: [0x0000000082000000 - 0x0000000182000000), (4294967296 bytes)
Klass Range:    [0x0000000082010000 - 0x00000000c3000000), (1090453504 bytes)
Klass ID Range:  [65536 - 1090519033) (1090453497)
Protection zone: [0x0000000082000000 - 0x0000000082010000), (65536 bytes)


Internal statistics:

num_allocs_failed_limit: 0.
num_arena_births: 226.
num_arena_deaths: 0.
num_vsnodes_births: 2.
num_vsnodes_deaths: 0.
num_space_committed: 210.
num_space_uncommitted: 0.
num_chunks_returned_to_freelist: 0.
num_chunks_taken_from_freelist: 520.
num_chunk_merges: 0.
num_chunk_splits: 337.
num_chunks_enlarged: 233.
num_inconsistent_stats: 0.

CodeHeap 'non-profiled nmethods': size=119168Kb used=1820Kb max_used=1820Kb free=117347Kb
 bounds [0x000001f56c680000, 0x000001f56c8f0000, 0x000001f573ae0000]
CodeHeap 'profiled nmethods': size=119168Kb used=5414Kb max_used=5414Kb free=113754Kb
 bounds [0x000001f564ad0000, 0x000001f565020000, 0x000001f56bf30000]
CodeHeap 'non-nmethods': size=7488Kb used=2362Kb max_used=4122Kb free=5125Kb
 bounds [0x000001f56bf30000, 0x000001f56c340000, 0x000001f56c680000]
CodeCache: size=245824Kb, used=9596Kb, max_used=11356Kb, free=236226Kb
 total_blobs=5013, nmethods=3813, adapters=1103, full_count=0
Compilation: enabled, stopped_count=0, restarted_count=0

Compilation events (20 events):
Event: 83.364 Thread 0x000001f57bb1d5a0 3808       3       java.io.ObjectInputStream$FieldValues::<init> (222 bytes)
Event: 83.364 Thread 0x000001f57bb1d5a0 nmethod 3808 0x000001f565015c08 code [0x000001f565015d00, 0x000001f565016c98]
Event: 83.364 Thread 0x000001f57bb1d5a0 3803       3       java.io.ObjectStreamClass::checkDeserialize (20 bytes)
Event: 83.364 Thread 0x000001f57bb1d5a0 nmethod 3803 0x000001f565016d08 code [0x000001f565016e00, 0x000001f565017200]
Event: 83.364 Thread 0x000001f57bb1d5a0 3804       3       java.io.ObjectStreamClass::isInstantiable (17 bytes)
Event: 83.365 Thread 0x000001f57bb1d5a0 nmethod 3804 0x000001f565017208 code [0x000001f565017300, 0x000001f5650175b8]
Event: 83.365 Thread 0x000001f57bb1d5a0 3805   !   3       java.io.ObjectStreamClass::newInstance (80 bytes)
Event: 83.365 Thread 0x000001f57bb1d5a0 nmethod 3805 0x000001f565017608 code [0x000001f565017700, 0x000001f565018328]
Event: 83.365 Thread 0x000001f57bb1d5a0 3807       3       java.io.ObjectStreamClass::hasReadObjectMethod (17 bytes)
Event: 83.365 Thread 0x000001f57bb1d5a0 nmethod 3807 0x000001f565018388 code [0x000001f565018480, 0x000001f565018738]
Event: 83.387 Thread 0x000001f57bb1d5a0 3810       3       java.rmi.server.UID::equals (54 bytes)
Event: 83.388 Thread 0x000001f57bb1d5a0 nmethod 3810 0x000001f565018788 code [0x000001f565018880, 0x000001f565018c38]
Event: 83.388 Thread 0x000001f57bb1d5a0 3809       3       sun.rmi.transport.ObjectEndpoint::<init> (60 bytes)
Event: 83.388 Thread 0x000001f57bb1d5a0 nmethod 3809 0x000001f565018c88 code [0x000001f565018d80, 0x000001f5650190b0]
Event: 83.388 Thread 0x000001f57bb1d5a0 3811       3       sun.rmi.transport.Target::getImpl (11 bytes)
Event: 83.388 Thread 0x000001f57bb1d5a0 nmethod 3811 0x000001f565019108 code [0x000001f565019200, 0x000001f5650194b8]
Event: 83.388 Thread 0x000001f57baf4630 3812   !   4       java.io.ObjectOutputStream::writeObject (38 bytes)
Event: 83.389 Thread 0x000001f57baf4630 nmethod 3812 0x000001f56c846e08 code [0x000001f56c846f00, 0x000001f56c847008]
Event: 83.627 Thread 0x000001f57bb1d5a0 3813       3       java.util.logging.LogManager::getProperty (9 bytes)
Event: 83.627 Thread 0x000001f57bb1d5a0 nmethod 3813 0x000001f565019508 code [0x000001f565019600, 0x000001f5650197d0]

GC Heap Usage History (20 events):
Event: 70.407 {heap Before GC invocations=50 (full 0):
 garbage-first heap   total reserved 4118528K, committed 260096K, used 164374K [0x0000000704a00000, 0x0000000800000000)
  region size 2048K, 75 young (153600K), 3 survivors (6144K)
}
Event: 70.409 {heap After GC invocations=51 (full 0):
 garbage-first heap   total reserved 4118528K, committed 260096K, used 16910K [0x0000000704a00000, 0x0000000800000000)
  region size 2048K, 3 young (6144K), 3 survivors (6144K)
}
Event: 71.734 {heap Before GC invocations=51 (full 0):
 garbage-first heap   total reserved 4118528K, committed 260096K, used 164366K [0x0000000704a00000, 0x0000000800000000)
  region size 2048K, 75 young (153600K), 3 survivors (6144K)
}
Event: 71.735 {heap After GC invocations=52 (full 0):
 garbage-first heap   total reserved 4118528K, committed 260096K, used 17292K [0x0000000704a00000, 0x0000000800000000)
  region size 2048K, 1 young (2048K), 1 survivors (2048K)
}
Event: 73.103 {heap Before GC invocations=52 (full 0):
 garbage-first heap   total reserved 4118528K, committed 260096K, used 168844K [0x0000000704a00000, 0x0000000800000000)
  region size 2048K, 75 young (153600K), 1 survivors (2048K)
}
Event: 73.104 {heap After GC invocations=53 (full 0):
 garbage-first heap   total reserved 4118528K, committed 260096K, used 16845K [0x0000000704a00000, 0x0000000800000000)
  region size 2048K, 1 young (2048K), 1 survivors (2048K)
}
Event: 74.477 {heap Before GC invocations=53 (full 0):
 garbage-first heap   total reserved 4118528K, committed 260096K, used 168397K [0x0000000704a00000, 0x0000000800000000)
  region size 2048K, 75 young (153600K), 1 survivors (2048K)
}
Event: 74.478 {heap After GC invocations=54 (full 0):
 garbage-first heap   total reserved 4118528K, committed 260096K, used 16701K [0x0000000704a00000, 0x0000000800000000)
  region size 2048K, 1 young (2048K), 1 survivors (2048K)
}
Event: 75.843 {heap Before GC invocations=54 (full 0):
 garbage-first heap   total reserved 4118528K, committed 260096K, used 168253K [0x0000000704a00000, 0x0000000800000000)
  region size 2048K, 75 young (153600K), 1 survivors (2048K)
}
Event: 75.844 {heap After GC invocations=55 (full 0):
 garbage-first heap   total reserved 4118528K, committed 260096K, used 16673K [0x0000000704a00000, 0x0000000800000000)
  region size 2048K, 1 young (2048K), 1 survivors (2048K)
}
Event: 77.281 {heap Before GC invocations=55 (full 0):
 garbage-first heap   total reserved 4118528K, committed 260096K, used 168225K [0x0000000704a00000, 0x0000000800000000)
  region size 2048K, 75 young (153600K), 1 survivors (2048K)
}
Event: 77.282 {heap After GC invocations=56 (full 0):
 garbage-first heap   total reserved 4118528K, committed 260096K, used 16677K [0x0000000704a00000, 0x0000000800000000)
  region size 2048K, 1 young (2048K), 1 survivors (2048K)
}
Event: 78.648 {heap Before GC invocations=56 (full 0):
 garbage-first heap   total reserved 4118528K, committed 260096K, used 168229K [0x0000000704a00000, 0x0000000800000000)
  region size 2048K, 75 young (153600K), 1 survivors (2048K)
}
Event: 78.649 {heap After GC invocations=57 (full 0):
 garbage-first heap   total reserved 4118528K, committed 260096K, used 16675K [0x0000000704a00000, 0x0000000800000000)
  region size 2048K, 1 young (2048K), 1 survivors (2048K)
}
Event: 80.018 {heap Before GC invocations=57 (full 0):
 garbage-first heap   total reserved 4118528K, committed 260096K, used 168227K [0x0000000704a00000, 0x0000000800000000)
  region size 2048K, 75 young (153600K), 1 survivors (2048K)
}
Event: 80.019 {heap After GC invocations=58 (full 0):
 garbage-first heap   total reserved 4118528K, committed 260096K, used 16677K [0x0000000704a00000, 0x0000000800000000)
  region size 2048K, 1 young (2048K), 1 survivors (2048K)
}
Event: 81.402 {heap Before GC invocations=58 (full 0):
 garbage-first heap   total reserved 4118528K, committed 260096K, used 168229K [0x0000000704a00000, 0x0000000800000000)
  region size 2048K, 75 young (153600K), 1 survivors (2048K)
}
Event: 81.403 {heap After GC invocations=59 (full 0):
 garbage-first heap   total reserved 4118528K, committed 260096K, used 16685K [0x0000000704a00000, 0x0000000800000000)
  region size 2048K, 1 young (2048K), 1 survivors (2048K)
}
Event: 82.829 {heap Before GC invocations=59 (full 0):
 garbage-first heap   total reserved 4118528K, committed 260096K, used 168237K [0x0000000704a00000, 0x0000000800000000)
  region size 2048K, 75 young (153600K), 1 survivors (2048K)
}
Event: 82.829 {heap After GC invocations=60 (full 0):
 garbage-first heap   total reserved 4118528K, committed 260096K, used 16687K [0x0000000704a00000, 0x0000000800000000)
  region size 2048K, 1 young (2048K), 1 survivors (2048K)
}

Metaspace Usage History (20 events):
Event: 70.407 {metaspace Before GC invocations=50 (full 0):
 Metaspace       used 13134K, committed 13440K, reserved 1114112K
  class space    used 1162K, committed 1344K, reserved 1048576K
}
Event: 70.409 {metaspace After GC invocations=51 (full 0):
 Metaspace       used 13134K, committed 13440K, reserved 1114112K
  class space    used 1162K, committed 1344K, reserved 1048576K
}
Event: 71.734 {metaspace Before GC invocations=51 (full 0):
 Metaspace       used 13134K, committed 13440K, reserved 1114112K
  class space    used 1162K, committed 1344K, reserved 1048576K
}
Event: 71.735 {metaspace After GC invocations=52 (full 0):
 Metaspace       used 13134K, committed 13440K, reserved 1114112K
  class space    used 1162K, committed 1344K, reserved 1048576K
}
Event: 73.103 {metaspace Before GC invocations=52 (full 0):
 Metaspace       used 13135K, committed 13440K, reserved 1114112K
  class space    used 1162K, committed 1344K, reserved 1048576K
}
Event: 73.104 {metaspace After GC invocations=53 (full 0):
 Metaspace       used 13135K, committed 13440K, reserved 1114112K
  class space    used 1162K, committed 1344K, reserved 1048576K
}
Event: 74.477 {metaspace Before GC invocations=53 (full 0):
 Metaspace       used 13139K, committed 13440K, reserved 1114112K
  class space    used 1162K, committed 1344K, reserved 1048576K
}
Event: 74.478 {metaspace After GC invocations=54 (full 0):
 Metaspace       used 13139K, committed 13440K, reserved 1114112K
  class space    used 1162K, committed 1344K, reserved 1048576K
}
Event: 75.843 {metaspace Before GC invocations=54 (full 0):
 Metaspace       used 13140K, committed 13440K, reserved 1114112K
  class space    used 1162K, committed 1344K, reserved 1048576K
}
Event: 75.844 {metaspace After GC invocations=55 (full 0):
 Metaspace       used 13140K, committed 13440K, reserved 1114112K
  class space    used 1162K, committed 1344K, reserved 1048576K
}
Event: 77.281 {metaspace Before GC invocations=55 (full 0):
 Metaspace       used 13147K, committed 13440K, reserved 1114112K
  class space    used 1162K, committed 1344K, reserved 1048576K
}
Event: 77.282 {metaspace After GC invocations=56 (full 0):
 Metaspace       used 13147K, committed 13440K, reserved 1114112K
  class space    used 1162K, committed 1344K, reserved 1048576K
}
Event: 78.648 {metaspace Before GC invocations=56 (full 0):
 Metaspace       used 13152K, committed 13440K, reserved 1114112K
  class space    used 1162K, committed 1344K, reserved 1048576K
}
Event: 78.649 {metaspace After GC invocations=57 (full 0):
 Metaspace       used 13152K, committed 13440K, reserved 1114112K
  class space    used 1162K, committed 1344K, reserved 1048576K
}
Event: 80.018 {metaspace Before GC invocations=57 (full 0):
 Metaspace       used 13154K, committed 13440K, reserved 1114112K
  class space    used 1162K, committed 1344K, reserved 1048576K
}
Event: 80.019 {metaspace After GC invocations=58 (full 0):
 Metaspace       used 13154K, committed 13440K, reserved 1114112K
  class space    used 1162K, committed 1344K, reserved 1048576K
}
Event: 81.402 {metaspace Before GC invocations=58 (full 0):
 Metaspace       used 13159K, committed 13440K, reserved 1114112K
  class space    used 1162K, committed 1344K, reserved 1048576K
}
Event: 81.403 {metaspace After GC invocations=59 (full 0):
 Metaspace       used 13159K, committed 13440K, reserved 1114112K
  class space    used 1162K, committed 1344K, reserved 1048576K
}
Event: 82.829 {metaspace Before GC invocations=59 (full 0):
 Metaspace       used 13169K, committed 13440K, reserved 1114112K
  class space    used 1162K, committed 1344K, reserved 1048576K
}
Event: 82.829 {metaspace After GC invocations=60 (full 0):
 Metaspace       used 13169K, committed 13440K, reserved 1114112K
  class space    used 1162K, committed 1344K, reserved 1048576K
}

Dll operation events (14 events):
Event: 0.018 Loaded shared library C:\Users\anqwe\.jdks\temurin-25.0.3\bin\java.dll
Event: 0.128 Loaded shared library C:\Users\anqwe\.jdks\temurin-25.0.3\bin\zip.dll
Event: 0.132 Loaded shared library C:\Users\anqwe\.jdks\temurin-25.0.3\bin\instrument.dll
Event: 0.137 Loaded shared library C:\Users\anqwe\.jdks\temurin-25.0.3\bin\net.dll
Event: 0.139 Loaded shared library C:\Users\anqwe\.jdks\temurin-25.0.3\bin\nio.dll
Event: 0.146 Loaded shared library C:\Users\anqwe\.jdks\temurin-25.0.3\bin\zip.dll
Event: 0.166 Loaded shared library C:\Users\anqwe\.jdks\temurin-25.0.3\bin\jimage.dll
Event: 0.213 Loaded shared library C:\Users\anqwe\.jdks\temurin-25.0.3\bin\extnet.dll
Event: 0.225 Loaded shared library C:\Users\anqwe\.jdks\temurin-25.0.3\bin\management.dll
Event: 0.244 Loaded shared library C:\Users\anqwe\.jdks\temurin-25.0.3\bin\management_ext.dll
Event: 0.252 Loaded shared library C:\Users\anqwe\AppData\Local\Temp\libgdxanqwe\2a9d7f76\gdx64.dll
Event: 0.326 Loaded shared library C:\Users\anqwe\AppData\Local\Temp\lwjgl_anqwe\3.3.3+5\x64\lwjgl.dll
Event: 0.847 Loaded shared library C:\Users\anqwe\AppData\Local\Temp\lwjgl_anqwe\3.3.3+5\x64\lwjgl_opengl.dll
Event: 1.258 Loaded shared library C:\Users\anqwe\AppData\Local\Temp\libgdxanqwe\5980c506\gdx-freetype64.dll

Deoptimization events (20 events):
Event: 50.745 Thread 0x000001f559aa9930 DEOPT PACKING pc=0x000001f564e8140f sp=0x00000025c64fec70
Event: 50.745 Thread 0x000001f559aa9930 DEOPT UNPACKING pc=0x000001f56bf812a2 sp=0x00000025c64fe178 mode 0
Event: 50.746 Thread 0x000001f559aa9930 DEOPT PACKING pc=0x000001f564e8140f sp=0x00000025c64fec70
Event: 50.746 Thread 0x000001f559aa9930 DEOPT UNPACKING pc=0x000001f56bf812a2 sp=0x00000025c64fe178 mode 0
Event: 50.747 Thread 0x000001f559aa9930 DEOPT PACKING pc=0x000001f564e8140f sp=0x00000025c64fec70
Event: 50.747 Thread 0x000001f559aa9930 DEOPT UNPACKING pc=0x000001f56bf812a2 sp=0x00000025c64fe178 mode 0
Event: 50.747 Thread 0x000001f559aa9930 DEOPT PACKING pc=0x000001f564e8140f sp=0x00000025c64fec70
Event: 50.747 Thread 0x000001f559aa9930 DEOPT UNPACKING pc=0x000001f56bf812a2 sp=0x00000025c64fe178 mode 0
Event: 58.196 Thread 0x000001f559aa9930 Uncommon trap: trap_request=0xffffff45 fr.pc=0x000001f56c83a0e0 relative=0x00000000000003e0
Event: 58.196 Thread 0x000001f559aa9930 Uncommon trap: reason=unstable_if action=reinterpret pc=0x000001f56c83a0e0 method=com.badlogic.gdx.InputEventQueue.next(II)I @ 41 c2
Event: 58.196 Thread 0x000001f559aa9930 DEOPT PACKING pc=0x000001f56c83a0e0 sp=0x00000025c64fe560
Event: 58.196 Thread 0x000001f559aa9930 DEOPT UNPACKING pc=0x000001f56c062102 sp=0x00000025c64fe4f0 mode 2
Event: 60.594 Thread 0x000001f57ca8ccd0 Uncommon trap: trap_request=0xffffff6e fr.pc=0x000001f56c7ad1a4 relative=0x0000000000000124
Event: 60.594 Thread 0x000001f57ca8ccd0 Uncommon trap: reason=predicate action=maybe_recompile pc=0x000001f56c7ad1a4 method=java.util.Arrays.fill([Ljava/lang/Object;IILjava/lang/Object;)V @ 13 c2
Event: 60.594 Thread 0x000001f57ca8ccd0 DEOPT PACKING pc=0x000001f56c7ad1a4 sp=0x00000025c83fe510
Event: 60.594 Thread 0x000001f57ca8ccd0 DEOPT UNPACKING pc=0x000001f56c062102 sp=0x00000025c83fe4c0 mode 2
Event: 83.627 Thread 0x000001f57d93e660 Uncommon trap: trap_request=0xffffffde fr.pc=0x000001f56c7c1f24 relative=0x0000000000000324
Event: 83.627 Thread 0x000001f57d93e660 Uncommon trap: reason=class_check action=maybe_recompile pc=0x000001f56c7c1f24 method=java.util.ArrayList.<init>(Ljava/util/Collection;)V @ 5 c2
Event: 83.627 Thread 0x000001f57d93e660 DEOPT PACKING pc=0x000001f56c7c1f24 sp=0x00000025c62ff4a0
Event: 83.627 Thread 0x000001f57d93e660 DEOPT UNPACKING pc=0x000001f56c062102 sp=0x00000025c62ff478 mode 2

Classes loaded (20 events):
Event: 2.713 Loading class java/io/PushbackInputStream
Event: 2.713 Loading class java/io/PushbackInputStream done
Event: 2.714 Loading class java/io/InvalidObjectException
Event: 2.715 Loading class java/io/InvalidObjectException done
Event: 2.715 Loading class java/io/InvalidClassException
Event: 2.715 Loading class java/io/InvalidClassException done
Event: 2.715 Loading class java/lang/ExceptionInInitializerError
Event: 2.715 Loading class java/lang/ExceptionInInitializerError done
Event: 3.578 Loading class java/util/Formatter$FormatSpecifierParser
Event: 3.578 Loading class java/util/Formatter$FormatSpecifierParser done
Event: 3.578 Loading class jdk/internal/math/FormattedFPDecimal
Event: 3.578 Loading class jdk/internal/math/FormattedFPDecimal done
Event: 3.580 Loading class sun/util/resources/LocaleData$CommonResourceBundleProvider
Event: 3.580 Loading class sun/util/resources/LocaleData$LocaleDataResourceBundleProvider
Event: 3.580 Loading class java/util/spi/ResourceBundleProvider
Event: 3.580 Loading class java/util/spi/ResourceBundleProvider done
Event: 3.580 Loading class sun/util/resources/LocaleData$LocaleDataResourceBundleProvider done
Event: 3.580 Loading class sun/util/resources/LocaleData$CommonResourceBundleProvider done
Event: 83.625 Loading class jdk/internal/misc/Signal$1
Event: 83.626 Loading class jdk/internal/misc/Signal$1 done

Classes unloaded (0 events):
No events

Classes redefined (0 events):
No events

Internal exceptions (20 events):
Event: 3.560 Thread 0x000001f559aa9930 Exception <a 'java/lang/NoSuchMethodError'{0x0000000714097c00}: 'java.lang.Object java.lang.invoke.DirectMethodHandle$Holder.newInvokeSpecial(java.lang.Object, float)'> (0x0000000714097c00) 
thrown [s\src\hotspot\share\interpreter\linkResolver.cpp, line 804]
Event: 50.491 Thread 0x000001f559aa9930 Exception <a 'java/io/FileNotFoundException'{0x000000070fff9ef0}> (0x000000070fff9ef0) 
thrown [s\src\hotspot\share\prims\jni.cpp, line 516]
Event: 50.500 Thread 0x000001f559aa9930 Exception <a 'java/io/FileNotFoundException'{0x000000070fc47308}> (0x000000070fc47308) 
thrown [s\src\hotspot\share\prims\jni.cpp, line 516]
Event: 50.575 Thread 0x000001f559aa9930 Exception <a 'java/io/FileNotFoundException'{0x000000070fa41018}> (0x000000070fa41018) 
thrown [s\src\hotspot\share\prims\jni.cpp, line 516]
Event: 50.587 Thread 0x000001f559aa9930 Exception <a 'java/io/FileNotFoundException'{0x000000070fa731b0}> (0x000000070fa731b0) 
thrown [s\src\hotspot\share\prims\jni.cpp, line 516]
Event: 50.593 Thread 0x000001f559aa9930 Exception <a 'java/io/FileNotFoundException'{0x000000070faa04e0}> (0x000000070faa04e0) 
thrown [s\src\hotspot\share\prims\jni.cpp, line 516]
Event: 50.598 Thread 0x000001f559aa9930 Exception <a 'java/io/FileNotFoundException'{0x000000070fac5a68}> (0x000000070fac5a68) 
thrown [s\src\hotspot\share\prims\jni.cpp, line 516]
Event: 50.603 Thread 0x000001f559aa9930 Exception <a 'java/io/FileNotFoundException'{0x000000070faef0e8}> (0x000000070faef0e8) 
thrown [s\src\hotspot\share\prims\jni.cpp, line 516]
Event: 50.623 Thread 0x000001f559aa9930 Exception <a 'java/io/FileNotFoundException'{0x000000070fb40ec8}> (0x000000070fb40ec8) 
thrown [s\src\hotspot\share\prims\jni.cpp, line 516]
Event: 50.633 Thread 0x000001f559aa9930 Exception <a 'java/io/FileNotFoundException'{0x000000070fb73060}> (0x000000070fb73060) 
thrown [s\src\hotspot\share\prims\jni.cpp, line 516]
Event: 50.639 Thread 0x000001f559aa9930 Exception <a 'java/io/FileNotFoundException'{0x000000070fba1ab8}> (0x000000070fba1ab8) 
thrown [s\src\hotspot\share\prims\jni.cpp, line 516]
Event: 50.644 Thread 0x000001f559aa9930 Exception <a 'java/io/FileNotFoundException'{0x000000070fbc7040}> (0x000000070fbc7040) 
thrown [s\src\hotspot\share\prims\jni.cpp, line 516]
Event: 50.650 Thread 0x000001f559aa9930 Exception <a 'java/io/FileNotFoundException'{0x000000070fbf06c0}> (0x000000070fbf06c0) 
thrown [s\src\hotspot\share\prims\jni.cpp, line 516]
Event: 50.671 Thread 0x000001f559aa9930 Exception <a 'java/io/FileNotFoundException'{0x000000070f844a00}> (0x000000070f844a00) 
thrown [s\src\hotspot\share\prims\jni.cpp, line 516]
Event: 50.679 Thread 0x000001f559aa9930 Exception <a 'java/io/FileNotFoundException'{0x000000070f8704f8}> (0x000000070f8704f8) 
thrown [s\src\hotspot\share\prims\jni.cpp, line 516]
Event: 50.705 Thread 0x000001f559aa9930 Exception <a 'java/io/FileNotFoundException'{0x000000070f8c5c80}> (0x000000070f8c5c80) 
thrown [s\src\hotspot\share\prims\jni.cpp, line 516]
Event: 50.711 Thread 0x000001f559aa9930 Exception <a 'java/io/FileNotFoundException'{0x000000070f8ec3e0}> (0x000000070f8ec3e0) 
thrown [s\src\hotspot\share\prims\jni.cpp, line 516]
Event: 50.716 Thread 0x000001f559aa9930 Exception <a 'java/io/FileNotFoundException'{0x000000070f90d320}> (0x000000070f90d320) 
thrown [s\src\hotspot\share\prims\jni.cpp, line 516]
Event: 50.901 Thread 0x000001f559aa9930 Exception <a 'java/io/FileNotFoundException'{0x000000070f5b4cb0}> (0x000000070f5b4cb0) 
thrown [s\src\hotspot\share\prims\jni.cpp, line 516]
Event: 50.907 Thread 0x000001f559aa9930 Exception <a 'java/io/FileNotFoundException'{0x000000070f5d7658}> (0x000000070f5d7658) 
thrown [s\src\hotspot\share\prims\jni.cpp, line 516]

VM Operations (20 events):
Event: 70.409 Executing safepoint VM operation: G1CollectForAllocation (G1 Evacuation Pause) done
Event: 71.734 Executing safepoint VM operation: G1CollectForAllocation (G1 Evacuation Pause)
Event: 71.735 Executing safepoint VM operation: G1CollectForAllocation (G1 Evacuation Pause) done
Event: 73.103 Executing safepoint VM operation: G1CollectForAllocation (G1 Evacuation Pause)
Event: 73.104 Executing safepoint VM operation: G1CollectForAllocation (G1 Evacuation Pause) done
Event: 74.477 Executing safepoint VM operation: G1CollectForAllocation (G1 Evacuation Pause)
Event: 74.478 Executing safepoint VM operation: G1CollectForAllocation (G1 Evacuation Pause) done
Event: 75.843 Executing safepoint VM operation: G1CollectForAllocation (G1 Evacuation Pause)
Event: 75.844 Executing safepoint VM operation: G1CollectForAllocation (G1 Evacuation Pause) done
Event: 77.281 Executing safepoint VM operation: G1CollectForAllocation (G1 Evacuation Pause)
Event: 77.282 Executing safepoint VM operation: G1CollectForAllocation (G1 Evacuation Pause) done
Event: 78.648 Executing safepoint VM operation: G1CollectForAllocation (G1 Evacuation Pause)
Event: 78.649 Executing safepoint VM operation: G1CollectForAllocation (G1 Evacuation Pause) done
Event: 80.018 Executing safepoint VM operation: G1CollectForAllocation (G1 Evacuation Pause)
Event: 80.019 Executing safepoint VM operation: G1CollectForAllocation (G1 Evacuation Pause) done
Event: 81.402 Executing safepoint VM operation: G1CollectForAllocation (G1 Evacuation Pause)
Event: 81.403 Executing safepoint VM operation: G1CollectForAllocation (G1 Evacuation Pause) done
Event: 82.829 Executing safepoint VM operation: G1CollectForAllocation (G1 Evacuation Pause)
Event: 82.829 Executing safepoint VM operation: G1CollectForAllocation (G1 Evacuation Pause) done
Event: 83.628 Executing safepoint VM operation: Exit

Memory protections (0 events):
No events

Nmethod flushes (0 events):
No events

Events (20 events):
Event: 6.281 Thread 0x000001f57c4a31c0 Thread added: 0x000001f50bf97330
Event: 8.546 Thread 0x000001f50bf97330 Thread exited: 0x000001f50bf97330
Event: 8.546 Thread 0x000001f57c4a31c0 Thread exited: 0x000001f57c4a31c0
Event: 8.546 Thread 0x000001f57c46d850 Thread exited: 0x000001f57c46d850
Event: 26.014 Thread 0x000001f57baf4630 Thread added: 0x000001f50bf97b40
Event: 26.208 Thread 0x000001f50bf97b40 Thread exited: 0x000001f50bf97b40
Event: 33.818 Thread 0x000001f57bb1d5a0 Thread added: 0x000001f50bf98350
Event: 33.818 Thread 0x000001f57bb1d5a0 Thread added: 0x000001f50bf97330
Event: 34.386 Thread 0x000001f50bf97330 Thread exited: 0x000001f50bf97330
Event: 34.386 Thread 0x000001f50bf98350 Thread exited: 0x000001f50bf98350
Event: 46.859 Thread 0x000001f57baf4630 Thread added: 0x000001f50bf97330
Event: 46.859 Thread 0x000001f57baf4630 Thread added: 0x000001f50bf99b80
Event: 47.932 Thread 0x000001f50bf99b80 Thread exited: 0x000001f50bf99b80
Event: 47.935 Thread 0x000001f50bf97330 Thread exited: 0x000001f50bf97330
Event: 66.813 Thread 0x000001f57baf4630 Thread added: 0x000001f50bf97330
Event: 68.811 Thread 0x000001f50bf97330 Thread exited: 0x000001f50bf97330
Event: 83.626 Thread 0x000001f57baef0a0 Thread added: 0x000001f57ca857a0
Event: 83.627 Thread 0x000001f57ca857a0 Thread added: 0x000001f57d93e660
Event: 83.627 Thread 0x000001f57d93e660 Thread exited: 0x000001f57d93e660
Event: 83.627 Thread 0x000001f57ca857a0 Before exit entered


Dynamic libraries:
0x00007ff6a02b0000 - 0x00007ff6a02be000 	C:\Users\anqwe\.jdks\temurin-25.0.3\bin\java.exe
0x00007ffe263a0000 - 0x00007ffe26606000 	C:\WINDOWS\SYSTEM32\ntdll.dll
0x00007ffe26280000 - 0x00007ffe26349000 	C:\WINDOWS\System32\KERNEL32.DLL
0x00007ffe238e0000 - 0x00007ffe23cda000 	C:\WINDOWS\System32\KERNELBASE.dll
0x00007ffe23ce0000 - 0x00007ffe23e2c000 	C:\WINDOWS\System32\ucrtbase.dll
0x00007ffe1ff10000 - 0x00007ffe1ff26000 	C:\Users\anqwe\.jdks\temurin-25.0.3\bin\jli.dll
0x00007ffe10aa0000 - 0x00007ffe10abe000 	C:\Users\anqwe\.jdks\temurin-25.0.3\bin\VCRUNTIME140.dll
0x00007ffe245e0000 - 0x00007ffe247a7000 	C:\WINDOWS\System32\USER32.dll
0x00007ffe23e30000 - 0x00007ffe23e57000 	C:\WINDOWS\System32\win32u.dll
0x00007ffe24110000 - 0x00007ffe2413b000 	C:\WINDOWS\System32\GDI32.dll
0x00007ffdfddd0000 - 0x00007ffdfe062000 	C:\WINDOWS\WinSxS\amd64_microsoft.windows.common-controls_6595b64144ccf1df_6.0.26100.8521_none_3e08b75ce33403b3\COMCTL32.dll
0x00007ffe23fe0000 - 0x00007ffe2410b000 	C:\WINDOWS\System32\gdi32full.dll
0x00007ffe242a0000 - 0x00007ffe24349000 	C:\WINDOWS\System32\msvcrt.dll
0x00007ffe23830000 - 0x00007ffe238d3000 	C:\WINDOWS\System32\msvcp_win.dll
0x00007ffe25880000 - 0x00007ffe258b2000 	C:\WINDOWS\System32\IMM32.DLL
0x00007ffe1ff00000 - 0x00007ffe1ff0c000 	C:\Users\anqwe\.jdks\temurin-25.0.3\bin\vcruntime140_1.dll
0x00007ffdf4e90000 - 0x00007ffdf4f1d000 	C:\Users\anqwe\.jdks\temurin-25.0.3\bin\msvcp140.dll
0x00007ffd72b60000 - 0x00007ffd73a8a000 	C:\Users\anqwe\.jdks\temurin-25.0.3\bin\server\jvm.dll
0x00007ffe247b0000 - 0x00007ffe24866000 	C:\WINDOWS\System32\ADVAPI32.dll
0x00007ffe25d50000 - 0x00007ffe25dfa000 	C:\WINDOWS\System32\sechost.dll
0x00007ffe24c70000 - 0x00007ffe24d88000 	C:\WINDOWS\System32\RPCRT4.dll
0x00007ffe25fc0000 - 0x00007ffe26040000 	C:\WINDOWS\System32\WS2_32.dll
0x00007ffe232e0000 - 0x00007ffe2333e000 	C:\WINDOWS\SYSTEM32\POWRPROF.dll
0x00007ffe16540000 - 0x00007ffe16576000 	C:\WINDOWS\SYSTEM32\WINMM.dll
0x00007ffe1c090000 - 0x00007ffe1c09b000 	C:\WINDOWS\SYSTEM32\VERSION.dll
0x00007ffe232c0000 - 0x00007ffe232d4000 	C:\WINDOWS\SYSTEM32\UMPDC.dll
0x00007ffe22380000 - 0x00007ffe2239b000 	C:\WINDOWS\SYSTEM32\kernel.appcore.dll
0x00007ffe1eb80000 - 0x00007ffe1eb8a000 	C:\Users\anqwe\.jdks\temurin-25.0.3\bin\jimage.dll
0x00007ffe20d20000 - 0x00007ffe20f62000 	C:\WINDOWS\SYSTEM32\DBGHELP.DLL
0x00007ffe24870000 - 0x00007ffe24bf3000 	C:\WINDOWS\System32\combase.dll
0x00007ffe25790000 - 0x00007ffe25869000 	C:\WINDOWS\System32\OLEAUT32.dll
0x00007ffdf4920000 - 0x00007ffdf495b000 	C:\WINDOWS\SYSTEM32\dbgcore.DLL
0x00007ffe23630000 - 0x00007ffe236d8000 	C:\WINDOWS\System32\bcryptPrimitives.dll
0x00007ffe1eb50000 - 0x00007ffe1eb5f000 	C:\Users\anqwe\.jdks\temurin-25.0.3\bin\instrument.dll
0x00007ffdfc100000 - 0x00007ffdfc11e000 	C:\Users\anqwe\.jdks\temurin-25.0.3\bin\java.dll
0x00007ffe25e20000 - 0x00007ffe25fb8000 	C:\WINDOWS\System32\ole32.dll
0x00007ffe24d90000 - 0x00007ffe25514000 	C:\WINDOWS\System32\SHELL32.dll
0x00007ffe211d0000 - 0x00007ffe21a50000 	C:\WINDOWS\SYSTEM32\windows.storage.dll
0x00007ffe24140000 - 0x00007ffe24236000 	C:\WINDOWS\System32\SHCORE.dll
0x00007ffe24c00000 - 0x00007ffe24c67000 	C:\WINDOWS\System32\shlwapi.dll
0x00007ffe23550000 - 0x00007ffe23579000 	C:\WINDOWS\SYSTEM32\profapi.dll
0x00007ffdf5790000 - 0x00007ffdf57a6000 	C:\Users\anqwe\.jdks\temurin-25.0.3\bin\zip.dll
0x00007ffdf9f90000 - 0x00007ffdf9fa1000 	C:\Users\anqwe\.jdks\temurin-25.0.3\bin\net.dll
0x00007ffe228d0000 - 0x00007ffe2293c000 	C:\WINDOWS\system32\mswsock.dll
0x00007ffdf6d20000 - 0x00007ffdf6d36000 	C:\Users\anqwe\.jdks\temurin-25.0.3\bin\nio.dll
0x00007ffe21da0000 - 0x00007ffe21eea000 	C:\WINDOWS\SYSTEM32\DNSAPI.dll
0x00007ffe226f0000 - 0x00007ffe226fd000 	C:\WINDOWS\SYSTEM32\DSPARSE.dll
0x00007ffe21d60000 - 0x00007ffe21d93000 	C:\WINDOWS\SYSTEM32\IPHLPAPI.DLL
0x00007ffe25520000 - 0x00007ffe2552a000 	C:\WINDOWS\System32\NSI.dll
0x00007ffe1c820000 - 0x00007ffe1c829000 	C:\Users\anqwe\.jdks\temurin-25.0.3\bin\extnet.dll
0x00007ffe1b9b0000 - 0x00007ffe1b9bb000 	C:\Windows\System32\rasadhlp.dll
0x00007ffe19bf0000 - 0x00007ffe19c76000 	C:\WINDOWS\System32\fwpuclnt.dll
0x00007ffe1c800000 - 0x00007ffe1c80a000 	C:\Users\anqwe\.jdks\temurin-25.0.3\bin\management.dll
0x00007ffe1bc30000 - 0x00007ffe1bc3c000 	C:\Users\anqwe\.jdks\temurin-25.0.3\bin\management_ext.dll
0x00007ffe26350000 - 0x00007ffe26358000 	C:\WINDOWS\System32\PSAPI.DLL
0x000000006e700000 - 0x000000006e72d000 	C:\Users\anqwe\AppData\Local\Temp\libgdxanqwe\2a9d7f76\gdx64.dll
0x00007ffdeb470000 - 0x00007ffdeb4eb000 	C:\Users\anqwe\AppData\Local\Temp\lwjgl_anqwe\3.3.3+5\x64\lwjgl.dll
0x00007ffd5f4c0000 - 0x00007ffd5f730000 	C:\Users\anqwe\AppData\Local\Temp\lwjgl_anqwe\3.3.3+5\x64\jemalloc.dll
0x00007ffdeb3e0000 - 0x00007ffdeb462000 	C:\Users\anqwe\AppData\Local\Temp\lwjgl_anqwe\3.3.3+5\x64\glfw.dll
0x00007ffe22cd0000 - 0x00007ffe22ceb000 	C:\WINDOWS\SYSTEM32\CRYPTSP.dll
0x00007ffe222e0000 - 0x00007ffe22319000 	C:\WINDOWS\system32\rsaenh.dll
0x00007ffe22980000 - 0x00007ffe229b3000 	C:\WINDOWS\SYSTEM32\USERENV.dll
0x00007ffdfbc20000 - 0x00007ffdfbc6b000 	C:\WINDOWS\SYSTEM32\dinput8.dll
0x00007ffe23520000 - 0x00007ffe2354a000 	C:\WINDOWS\SYSTEM32\bcrypt.dll
0x00007ffdf4330000 - 0x00007ffdf434c000 	C:\WINDOWS\SYSTEM32\xinput1_4.dll
0x00007ffe23200000 - 0x00007ffe23251000 	C:\WINDOWS\SYSTEM32\cfgmgr32.dll
0x00007ffe23260000 - 0x00007ffe2328d000 	C:\WINDOWS\SYSTEM32\DEVOBJ.dll
0x00007ffe22b30000 - 0x00007ffe22b3c000 	C:\WINDOWS\SYSTEM32\CRYPTBASE.dll
0x00007ffe20920000 - 0x00007ffe2094f000 	C:\WINDOWS\SYSTEM32\dwmapi.dll
0x00007ffdfa7a0000 - 0x00007ffdfa985000 	C:\WINDOWS\SYSTEM32\inputhost.dll
0x00007ffe1fc10000 - 0x00007ffe1fd35000 	C:\WINDOWS\SYSTEM32\CoreMessaging.dll
0x00007ffe20280000 - 0x00007ffe2032a000 	C:\WINDOWS\system32\uxtheme.dll
0x00007ffe26050000 - 0x00007ffe261ad000 	C:\WINDOWS\System32\MSCTF.dll
0x00007ffdd4730000 - 0x00007ffdd4748000 	C:\WINDOWS\system32\napinsp.dll
0x00007ffdcd430000 - 0x00007ffdcd443000 	C:\WINDOWS\System32\winrnr.dll
0x00007ffdcd780000 - 0x00007ffdcd7a2000 	C:\WINDOWS\system32\nlansp_c.dll
0x00007ffe1b180000 - 0x00007ffe1b196000 	C:\WINDOWS\system32\wshbth.dll
0x00007ffd80b10000 - 0x00007ffd80cd7000 	C:\Users\anqwe\AppData\Local\Temp\lwjgl_anqwe\3.3.3+5\x64\OpenAL.dll
0x00007ffe256c0000 - 0x00007ffe2576e000 	C:\WINDOWS\System32\clbcatq.dll
0x00007ffe1ae30000 - 0x00007ffe1aed3000 	C:\WINDOWS\System32\MMDevApi.dll
0x00007ffe184e0000 - 0x00007ffe18694000 	C:\WINDOWS\SYSTEM32\AUDIOSES.DLL
0x00007ffe209a0000 - 0x00007ffe209b4000 	C:\WINDOWS\SYSTEM32\resourcepolicyclient.dll
0x00007ffde94c0000 - 0x00007ffde95cc000 	C:\WINDOWS\SYSTEM32\opengl32.dll
0x00007ffdecd40000 - 0x00007ffdecd6d000 	C:\WINDOWS\SYSTEM32\GLU32.dll
0x00007ffe20440000 - 0x00007ffe20484000 	C:\WINDOWS\SYSTEM32\dxcore.dll
0x00007ffe0ca20000 - 0x00007ffe0ca78000 	C:\WINDOWS\SYSTEM32\pdh.dll
0x00007ffe1a430000 - 0x00007ffe1a48f000 	C:\WINDOWS\SYSTEM32\directxdatabasehelper.dll
0x00007ffe07d10000 - 0x00007ffe07d2d000 	C:\WINDOWS\SYSTEM32\windows.staterepositorycore.dll
0x00007ffd56980000 - 0x00007ffd57a07000 	C:\WINDOWS\System32\DriverStore\FileRepository\iigd_dch.inf_amd64_357acc06f2c40efb\igxelpicd64.dll
0x00007ffe206c0000 - 0x00007ffe207fa000 	C:\WINDOWS\system32\dxgi.dll
0x00007ffd71220000 - 0x00007ffd7135c000 	C:\WINDOWS\System32\DriverStore\FileRepository\iigd_dch.inf_amd64_357acc06f2c40efb\igdml64.dll
0x00007ffe03350000 - 0x00007ffe03759000 	C:\WINDOWS\System32\DriverStore\FileRepository\iigd_dch.inf_amd64_357acc06f2c40efb\igdgmm64.dll
0x00007ffe237a0000 - 0x00007ffe23823000 	C:\WINDOWS\System32\WINTRUST.dll
0x00007ffe23e60000 - 0x00007ffe23fd8000 	C:\WINDOWS\System32\CRYPT32.dll
0x00007ffe22d30000 - 0x00007ffe22d43000 	C:\WINDOWS\SYSTEM32\MSASN1.dll
0x00007ffdfecc0000 - 0x00007ffe03344000 	C:\WINDOWS\System32\DriverStore\FileRepository\iigd_dch.inf_amd64_357acc06f2c40efb\igc64.dll
0x00007ffd9e180000 - 0x00007ffd9e1de000 	C:\Users\anqwe\AppData\Local\Temp\lwjgl_anqwe\3.3.3+5\x64\lwjgl_opengl.dll
0x00007ffe0fac0000 - 0x00007ffe0fc08000 	C:\WINDOWS\SYSTEM32\textinputframework.dll
0x00007ffe08a90000 - 0x00007ffe08d74000 	C:\WINDOWS\SYSTEM32\CoreUIComponents.dll
0x00007ffe1ced0000 - 0x00007ffe1d03a000 	C:\WINDOWS\SYSTEM32\wintypes.dll
0x000000006a340000 - 0x000000006a3f4000 	C:\Users\anqwe\AppData\Local\Temp\libgdxanqwe\5980c506\gdx-freetype64.dll
0x00007ffdfd5c0000 - 0x00007ffdfd5d2000 	C:\WINDOWS\System32\perfproc.dll
0x00007ffdfd5a0000 - 0x00007ffdfd5b1000 	C:\WINDOWS\System32\perfos.dll
0x00007ffe20240000 - 0x00007ffe20252000 	C:\WINDOWS\SYSTEM32\pfclient.dll

JVMTI agents:
C:\Program Files\JetBrains\IntelliJ IDEA 2026.1.2\lib\idea_rt.jar path:C:\Users\anqwe\.jdks\temurin-25.0.3\bin\instrument.dll, loaded, initialized, instrumentlib options:62104

dbghelp: loaded successfully - version: 4.0.5 - missing functions: none
symbol engine: initialized successfully - sym options: 0x614 - pdb path: .;C:\Users\anqwe\.jdks\temurin-25.0.3\bin;C:\WINDOWS\SYSTEM32;C:\WINDOWS\WinSxS\amd64_microsoft.windows.common-controls_6595b64144ccf1df_6.0.26100.8521_none_3e08b75ce33403b3;C:\Users\anqwe\.jdks\temurin-25.0.3\bin\server;C:\Users\anqwe\AppData\Local\Temp\libgdxanqwe\2a9d7f76;C:\Users\anqwe\AppData\Local\Temp\lwjgl_anqwe\3.3.3+5\x64;C:\WINDOWS\System32\DriverStore\FileRepository\iigd_dch.inf_amd64_357acc06f2c40efb;C:\Users\anqwe\AppData\Local\Temp\libgdxanqwe\5980c506

VM Arguments:
jvm_args: -javaagent:C:\Program Files\JetBrains\IntelliJ IDEA 2026.1.2\lib\idea_rt.jar=62104 -Dfile.encoding=UTF-8 -Dsun.stdout.encoding=UTF-8 -Dsun.stderr.encoding=UTF-8 
java_command: com.spacefarm.DesktopLauncher
java_class_path (initial): E:\NAUKMA\game\space-farm\target\classes;C:\Users\anqwe\.m2\repository\com\badlogicgames\gdx\gdx\1.12.1\gdx-1.12.1.jar;C:\Users\anqwe\.m2\repository\com\badlogicgames\gdx\gdx-jnigen-loader\2.3.1\gdx-jnigen-loader-2.3.1.jar;C:\Users\anqwe\.m2\repository\com\badlogicgames\gdx\gdx-backend-lwjgl3\1.12.1\gdx-backend-lwjgl3-1.12.1.jar;C:\Users\anqwe\.m2\repository\org\lwjgl\lwjgl\3.3.3\lwjgl-3.3.3.jar;C:\Users\anqwe\.m2\repository\org\lwjgl\lwjgl\3.3.3\lwjgl-3.3.3-natives-linux.jar;C:\Users\anqwe\.m2\repository\org\lwjgl\lwjgl\3.3.3\lwjgl-3.3.3-natives-linux-arm32.jar;C:\Users\anqwe\.m2\repository\org\lwjgl\lwjgl\3.3.3\lwjgl-3.3.3-natives-linux-arm64.jar;C:\Users\anqwe\.m2\repository\org\lwjgl\lwjgl\3.3.3\lwjgl-3.3.3-natives-macos.jar;C:\Users\anqwe\.m2\repository\org\lwjgl\lwjgl\3.3.3\lwjgl-3.3.3-natives-macos-arm64.jar;C:\Users\anqwe\.m2\repository\org\lwjgl\lwjgl\3.3.3\lwjgl-3.3.3-natives-windows.jar;C:\Users\anqwe\.m2\repository\org\lwjgl\lwjgl\3.3.3\lwjgl-3.3.3-natives-windows-x86.jar;C:\Users\anqwe\.m2\repository\org\lwjgl\lwjgl-glfw\3.3.3\lwjgl-glfw-3.3.3.jar;C:\Users\anqwe\.m2\repository\org\lwjgl\lwjgl-glfw\3.3.3\lwjgl-glfw-3.3.3-natives-linux.jar;C:\Users\anqwe\.m2\repository\org\lwjgl\lwjgl-glfw\3.3.3\lwjgl-glfw-3.3.3-natives-linux-arm32.jar;C:\Users\anqwe\.m2\repository\org\lwjgl\lwjgl-glfw\3.3.3\lwjgl-glfw-3.3.3-natives-linux-arm64.jar;C:\Users\anqwe\.m2\repository\org\lwjgl\lwjgl-glfw\3.3.3\lwjgl-glfw-3.3.3-natives-macos.jar;C:\Users\anqwe\.m2\repository\org\lwjgl\lwjgl-glfw\3.3.3\lwjgl-glfw-3.3.3-natives-macos-arm64.jar;C:\Users\anqwe\.m2\repository\org\lwjgl\lwjgl-glfw\3.3.3\lwjgl-glfw-3.3.3-natives-windows.jar;C:\Users\anqwe\.m2\repository\org\lwjgl\lwjgl-glfw\3.3.3\lwjgl-glfw-3.3.3-natives-windows-x86.jar;C:\Users\anqwe\.m2\repository\org\lwjgl\lwjgl-jemalloc\3.3.3\lwjgl-jemalloc-3.3.3.jar;C:\Users\anqwe\.m2\repository\org\lwjgl\lwjgl-jemalloc\3.3.3\lwjgl-jemalloc-3.3.3-natives-linux.jar;C:\Users\anqwe\.m2\repository\org\lwjgl\lwjgl-jemalloc\3.3.3\lwjgl-jemalloc-3.3.3-natives-linux-arm32.jar;C:\Users\anqwe\.m2\repository\org\lwjgl\lwjgl-jemalloc\3.3.3\lwjgl-jemalloc-3.3.3-natives-linux-arm64.jar;C:\Users\anqwe\.m2\repository\org\lwjgl\lwjgl-jemalloc\3.3.3\lwjgl-jemalloc-3.3.3-natives-macos.jar;C:\Users\anqwe\.m2\repository\org\lwjgl\lwjgl-jemalloc\3.3.3\lwjgl-jemalloc-3.3.3-natives-macos-arm64.jar;C:\Users\anqwe\.m2\repository\org\lwjgl\lwjgl-jemalloc\3.3.3\lwjgl-jemalloc-3.3.3-natives-windows.jar;C:\Users\anqwe\.m2\repository\org\lwjgl\lwjgl-jemalloc\3.3.3\lwjgl-jemalloc-3.3.3-natives-windows-x86.jar;C:\Users\anqwe\.m2\repository\org\lwjgl\lwjgl-openal\3.3.3\lwjgl-openal-3.3.3.jar;C:\Users\anqwe\.m2\repository\org\lwjgl\lwjgl-openal\3.3.3\lwjgl-openal-3.3.3-natives-linux.jar;C:\Users\anqwe\.m2\repository\org\lwjgl\lwjgl-openal\3.3.3\lwjgl-openal-3.3.3-natives-linux-arm32.jar;C:\Users\anqwe\.m2\repository\org\lwjgl\lwjgl-openal\3.3.3\lwjgl-openal-3.3.3-natives-linux-arm64.jar;C:\Users\anqwe\.m2\repository\org\lwjgl\lwjgl-openal\3.3.3\lwjgl-openal-3.3.3-natives-macos.jar;C:\Users\anqwe\.m2\repository\org\lwjgl\lwjgl-openal\3.3.3\lwjgl-openal-3.3.3-natives-macos-arm64.jar;C:\Users\anqwe\.m2\repository\org\lwjgl\lwjgl-openal\3.3.3\lwjgl-openal-3.3.3-natives-windows.jar;C:\Users\anqwe\.m2\repository\org\lwjgl\lwjgl-openal\3.3.3\lwjgl-openal-3.3.3-natives-windows-x86.jar;C:\Users\anqwe\.m2\repository\org\lwjgl\lwjgl-opengl\3.3.3\lwjgl-opengl-3.3.3.jar;C:\Users\anqwe\.m2\repository\org\lwjgl\lwjgl-opengl\3.3.3\lwjgl-opengl-3.3.3-natives-linux.jar;C:\Users\anqwe\.m2\repository\org\lwjgl\lwjgl-opengl\3.3.3\lwjgl-opengl-3.3.3-natives-linux-arm32.jar;C:\Users\anqwe\.m2\repository\org\lwjgl\lwjgl-opengl\3.3.3\lwjgl-opengl-3.3.3-natives-linux-arm64.jar;C:\Users\anqwe\.m2\repository\org\lwjgl\lwjgl-opengl\3.3.3\lwjgl-opengl-3.3.3-natives-macos.jar;C:\Users\anqwe\.m2\repository\org\lwjgl\lwjgl-opengl\3.3.3\lwjgl-opengl-3.3.3-natives-macos-arm64.jar;C:\Users\anqwe\.m2\repository\org\lwjgl\lwjgl-opengl\3.3.3\lwjgl-opengl-3.3.3-natives-windows.jar;C:\Users\anqwe\.m2\repository\org\lwjgl\lwjgl-opengl\3.3.3\lwjgl-opengl-3.3.3-natives-windows-x86.jar;C:\Users\anqwe\.m2\repository\org\lwjgl\lwjgl-stb\3.3.3\lwjgl-stb-3.3.3.jar;C:\Users\anqwe\.m2\repository\org\lwjgl\lwjgl-stb\3.3.3\lwjgl-stb-3.3.3-natives-linux.jar;C:\Users\anqwe\.m2\repository\org\lwjgl\lwjgl-stb\3.3.3\lwjgl-stb-3.3.3-natives-linux-arm32.jar;C:\Users\anqwe\.m2\repository\org\lwjgl\lwjgl-stb\3.3.3\lwjgl-stb-3.3.3-natives-linux-arm64.jar;C:\Users\anqwe\.m2\repository\org\lwjgl\lwjgl-stb\3.3.3\lwjgl-stb-3.3.3-natives-macos.jar;C:\Users\anqwe\.m2\repository\org\lwjgl\lwjgl-stb\3.3.3\lwjgl-stb-3.3.3-natives-macos-arm64.jar;C:\Users\anqwe\.m2\repository\org\lwjgl\lwjgl-stb\3.3.3\lwjgl-stb-3.3.3-natives-windows.jar;C:\Users\anqwe\.m2\repository\org\lwjgl\lwjgl-stb\3.3.3\lwjgl-stb-3.3.3-natives-windows-x86.jar;C:\Users\anqwe\.m2\repository\com\badlogicgames\jlayer\jlayer\1.0.1-gdx\jlayer-1.0.1-gdx.jar;C:\Users\anqwe\.m2\repository\org\jcraft\jorbis\0.0.17\jorbis-0.0.17.jar;C:\Users\anqwe\.m2\repository\com\badlogicgames\gdx\gdx-platform\1.12.1\gdx-platform-1.12.1-natives-desktop.jar;C:\Users\anqwe\.m2\repository\com\badlogicgames\gdx\gdx-freetype\1.12.1\gdx-freetype-1.12.1.jar;C:\Users\anqwe\.m2\repository\com\badlogicgames\gdx\gdx-freetype-platform\1.12.1\gdx-freetype-platform-1.12.1-natives-desktop.jar;C:\Users\anqwe\.m2\repository\com\google\code\gson\gson\2.10.1\gson-2.10.1.jar
Launcher Type: SUN_STANDARD

[Global flags]
     intx CICompilerCount                          = 12                                        {product} {ergonomic}
     uint ConcGCThreads                            = 3                                         {product} {ergonomic}
     uint G1ConcRefinementThreads                  = 13                                        {product} {ergonomic}
   size_t G1HeapRegionSize                         = 2097152                                   {product} {ergonomic}
   size_t InitialHeapSize                          = 264241152                                 {product} {ergonomic}
   size_t MarkStackSize                            = 4194304                                   {product} {ergonomic}
   size_t MarkStackSizeMax                         = 536870912                                 {product} {ergonomic}
   size_t MaxHeapSize                              = 4217372672                                {product} {ergonomic}
   size_t MaxNewSize                               = 2529165312                                {product} {ergonomic}
   size_t MinHeapDeltaBytes                        = 2097152                                   {product} {ergonomic}
   size_t MinHeapSize                              = 8388608                                   {product} {ergonomic}
    uintx NonNMethodCodeHeapSize                   = 7667712                                {pd product} {ergonomic}
    uintx NonProfiledCodeHeapSize                  = 122028032                              {pd product} {ergonomic}
    uintx ProfiledCodeHeapSize                     = 122028032                              {pd product} {ergonomic}
    uintx ReservedCodeCacheSize                    = 251723776                              {pd product} {ergonomic}
     bool SegmentedCodeCache                       = true                                      {product} {ergonomic}
   size_t SoftMaxHeapSize                          = 4217372672                             {manageable} {ergonomic}
     bool UseCompressedOops                        = true                           {product lp64_product} {ergonomic}
     bool UseG1GC                                  = true                                      {product} {ergonomic}
     bool UseLargePagesIndividualAllocation        = false                                  {pd product} {ergonomic}

Logging:
Log output configuration:
 #0: stdout all=off uptime,level,tags foldmultilines=false
 #1: stderr all=off uptime,level,tags foldmultilines=false

Release file:
IMPLEMENTOR="Eclipse Adoptium" 
IMPLEMENTOR_VERSION="Temurin-25.0.3+9" 
JAVA_RUNTIME_VERSION="25.0.3+9-LTS" 
JAVA_VERSION="25.0.3" 
JAVA_VERSION_DATE="2026-04-21" 
LIBC="default" 
MODULES="java.base java.compiler java.datatransfer java.xml java.prefs java.desktop java.instrument java.logging java.management java.security.sasl java.naming java.rmi java.management.rmi java.net.http java.scripting java.security.jgss java.transaction.xa java.sql java.sql.rowset java.xml.crypto java.se java.smartcardio jdk.accessibility jdk.internal.jvmstat jdk.attach jdk.charsets jdk.internal.opt jdk.zipfs jdk.compiler jdk.crypto.cryptoki jdk.crypto.ec jdk.crypto.mscapi jdk.dynalink jdk.internal.ed jdk.editpad jdk.internal.vm.ci jdk.graal.compiler jdk.graal.compiler.management jdk.hotspot.agent jdk.httpserver jdk.incubator.vector jdk.internal.le jdk.internal.md jdk.jartool jdk.javadoc jdk.jcmd jdk.management jdk.management.agent jdk.jconsole jdk.jdeps jdk.jdwp.agent jdk.jdi jdk.jfr jdk.jlink jdk.jpackage jdk.jshell jdk.jsobject jdk.jstatd jdk.localedata jdk.management.jfr jdk.naming.dns jdk.naming.rmi jdk.net jdk.nio.mapmode jdk.sctp jdk.security.auth jdk.security.jgss jdk.unsupported jdk.unsupported.desktop jdk.xml.dom" 
OS_ARCH="x86_64" 
OS_NAME="Windows" 
SOURCE=".:git:cda0a1776184" 
BUILD_SOURCE="git:a612825ee82a20ac872d60958c349854c1f29a8e"
BUILD_SOURCE_REPO="https://github.com/adoptium/temurin-build.git"
SOURCE_REPO="https://github.com/adoptium/jdk25u.git"
FULL_VERSION="25.0.3+9-LTS"
SEMANTIC_VERSION="25.0.3+9"
BUILD_INFO="OS: Windows Server 2022 Version: 10.0"
JVM_VARIANT="Hotspot"
JVM_VERSION="25.0.3+9-LTS"
IMAGE_TYPE="JDK"

Environment Variables:
PATH=C:\Program Files\Common Files\Oracle\Java\javapath;C:\WINDOWS\system32;C:\WINDOWS;C:\WINDOWS\System32\Wbem;C:\WINDOWS\System32\WindowsPowerShell\v1.0\;C:\WINDOWS\System32\OpenSSH\;C:\Program Files\NVIDIA Corporation\NVIDIA App\NvDLISR;C:\Program Files (x86)\NVIDIA Corporation\PhysX\Common;C:\Program Files\dotnet\;C:\Program Files\Git\cmd;C:\Program Files\nodejs\;C:\Users\anqwe\AppData\Local\Microsoft\WindowsApps;C:\Users\anqwe\AppData\Local\Programs\Microsoft VS Code\bin;C:\Users\anqwe\AppData\Roaming\npm
USERNAME=anqwe
OS=Windows_NT
PROCESSOR_IDENTIFIER=Intel64 Family 6 Model 141 Stepping 1, GenuineIntel
TMP=C:\Users\anqwe\AppData\Local\Temp
TEMP=C:\Users\anqwe\AppData\Local\Temp




Compilation memory statistics disabled.

Periodic native trim disabled

---------------  S Y S T E M  ---------------

OS:
 Windows 11 , 64 bit Build 26100 (10.0.26100.8521)
OS uptime: 0 days 5:42 hours
Hyper-V role detected

CPU: total 16 (initial active 16) (8 cores per cpu, 2 threads per core) family 6 model 141 stepping 1 microcode 0x26, cx8, cmov, fxsr, ht, mmx, 3dnowpref, sse, sse2, sse3, ssse3, sse4.1, sse4.2, popcnt, lzcnt, tsc, tscinvbit, avx, avx2, aes, erms, clmul, bmi1, bmi2, adx, avx512f, avx512dq, avx512cd, avx512bw, avx512vl, sha, fma, vzeroupper, avx512_vpopcntdq, avx512_vpclmulqdq, avx512_vaes, avx512_vnni, clflush, clflushopt, clwb, avx512_vbmi2, avx512_vbmi, hv, rdtscp, rdpid, fsrm, gfni, avx512_bitalg, f16c, cet_ibt, cet_ss, avx512_ifma
Processor Information for the first 16 processors :
  Max Mhz: 2301, Current Mhz: 2301, Mhz Limit: 2301

Memory: 4k page, system-wide physical 16085M (1325M free)
TotalPageFile size 25813M (AvailPageFile size 6752M)
current process WorkingSet (physical memory assigned to process): 491M, peak: 602M
current process commit charge ("private bytes"): 565M, peak: 683M

vm_info: OpenJDK 64-Bit Server VM (25.0.3+9-LTS) for windows-amd64 JRE (25.0.3+9-LTS), built on 2026-04-21T00:00:00Z with MS VC++ 17.12 (VS2022)

END.
