#
# A fatal error has been detected by the Java Runtime Environment:
#
#  EXCEPTION_ACCESS_VIOLATION (0xc0000005) at pc=0x00007ffa02d37a32, pid=3904, tid=22504
#
# JRE version: OpenJDK Runtime Environment Temurin-25.0.3+9 (25.0.3+9) (build 25.0.3+9-LTS)
# Java VM: OpenJDK 64-Bit Server VM Temurin-25.0.3+9 (25.0.3+9-LTS, mixed mode, sharing, tiered, compressed oops, compressed class ptrs, g1 gc, windows-amd64)
# Problematic frame:
# C  [igxelpicd64.dll+0xa7a32]
#
# No core dump will be written. Minidumps are not enabled by default on client versions of Windows
#
# If you would like to submit a bug report, please visit:
#   https://github.com/adoptium/adoptium-support/issues
#

---------------  S U M M A R Y ------------

Command Line: -javaagent:C:\Program Files\JetBrains\IntelliJ IDEA 2026.1.2\lib\idea_rt.jar=58030 -Dfile.encoding=UTF-8 -Dsun.stdout.encoding=UTF-8 -Dsun.stderr.encoding=UTF-8 com.spacefarm.DesktopLauncher

Host: 11th Gen Intel(R) Core(TM) i7-11800H @ 2.30GHz, 16 cores, 15G,  Windows 11 , 64 bit Build 26100 (10.0.26100.8328)
Time: Thu Jun  4 23:02:35 2026 elapsed time: 204.104745 seconds (0d 0h 3m 24s)

---------------  T H R E A D  ---------------

Current thread (0x00000289a6476a50):  VMThread "VM Thread"          [id=22504, stack(0x000000eed4100000,0x000000eed4200000) (1024K)]

Stack: [0x000000eed4100000,0x000000eed4200000],  sp=0x000000eed41fe060,  free space=1016k
Native frames: (J=compiled Java code, j=interpreted, Vv=VM code, C=native code)
C  [igxelpicd64.dll+0xa7a32]  (no source info available)
C  [igxelpicd64.dll+0x8d5df]  (no source info available)
C  [igxelpicd64.dll+0x2adefc]  (no source info available)
C  [igxelpicd64.dll+0x892f7]  (no source info available)
C  [igxelpicd64.dll+0x3a0121]  (no source info available)
C  [igxelpicd64.dll+0x3a02d3]  (no source info available)
C  [igxelpicd64.dll+0x68baf]  (no source info available)
C  [igxelpicd64.dll+0x689dd]  (no source info available)
C  [igxelpicd64.dll+0x80519b]  (no source info available)
C  [ntdll.dll+0x15f98a]  (no source info available)
C  [ntdll.dll+0x12d23]  (no source info available)
C  [ntdll.dll+0x2cef]  (no source info available)
C  [ntdll.dll+0x43be]  (no source info available)
C  [KERNEL32.DLL+0x417fb]  (no source info available)
C  [ucrtbase.dll+0xa00b3]  (no source info available)
V  [jvm.dll+0x7a26ea]  (no source info available)
V  [jvm.dll+0x7a2bb1]  (no source info available)
V  [jvm.dll+0x7a26d0]  (no source info available)
V  [jvm.dll+0x47bfa4]  (no source info available)
V  [jvm.dll+0xa00382]  (no source info available)
V  [jvm.dll+0xa016a1]  (no source info available)
V  [jvm.dll+0xa01c18]  (no source info available)
V  [jvm.dll+0xa01eb3]  (no source info available)
V  [jvm.dll+0x99894d]  (no source info available)
V  [jvm.dll+0x7a8ce5]  (no source info available)
C  [ucrtbase.dll+0x37b0]  (no source info available)
C  [KERNEL32.DLL+0x2e957]  (no source info available)
C  [ntdll.dll+0x427c]  (no source info available)


siginfo: EXCEPTION_ACCESS_VIOLATION (0xc0000005), reading address 0x0000000000035898


Registers:
RAX=0x00000289acff7c18, RBX=0x00000289acff7b10, RCX=0x0000000000000000, RDX=0x00000000fffffff0
RSP=0x000000eed41fe060, RBP=0x0000000000000000, RSI=0x00000289acff80e0, RDI=0x00000289ac6ca520
R8 =0x0000000000000014, R9 =0x0000000000000000, R10=0x0000000000000000, R11=0x0000000000000246
R12=0x00000289ac7d4700, R13=0x0000000000000000, R14=0x0000000013fa3700, R15=0x0000000000000016
RIP=0x00007ffa02d37a32, EFLAGS=0x0000000000010206

XMM[0]=0x0000000000000000 0x0000000000000000
XMM[1]=0x0000000000000000 0x0000000000000000
XMM[2]=0x0000000000000000 0x0000000000000000
XMM[3]=0x0000000000000000 0x0000000000000000
XMM[4]=0x0000000000000000 0x0000000000000000
XMM[5]=0x0000000000000000 0x0000000000000000
XMM[6]=0x0000000000000000 0x0000000000000000
XMM[7]=0x0000000000000000 0x404e000000000000
XMM[8]=0x0000000000000000 0x0000000000000000
XMM[9]=0x0000000000000000 0x0000000000000000
XMM[10]=0x0000000000000000 0x0000000000000000
XMM[11]=0x0000000000000000 0x0000000000000000
XMM[12]=0x0000000000000000 0x0000000000000000
XMM[13]=0x0000000000000000 0x0000000000000000
XMM[14]=0x0000000000000000 0x0000000000000000
XMM[15]=0x0000000000000000 0x0000000000000000
  MXCSR=0x00001fa0


Register to memory mapping:

RAX=0x00000289acff7c18 points into unknown readable memory: 0x0000000013fa07de | de 07 fa 13 00 00 00 00
RBX=0x00000289acff7b10 points into unknown readable memory: 0x00000289ac1adfb0 | b0 df 1a ac 89 02 00 00
RCX=0x0 is null
RDX=0x00000000fffffff0 is an unknown value
RSP=0x000000eed41fe060 points into unknown readable memory: 0x00000289ac72c3e0 | e0 c3 72 ac 89 02 00 00
RBP=0x0 is null
RSI=0x00000289acff80e0 points into unknown readable memory: 0x0000000000000000 | 00 00 00 00 00 00 00 00
RDI=0x00000289ac6ca520 points into unknown readable memory: 0x00000289ac965a00 | 00 5a 96 ac 89 02 00 00
R8 =0x0000000000000014 is an unknown value
R9 =0x0 is null
R10=0x0 is null
R11=0x0000000000000246 is an unknown value
R12=0x00000289ac7d4700 points into unknown readable memory: 0x00000289ac7d4390 | 90 43 7d ac 89 02 00 00
R13=0x0 is null
R14=0x0000000013fa3700 is pointing into metadata
R15=0x0000000000000016 is an unknown value

Top of Stack: (sp=0x000000eed41fe060)
0x000000eed41fe060:   00000289ac72c3e0 0000000000000000   ..r.............
0x000000eed41fe070:   038350bd008f38bd 00007ffafaf25cc4   .8...P...\......
0x000000eed41fe080:   02aa5abe029d43be 02f831bf039ff8be   .C...Z.......1..
0x000000eed41fe090:   00ad46c0038ec2bf 0361b7c0039c4fc0   .....F...O....a.
0x000000eed41fe0a0:   0000000000000017 0000000013fa373d   ........=7......
0x000000eed41fe0b0:   0000b80200000000 00000289ac7d4758   ........XG}.....
0x000000eed41fe0c0:   0000000000000000 0000000000000000   ................
0x000000eed41fe0d0:   000000eed41fe1e0 00007ffa02d1d5df   ................
0x000000eed41fe0e0:   00000289ac72c3e0 00000289ac6ca520   ..r..... .l.....
0x000000eed41fe0f0:   039f35ca00b72300 0385f7cb03383700   .#...5...78.....
0x000000eed41fe100:   000000ee000008c8 0283bacd00000000   ................
0x000000eed41fe110:   0000000000000000 036f30d001ba0ad0   .............0o.
0x000000eed41fe120:   036ac6d0039189d0 033abfd101e4f6d0   ......j.......:.
0x000000eed41fe130:   038d2bd20347fdd1 0377c8d2039256d2   ..G..+...V....w.
0x000000eed41fe140:   037a81d3039f30d3 014b83d3006182d3   .0....z...a...K.
0x000000eed41fe150:   032a08d4008de8d3 036680d4026672d4   ......*..rf...f.
0x000000eed41fe160:   0372bad403a993d4 027662d50376d6d4   ......r...v..bv.
0x000000eed41fe170:   0357b2d502ff65d5 0258efd602b48ed6   .e....W.......X.
0x000000eed41fe180:   00000289b0520000 0000000000000060   ..R.....`.......
0x000000eed41fe190:   0000b80200000000 00000000000008c8   ................
0x000000eed41fe1a0:   0000000000000000 40001e4000000001   ............@..@
0x000000eed41fe1b0:   0000000000000000 0000000000000000   ................
0x000000eed41fe1c0:   0000000000000000 0000000000000000   ................
0x000000eed41fe1d0:   0000000000000000 0000000000000000   ................
0x000000eed41fe1e0:   0000000000000000 0000000000000000   ................
0x000000eed41fe1f0:   0000000000000000 0000000000000000   ................
0x000000eed41fe200:   0000000000000000 0000000000000000   ................
0x000000eed41fe210:   0000000000000000 0000000000000000   ................
0x000000eed41fe220:   0000000000000000 0000000000000000   ................
0x000000eed41fe230:   0000000000000000 0000000000000000   ................
0x000000eed41fe240:   0000000000000000 0000000000000000   ................
0x000000eed41fe250:   0000000000000000 0000000000000000   ................

Instructions: (pc=0x00007ffa02d37a32)
  0x00007ffa02d37932:   8b fa 48 8b e9 48 8b 1d 92 c4 f1 00 48 89 58 08
  0x00007ffa02d37942:   48 8b cb ff 15 dd 48 a9 00 90 4c 8b af 78 02 00
  0x00007ffa02d37952:   00 48 8b 05 c6 69 e1 00 44 8b b8 a0 0b 00 00 45
  0x00007ffa02d37962:   33 d2 45 8a f2 4c 89 97 78 02 00 00 44 89 97 80
  0x00007ffa02d37972:   02 00 00 4c 89 97 a0 02 00 00 4c 89 97 88 02 00
  0x00007ffa02d37982:   00 48 85 ed 75 38 8b 35 22 9e f1 00 65 48 8b 04
  0x00007ffa02d37992:   25 58 00 00 00 b9 14 00 00 00 48 8b 04 f0 44 38
  0x00007ffa02d379a2:   14 01 0f 84 86 98 94 00 65 48 8b 04 25 58 00 00
  0x00007ffa02d379b2:   00 bd 20 00 00 00 48 8b 04 f0 48 8b 2c 28 48 3b
  0x00007ffa02d379c2:   2d 79 ab f1 00 45 0f 44 fa 4d 85 ed 0f 84 2b 01
  0x00007ffa02d379d2:   00 00 44 8a a4 24 90 00 00 00 49 8b dd 49 8d b5
  0x00007ffa02d379e2:   d0 05 00 00 4c 8b 2e 45 84 e4 0f 85 39 03 00 00
  0x00007ffa02d379f2:   44 8b 8f c8 01 00 00 48 8b 05 20 69 e1 00 83 b8
  0x00007ffa02d37a02:   70 03 00 00 02 75 36 41 8d 51 f0 41 83 f9 10 0f
  0x00007ffa02d37a12:   83 2d 01 00 00 4a 8d 04 cd 21 00 00 00 49 03 c1
  0x00007ffa02d37a22:   48 8d 04 c3 48 85 c0 0f 85 03 01 00 00 49 8b ca
=>0x00007ffa02d37a32:   48 3b 8d 98 58 03 00 0f 87 fe 97 94 00 48 8d 93
  0x00007ffa02d37a42:   08 01 00 00 4c 39 93 48 06 00 00 0f 85 69 99 94
  0x00007ffa02d37a52:   00 44 8b 9f c8 01 00 00 48 8b 87 e0 01 00 00 4c
  0x00007ffa02d37a62:   8b 10 44 8b 87 c8 01 00 00 41 83 f8 10 0f 83 fc
  0x00007ffa02d37a72:   00 00 00 4b 8d 0c c0 48 8d 04 ca 48 85 c0 0f 85
  0x00007ffa02d37a82:   b5 00 00 00 33 c9 49 3b ca 0f 86 11 01 00 00 45
  0x00007ffa02d37a92:   33 d2 48 8b 87 78 02 00 00 48 89 06 48 89 9f 78
  0x00007ffa02d37aa2:   02 00 00 ff 87 80 02 00 00 48 8b 43 08 48 8b 88
  0x00007ffa02d37ab2:   18 01 00 00 48 81 e1 00 00 ff ff 48 81 c1 00 00
  0x00007ffa02d37ac2:   01 00 48 01 8f 88 02 00 00 48 8b 43 08 48 8b 88
  0x00007ffa02d37ad2:   18 01 00 00 48 01 8f a0 02 00 00 4d 85 ed 0f 85
  0x00007ffa02d37ae2:   f6 fe ff ff 45 84 f6 44 8a a4 24 98 00 00 00 0f
  0x00007ffa02d37af2:   85 11 99 94 00 48 8b 9c 24 80 00 00 00 48 8b cf
  0x00007ffa02d37b02:   45 84 e4 0f 85 30 02 00 00 e8 d0 fa ff ff 90 48
  0x00007ffa02d37b12:   8b cb 48 8b 9c 24 88 00 00 00 48 83 c4 40 41 5f
  0x00007ffa02d37b22:   41 5e 41 5d 41 5c 5f 5e 5d 48 ff 25 ee 46 a9 00


Stack slot to memory mapping:

stack at sp + 0 slots: 0x00000289ac72c3e0 points into unknown readable memory: 0xffffffffffffffff | ff ff ff ff ff ff ff ff
stack at sp + 1 slots: 0x0 is null
stack at sp + 2 slots: 0x038350bd008f38bd is an unknown value
stack at sp + 3 slots: 0x00007ffafaf25cc4 ntdll.dll
stack at sp + 4 slots: 0x02aa5abe029d43be is an unknown value
stack at sp + 5 slots: 0x02f831bf039ff8be is an unknown value
stack at sp + 6 slots: 0x00ad46c0038ec2bf is an unknown value
stack at sp + 7 slots: 0x0361b7c0039c4fc0 is an unknown value

VM_Operation (0x000000eed4afee50): Exit, mode: safepoint, requested by thread 0x00000289b5cc4260


---------------  P R O C E S S  ---------------

Threads class SMR info:
_java_thread_list=0x00000289ace7ad30, length=21, elements={
0x0000028984adb0a0, 0x00000289a6488950, 0x00000289a6489a70, 0x00000289a648c960,
0x00000289a648fde0, 0x00000289a6490cc0, 0x00000289a6491480, 0x00000289a6494ab0,
0x00000289a64a57b0, 0x00000289ab2593e0, 0x00000289ab59dd60, 0x00000289ab5a24b0,
0x00000289ac211da0, 0x00000289ac2831c0, 0x00000289ac25b560, 0x00000289ac260940,
0x00000289ac6f1330, 0x00000289b5cc2af0, 0x00000289ac238910, 0x00000289ac23c990,
0x00000289b5cc4260
}

Java Threads: ( => current thread )
  0x0000028984adb0a0 JavaThread "main"                              [_thread_blocked, id=26284, stack(0x000000eed3a00000,0x000000eed3b00000) (1024K)]
  0x00000289a6488950 JavaThread "Reference Handler"          daemon [_thread_blocked, id=31136, stack(0x000000eed4200000,0x000000eed4300000) (1024K)]
  0x00000289a6489a70 JavaThread "Finalizer"                  daemon [_thread_blocked, id=25624, stack(0x000000eed4300000,0x000000eed4400000) (1024K)]
  0x00000289a648c960 JavaThread "Signal Dispatcher"          daemon [_thread_blocked, id=23424, stack(0x000000eed4400000,0x000000eed4500000) (1024K)]
  0x00000289a648fde0 JavaThread "Attach Listener"            daemon [_thread_blocked, id=30544, stack(0x000000eed4500000,0x000000eed4600000) (1024K)]
  0x00000289a6490cc0 JavaThread "Service Thread"             daemon [_thread_blocked, id=24112, stack(0x000000eed4600000,0x000000eed4700000) (1024K)]
  0x00000289a6491480 JavaThread "Monitor Deflation Thread"   daemon [_thread_blocked, id=14720, stack(0x000000eed4700000,0x000000eed4800000) (1024K)]
  0x00000289a6494ab0 JavaThread "C2 CompilerThread0"         daemon [_thread_blocked, id=29440, stack(0x000000eed4800000,0x000000eed4900000) (1024K)]
  0x00000289a64a57b0 JavaThread "C1 CompilerThread0"         daemon [_thread_blocked, id=14876, stack(0x000000eed4900000,0x000000eed4a00000) (1024K)]
  0x00000289ab2593e0 JavaThread "Common-Cleaner"             daemon [_thread_blocked, id=17356, stack(0x000000eed4c00000,0x000000eed4d00000) (1024K)]
  0x00000289ab59dd60 JavaThread "Monitor Ctrl-Break"         daemon [_thread_in_native, id=22264, stack(0x000000eed4e00000,0x000000eed4f00000) (1024K)]
  0x00000289ab5a24b0 JavaThread "Notification Thread"        daemon [_thread_blocked, id=4052, stack(0x000000eed4f00000,0x000000eed5000000) (1024K)]
  0x00000289ac211da0 JavaThread "RMI TCP Accept-0"           daemon [_thread_in_native, id=21776, stack(0x000000eed5700000,0x000000eed5800000) (1024K)]
  0x00000289ac2831c0 JavaThread "RMI TCP Connection(1)-192.168.0.123" daemon [_thread_in_native, id=5156, stack(0x000000eed5900000,0x000000eed5a00000) (1024K)]
  0x00000289ac25b560 JavaThread "RMI Scheduler(0)"           daemon [_thread_blocked, id=24772, stack(0x000000eed5a00000,0x000000eed5b00000) (1024K)]
  0x00000289ac260940 JavaThread "JMX server connection timeout 40" daemon [_thread_blocked, id=29580, stack(0x000000eed5b00000,0x000000eed5c00000) (1024K)]
  0x00000289ac6f1330 JavaThread "Thread-0"                   daemon [_thread_blocked, id=15136, stack(0x000000eed5e00000,0x000000eed5f00000) (1024K)]
  0x00000289b5cc2af0 JavaThread "RMI TCP Connection(idle)"   daemon [_thread_blocked, id=16788, stack(0x000000eed3700000,0x000000eed3800000) (1024K)]
  0x00000289ac238910 JavaThread "C1 CompilerThread1"         daemon [_thread_blocked, id=21612, stack(0x000000eed3800000,0x000000eed3900000) (1024K)]
  0x00000289ac23c990 JavaThread "C1 CompilerThread2"         daemon [_thread_blocked, id=15264, stack(0x000000eed3900000,0x000000eed3a00000) (1024K)]
  0x00000289b5cc4260 JavaThread "SIGINT handler"             daemon [_thread_blocked, id=9416, stack(0x000000eed4a00000,0x000000eed4b00000) (1024K)]
Total: 21

Other Threads:
=>0x00000289a6476a50 VMThread "VM Thread"                           [id=22504, stack(0x000000eed4100000,0x000000eed4200000) (1024K)]
  0x00000289848adf30 WorkerThread "GC Thread#0"                     [id=26816, stack(0x000000eed3b00000,0x000000eed3c00000) (1024K)]
  0x00000289acd299e0 WorkerThread "GC Thread#1"                     [id=30420, stack(0x000000eed6400000,0x000000eed6500000) (1024K)]
  0x00000289acd26a70 WorkerThread "GC Thread#2"                     [id=26192, stack(0x000000eed6500000,0x000000eed6600000) (1024K)]
  0x00000289acd25d80 WorkerThread "GC Thread#3"                     [id=11216, stack(0x000000eed6600000,0x000000eed6700000) (1024K)]
  0x00000289acd29e30 WorkerThread "GC Thread#4"                     [id=30632, stack(0x000000eed6700000,0x000000eed6800000) (1024K)]
  0x00000289acd26ec0 WorkerThread "GC Thread#5"                     [id=13432, stack(0x000000eed6800000,0x000000eed6900000) (1024K)]
  0x00000289acd2a280 WorkerThread "GC Thread#6"                     [id=29064, stack(0x000000eed6900000,0x000000eed6a00000) (1024K)]
  0x00000289acd28000 WorkerThread "GC Thread#7"                     [id=21524, stack(0x000000eed6a00000,0x000000eed6b00000) (1024K)]
  0x00000289acd27bb0 WorkerThread "GC Thread#8"                     [id=26628, stack(0x000000eed6b00000,0x000000eed6c00000) (1024K)]
  0x0000028984b5db00 ConcurrentGCThread "G1 Main Marker"            terminated
  0x0000028984b61ee0 WorkerThread "G1 Conc#0"                       [id=4616, stack(0x000000eed3d00000,0x000000eed3e00000) (1024K)]
  0x00000289a6327560 ConcurrentGCThread "G1 Refine#0"               terminated
  0x00000289a6327a20 ConcurrentGCThread "G1 Service"                terminated
Total: 14

Threads with active compile tasks:
Total: 0

VM state: at safepoint (shutting down)

VM Mutex/Monitor currently owned by a thread:  ([mutex/lock_event])
[0x00007ffa113c93a8] ThreadsLockThrottle_lock - owner thread: 0x00000289a648c960
[0x00007ffa113c96a8] Threads_lock - owner thread: 0x00000289a6476a50
[0x00007ffa113c9828] Heap_lock - owner thread: 0x00000289b5cc4260

Heap address: 0x0000000704a00000, size: 4022 MB, Compressed Oops mode: Zero based, Oop shift amount: 3

CDS archive(s) mapped at: [0x0000000009000000-0x0000000009dd0000-0x0000000009dd0000), size 14483456, SharedBaseAddress: 0x0000000009000000, ArchiveRelocationMode: 1.
Compressed class space mapped at: 0x000000000a000000-0x000000004a000000, reserved size: 1073741824
UseCompressedClassPointers 1, UseCompactObjectHeaders 0
Narrow klass pointer bits 32, Max shift 3
Narrow klass base: 0x0000000009000000, Narrow klass shift: 0
Encoding Range: [0x0000000009000000 - 0x0000000109000000), (4294967296 bytes)
Klass Range:    [0x0000000009010000 - 0x000000004a000000), (1090453504 bytes)
Klass ID Range:  [65536 - 1090519033) (1090453497)
Protection zone: [0x0000000009000000 - 0x0000000009010000), (65536 bytes)

GC Precious Log:
 CardTable entry size: 512
 Card Set container configuration: InlinePtr #cards 4 size 8 Array Of Cards #cards 16 size 48 Howl #buckets 8 coarsen threshold 3686 Howl Bitmap #cards 512 size 80 coarsen threshold 460 Card regions per heap region 1 cards per card region 4096
 CPUs: 16 total, 16 available
 Memory: 16085M
 Large Page Support: Disabled
 NUMA Support: Disabled
 Compressed Oops: Enabled (Zero based)
 Heap Region Size: 2M
 Heap Min Capacity: 8M
 Heap Initial Capacity: 252M
 Heap Max Capacity: 4022M
 Pre-touch: Disabled
 Parallel Workers: 13
 Concurrent Workers: 3
 Concurrent Refinement Workers: 13
 Periodic GC: Disabled

Heap:
 garbage-first heap   total reserved 4118528K, committed 260096K, used 77216K [0x0000000704a00000, 0x0000000800000000)
  region size 2048K, 35 young (71680K), 1 survivors (2048K)

Heap Regions: E=young(eden), S=young(survivor), O=old, HS=humongous(starts), HC=humongous(continues), CS=collection set, F=free, TAMS=top-at-mark-start, PB=parsable bottom
|   0|0x0000000704a00000, 0x0000000704c00000, 0x0000000704c00000|100%| O|  |TAMS 0x0000000704a00000| PB 0x0000000704a00000| Untracked |  0
|   1|0x0000000704c00000, 0x0000000704e00000, 0x0000000704e00000|100%| O|  |TAMS 0x0000000704c00000| PB 0x0000000704c00000| Untracked |  0
|   2|0x0000000704e00000, 0x0000000705000000, 0x0000000705000000|100%| O|  |TAMS 0x0000000704e00000| PB 0x0000000704e00000| Untracked |  0
|   3|0x0000000705000000, 0x0000000705200000, 0x0000000705200000|100%| O|  |TAMS 0x0000000705000000| PB 0x0000000705000000| Untracked |  0
|   4|0x0000000705200000, 0x0000000705240890, 0x0000000705400000| 12%| O|  |TAMS 0x0000000705200000| PB 0x0000000705200000| Untracked |  0
|   5|0x0000000705400000, 0x0000000705400000, 0x0000000705600000|  0%| F|  |TAMS 0x0000000705400000| PB 0x0000000705400000| Untracked |  0
|   6|0x0000000705600000, 0x0000000705600000, 0x0000000705800000|  0%| F|  |TAMS 0x0000000705600000| PB 0x0000000705600000| Untracked |  0
|   7|0x0000000705800000, 0x0000000705800000, 0x0000000705a00000|  0%| F|  |TAMS 0x0000000705800000| PB 0x0000000705800000| Untracked |  0
|   8|0x0000000705a00000, 0x0000000705a00000, 0x0000000705c00000|  0%| F|  |TAMS 0x0000000705a00000| PB 0x0000000705a00000| Untracked |  0
|   9|0x0000000705c00000, 0x0000000705c00000, 0x0000000705e00000|  0%| F|  |TAMS 0x0000000705c00000| PB 0x0000000705c00000| Untracked |  0
|  10|0x0000000705e00000, 0x0000000705e00000, 0x0000000706000000|  0%| F|  |TAMS 0x0000000705e00000| PB 0x0000000705e00000| Untracked |  0
|  11|0x0000000706000000, 0x0000000706000000, 0x0000000706200000|  0%| F|  |TAMS 0x0000000706000000| PB 0x0000000706000000| Untracked |  0
|  12|0x0000000706200000, 0x0000000706200000, 0x0000000706400000|  0%| F|  |TAMS 0x0000000706200000| PB 0x0000000706200000| Untracked |  0
|  13|0x0000000706400000, 0x0000000706400000, 0x0000000706600000|  0%| F|  |TAMS 0x0000000706400000| PB 0x0000000706400000| Untracked |  0
|  14|0x0000000706600000, 0x0000000706600000, 0x0000000706800000|  0%| F|  |TAMS 0x0000000706600000| PB 0x0000000706600000| Untracked |  0
|  15|0x0000000706800000, 0x0000000706800000, 0x0000000706a00000|  0%| F|  |TAMS 0x0000000706800000| PB 0x0000000706800000| Untracked |  0
|  16|0x0000000706a00000, 0x0000000706a00000, 0x0000000706c00000|  0%| F|  |TAMS 0x0000000706a00000| PB 0x0000000706a00000| Untracked |  0
|  17|0x0000000706c00000, 0x0000000706c00000, 0x0000000706e00000|  0%| F|  |TAMS 0x0000000706c00000| PB 0x0000000706c00000| Untracked |  0
|  18|0x0000000706e00000, 0x0000000706e00000, 0x0000000707000000|  0%| F|  |TAMS 0x0000000706e00000| PB 0x0000000706e00000| Untracked |  0
|  19|0x0000000707000000, 0x0000000707000000, 0x0000000707200000|  0%| F|  |TAMS 0x0000000707000000| PB 0x0000000707000000| Untracked |  0
|  20|0x0000000707200000, 0x0000000707200000, 0x0000000707400000|  0%| F|  |TAMS 0x0000000707200000| PB 0x0000000707200000| Untracked |  0
|  21|0x0000000707400000, 0x0000000707400000, 0x0000000707600000|  0%| F|  |TAMS 0x0000000707400000| PB 0x0000000707400000| Untracked |  0
|  22|0x0000000707600000, 0x0000000707600000, 0x0000000707800000|  0%| F|  |TAMS 0x0000000707600000| PB 0x0000000707600000| Untracked |  0
|  23|0x0000000707800000, 0x0000000707800000, 0x0000000707a00000|  0%| F|  |TAMS 0x0000000707800000| PB 0x0000000707800000| Untracked |  0
|  24|0x0000000707a00000, 0x0000000707a00000, 0x0000000707c00000|  0%| F|  |TAMS 0x0000000707a00000| PB 0x0000000707a00000| Untracked |  0
|  25|0x0000000707c00000, 0x0000000707c00000, 0x0000000707e00000|  0%| F|  |TAMS 0x0000000707c00000| PB 0x0000000707c00000| Untracked |  0
|  26|0x0000000707e00000, 0x0000000707e00000, 0x0000000708000000|  0%| F|  |TAMS 0x0000000707e00000| PB 0x0000000707e00000| Untracked |  0
|  27|0x0000000708000000, 0x0000000708000000, 0x0000000708200000|  0%| F|  |TAMS 0x0000000708000000| PB 0x0000000708000000| Untracked |  0
|  28|0x0000000708200000, 0x0000000708200000, 0x0000000708400000|  0%| F|  |TAMS 0x0000000708200000| PB 0x0000000708200000| Untracked |  0
|  29|0x0000000708400000, 0x0000000708400000, 0x0000000708600000|  0%| F|  |TAMS 0x0000000708400000| PB 0x0000000708400000| Untracked |  0
|  30|0x0000000708600000, 0x0000000708600000, 0x0000000708800000|  0%| F|  |TAMS 0x0000000708600000| PB 0x0000000708600000| Untracked |  0
|  31|0x0000000708800000, 0x0000000708800000, 0x0000000708a00000|  0%| F|  |TAMS 0x0000000708800000| PB 0x0000000708800000| Untracked |  0
|  32|0x0000000708a00000, 0x0000000708a00000, 0x0000000708c00000|  0%| F|  |TAMS 0x0000000708a00000| PB 0x0000000708a00000| Untracked |  0
|  33|0x0000000708c00000, 0x0000000708c00000, 0x0000000708e00000|  0%| F|  |TAMS 0x0000000708c00000| PB 0x0000000708c00000| Untracked |  0
|  34|0x0000000708e00000, 0x0000000708e00000, 0x0000000709000000|  0%| F|  |TAMS 0x0000000708e00000| PB 0x0000000708e00000| Untracked |  0
|  35|0x0000000709000000, 0x0000000709000000, 0x0000000709200000|  0%| F|  |TAMS 0x0000000709000000| PB 0x0000000709000000| Untracked |  0
|  36|0x0000000709200000, 0x0000000709200000, 0x0000000709400000|  0%| F|  |TAMS 0x0000000709200000| PB 0x0000000709200000| Untracked |  0
|  37|0x0000000709400000, 0x0000000709400000, 0x0000000709600000|  0%| F|  |TAMS 0x0000000709400000| PB 0x0000000709400000| Untracked |  0
|  38|0x0000000709600000, 0x0000000709600000, 0x0000000709800000|  0%| F|  |TAMS 0x0000000709600000| PB 0x0000000709600000| Untracked |  0
|  39|0x0000000709800000, 0x0000000709800000, 0x0000000709a00000|  0%| F|  |TAMS 0x0000000709800000| PB 0x0000000709800000| Untracked |  0
|  40|0x0000000709a00000, 0x0000000709a00000, 0x0000000709c00000|  0%| F|  |TAMS 0x0000000709a00000| PB 0x0000000709a00000| Untracked |  0
|  41|0x0000000709c00000, 0x0000000709c00000, 0x0000000709e00000|  0%| F|  |TAMS 0x0000000709c00000| PB 0x0000000709c00000| Untracked |  0
|  42|0x0000000709e00000, 0x0000000709e00000, 0x000000070a000000|  0%| F|  |TAMS 0x0000000709e00000| PB 0x0000000709e00000| Untracked |  0
|  43|0x000000070a000000, 0x000000070a000000, 0x000000070a200000|  0%| F|  |TAMS 0x000000070a000000| PB 0x000000070a000000| Untracked |  0
|  44|0x000000070a200000, 0x000000070a200000, 0x000000070a400000|  0%| F|  |TAMS 0x000000070a200000| PB 0x000000070a200000| Untracked |  0
|  45|0x000000070a400000, 0x000000070a400000, 0x000000070a600000|  0%| F|  |TAMS 0x000000070a400000| PB 0x000000070a400000| Untracked |  0
|  46|0x000000070a600000, 0x000000070a600000, 0x000000070a800000|  0%| F|  |TAMS 0x000000070a600000| PB 0x000000070a600000| Untracked |  0
|  47|0x000000070a800000, 0x000000070a800000, 0x000000070aa00000|  0%| F|  |TAMS 0x000000070a800000| PB 0x000000070a800000| Untracked |  0
|  48|0x000000070aa00000, 0x000000070aa00000, 0x000000070ac00000|  0%| F|  |TAMS 0x000000070aa00000| PB 0x000000070aa00000| Untracked |  0
|  49|0x000000070ac00000, 0x000000070ac00000, 0x000000070ae00000|  0%| F|  |TAMS 0x000000070ac00000| PB 0x000000070ac00000| Untracked |  0
|  50|0x000000070ae00000, 0x000000070ae03060, 0x000000070b000000|  0%| S|CS|TAMS 0x000000070ae00000| PB 0x000000070ae00000| Complete |  0
|  51|0x000000070b000000, 0x000000070b000000, 0x000000070b200000|  0%| F|  |TAMS 0x000000070b000000| PB 0x000000070b000000| Untracked |  0
|  52|0x000000070b200000, 0x000000070b200000, 0x000000070b400000|  0%| F|  |TAMS 0x000000070b200000| PB 0x000000070b200000| Untracked |  0
|  53|0x000000070b400000, 0x000000070b400000, 0x000000070b600000|  0%| F|  |TAMS 0x000000070b400000| PB 0x000000070b400000| Untracked |  0
|  54|0x000000070b600000, 0x000000070b600000, 0x000000070b800000|  0%| F|  |TAMS 0x000000070b600000| PB 0x000000070b600000| Untracked |  0
|  55|0x000000070b800000, 0x000000070b800000, 0x000000070ba00000|  0%| F|  |TAMS 0x000000070b800000| PB 0x000000070b800000| Untracked |  0
|  56|0x000000070ba00000, 0x000000070ba00000, 0x000000070bc00000|  0%| F|  |TAMS 0x000000070ba00000| PB 0x000000070ba00000| Untracked |  0
|  57|0x000000070bc00000, 0x000000070bc00000, 0x000000070be00000|  0%| F|  |TAMS 0x000000070bc00000| PB 0x000000070bc00000| Untracked |  0
|  58|0x000000070be00000, 0x000000070be00000, 0x000000070c000000|  0%| F|  |TAMS 0x000000070be00000| PB 0x000000070be00000| Untracked |  0
|  59|0x000000070c000000, 0x000000070c000000, 0x000000070c200000|  0%| F|  |TAMS 0x000000070c000000| PB 0x000000070c000000| Untracked |  0
|  60|0x000000070c200000, 0x000000070c200000, 0x000000070c400000|  0%| F|  |TAMS 0x000000070c200000| PB 0x000000070c200000| Untracked |  0
|  61|0x000000070c400000, 0x000000070c400000, 0x000000070c600000|  0%| F|  |TAMS 0x000000070c400000| PB 0x000000070c400000| Untracked |  0
|  62|0x000000070c600000, 0x000000070c600000, 0x000000070c800000|  0%| F|  |TAMS 0x000000070c600000| PB 0x000000070c600000| Untracked |  0
|  63|0x000000070c800000, 0x000000070c800000, 0x000000070ca00000|  0%| F|  |TAMS 0x000000070c800000| PB 0x000000070c800000| Untracked |  0
|  64|0x000000070ca00000, 0x000000070ca00000, 0x000000070cc00000|  0%| F|  |TAMS 0x000000070ca00000| PB 0x000000070ca00000| Untracked |  0
|  65|0x000000070cc00000, 0x000000070cc00000, 0x000000070ce00000|  0%| F|  |TAMS 0x000000070cc00000| PB 0x000000070cc00000| Untracked |  0
|  66|0x000000070ce00000, 0x000000070ce00000, 0x000000070d000000|  0%| F|  |TAMS 0x000000070ce00000| PB 0x000000070ce00000| Untracked |  0
|  67|0x000000070d000000, 0x000000070d000000, 0x000000070d200000|  0%| F|  |TAMS 0x000000070d000000| PB 0x000000070d000000| Untracked |  0
|  68|0x000000070d200000, 0x000000070d200000, 0x000000070d400000|  0%| F|  |TAMS 0x000000070d200000| PB 0x000000070d200000| Untracked |  0
|  69|0x000000070d400000, 0x000000070d400000, 0x000000070d600000|  0%| F|  |TAMS 0x000000070d400000| PB 0x000000070d400000| Untracked |  0
|  70|0x000000070d600000, 0x000000070d600000, 0x000000070d800000|  0%| F|  |TAMS 0x000000070d600000| PB 0x000000070d600000| Untracked |  0
|  71|0x000000070d800000, 0x000000070d800000, 0x000000070da00000|  0%| F|  |TAMS 0x000000070d800000| PB 0x000000070d800000| Untracked |  0
|  72|0x000000070da00000, 0x000000070da00000, 0x000000070dc00000|  0%| F|  |TAMS 0x000000070da00000| PB 0x000000070da00000| Untracked |  0
|  73|0x000000070dc00000, 0x000000070dc00000, 0x000000070de00000|  0%| F|  |TAMS 0x000000070dc00000| PB 0x000000070dc00000| Untracked |  0
|  74|0x000000070de00000, 0x000000070de00000, 0x000000070e000000|  0%| F|  |TAMS 0x000000070de00000| PB 0x000000070de00000| Untracked |  0
|  75|0x000000070e000000, 0x000000070e000000, 0x000000070e200000|  0%| F|  |TAMS 0x000000070e000000| PB 0x000000070e000000| Untracked |  0
|  76|0x000000070e200000, 0x000000070e200000, 0x000000070e400000|  0%| F|  |TAMS 0x000000070e200000| PB 0x000000070e200000| Untracked |  0
|  77|0x000000070e400000, 0x000000070e400000, 0x000000070e600000|  0%| F|  |TAMS 0x000000070e400000| PB 0x000000070e400000| Untracked |  0
|  78|0x000000070e600000, 0x000000070e600000, 0x000000070e800000|  0%| F|  |TAMS 0x000000070e600000| PB 0x000000070e600000| Untracked |  0
|  79|0x000000070e800000, 0x000000070e800000, 0x000000070ea00000|  0%| F|  |TAMS 0x000000070e800000| PB 0x000000070e800000| Untracked |  0
|  80|0x000000070ea00000, 0x000000070ea00000, 0x000000070ec00000|  0%| F|  |TAMS 0x000000070ea00000| PB 0x000000070ea00000| Untracked |  0
|  81|0x000000070ec00000, 0x000000070ec00000, 0x000000070ee00000|  0%| F|  |TAMS 0x000000070ec00000| PB 0x000000070ec00000| Untracked |  0
|  82|0x000000070ee00000, 0x000000070ee00000, 0x000000070f000000|  0%| F|  |TAMS 0x000000070ee00000| PB 0x000000070ee00000| Untracked |  0
|  83|0x000000070f000000, 0x000000070f000000, 0x000000070f200000|  0%| F|  |TAMS 0x000000070f000000| PB 0x000000070f000000| Untracked |  0
|  84|0x000000070f200000, 0x000000070f200000, 0x000000070f400000|  0%| F|  |TAMS 0x000000070f200000| PB 0x000000070f200000| Untracked |  0
|  85|0x000000070f400000, 0x000000070f400000, 0x000000070f600000|  0%| F|  |TAMS 0x000000070f400000| PB 0x000000070f400000| Untracked |  0
|  86|0x000000070f600000, 0x000000070f600000, 0x000000070f800000|  0%| F|  |TAMS 0x000000070f600000| PB 0x000000070f600000| Untracked |  0
|  87|0x000000070f800000, 0x000000070f800000, 0x000000070fa00000|  0%| F|  |TAMS 0x000000070f800000| PB 0x000000070f800000| Untracked |  0
|  88|0x000000070fa00000, 0x000000070fa00000, 0x000000070fc00000|  0%| F|  |TAMS 0x000000070fa00000| PB 0x000000070fa00000| Untracked |  0
|  89|0x000000070fc00000, 0x000000070fc00000, 0x000000070fe00000|  0%| F|  |TAMS 0x000000070fc00000| PB 0x000000070fc00000| Untracked |  0
|  90|0x000000070fe00000, 0x000000070fe00000, 0x0000000710000000|  0%| F|  |TAMS 0x000000070fe00000| PB 0x000000070fe00000| Untracked |  0
|  91|0x0000000710000000, 0x0000000710000000, 0x0000000710200000|  0%| F|  |TAMS 0x0000000710000000| PB 0x0000000710000000| Untracked |  0
|  92|0x0000000710200000, 0x0000000710400000, 0x0000000710400000|100%| E|  |TAMS 0x0000000710200000| PB 0x0000000710200000| Complete |  0
|  93|0x0000000710400000, 0x0000000710600000, 0x0000000710600000|100%| E|CS|TAMS 0x0000000710400000| PB 0x0000000710400000| Complete |  0
|  94|0x0000000710600000, 0x0000000710800000, 0x0000000710800000|100%| E|CS|TAMS 0x0000000710600000| PB 0x0000000710600000| Complete |  0
|  95|0x0000000710800000, 0x0000000710a00000, 0x0000000710a00000|100%| E|CS|TAMS 0x0000000710800000| PB 0x0000000710800000| Complete |  0
|  96|0x0000000710a00000, 0x0000000710c00000, 0x0000000710c00000|100%| E|CS|TAMS 0x0000000710a00000| PB 0x0000000710a00000| Complete |  0
|  97|0x0000000710c00000, 0x0000000710e00000, 0x0000000710e00000|100%| E|CS|TAMS 0x0000000710c00000| PB 0x0000000710c00000| Complete |  0
|  98|0x0000000710e00000, 0x0000000711000000, 0x0000000711000000|100%| E|CS|TAMS 0x0000000710e00000| PB 0x0000000710e00000| Complete |  0
|  99|0x0000000711000000, 0x0000000711200000, 0x0000000711200000|100%| E|CS|TAMS 0x0000000711000000| PB 0x0000000711000000| Complete |  0
| 100|0x0000000711200000, 0x0000000711400000, 0x0000000711400000|100%| E|CS|TAMS 0x0000000711200000| PB 0x0000000711200000| Complete |  0
| 101|0x0000000711400000, 0x0000000711600000, 0x0000000711600000|100%| E|CS|TAMS 0x0000000711400000| PB 0x0000000711400000| Complete |  0
| 102|0x0000000711600000, 0x0000000711800000, 0x0000000711800000|100%| E|CS|TAMS 0x0000000711600000| PB 0x0000000711600000| Complete |  0
| 103|0x0000000711800000, 0x0000000711a00000, 0x0000000711a00000|100%| E|CS|TAMS 0x0000000711800000| PB 0x0000000711800000| Complete |  0
| 104|0x0000000711a00000, 0x0000000711c00000, 0x0000000711c00000|100%| E|CS|TAMS 0x0000000711a00000| PB 0x0000000711a00000| Complete |  0
| 105|0x0000000711c00000, 0x0000000711e00000, 0x0000000711e00000|100%| E|CS|TAMS 0x0000000711c00000| PB 0x0000000711c00000| Complete |  0
| 106|0x0000000711e00000, 0x0000000712000000, 0x0000000712000000|100%| E|CS|TAMS 0x0000000711e00000| PB 0x0000000711e00000| Complete |  0
| 107|0x0000000712000000, 0x0000000712200000, 0x0000000712200000|100%| E|CS|TAMS 0x0000000712000000| PB 0x0000000712000000| Complete |  0
| 108|0x0000000712200000, 0x0000000712400000, 0x0000000712400000|100%| E|CS|TAMS 0x0000000712200000| PB 0x0000000712200000| Complete |  0
| 109|0x0000000712400000, 0x0000000712600000, 0x0000000712600000|100%| E|CS|TAMS 0x0000000712400000| PB 0x0000000712400000| Complete |  0
| 110|0x0000000712600000, 0x0000000712800000, 0x0000000712800000|100%| E|CS|TAMS 0x0000000712600000| PB 0x0000000712600000| Complete |  0
| 111|0x0000000712800000, 0x0000000712a00000, 0x0000000712a00000|100%| E|CS|TAMS 0x0000000712800000| PB 0x0000000712800000| Complete |  0
| 112|0x0000000712a00000, 0x0000000712c00000, 0x0000000712c00000|100%| E|CS|TAMS 0x0000000712a00000| PB 0x0000000712a00000| Complete |  0
| 113|0x0000000712c00000, 0x0000000712e00000, 0x0000000712e00000|100%| E|CS|TAMS 0x0000000712c00000| PB 0x0000000712c00000| Complete |  0
| 114|0x0000000712e00000, 0x0000000713000000, 0x0000000713000000|100%| E|CS|TAMS 0x0000000712e00000| PB 0x0000000712e00000| Complete |  0
| 115|0x0000000713000000, 0x0000000713200000, 0x0000000713200000|100%| E|CS|TAMS 0x0000000713000000| PB 0x0000000713000000| Complete |  0
| 116|0x0000000713200000, 0x0000000713400000, 0x0000000713400000|100%| E|CS|TAMS 0x0000000713200000| PB 0x0000000713200000| Complete |  0
| 117|0x0000000713400000, 0x0000000713600000, 0x0000000713600000|100%| E|CS|TAMS 0x0000000713400000| PB 0x0000000713400000| Complete |  0
| 118|0x0000000713600000, 0x0000000713800000, 0x0000000713800000|100%| E|CS|TAMS 0x0000000713600000| PB 0x0000000713600000| Complete |  0
| 119|0x0000000713800000, 0x0000000713a00000, 0x0000000713a00000|100%| E|CS|TAMS 0x0000000713800000| PB 0x0000000713800000| Complete |  0
| 120|0x0000000713a00000, 0x0000000713c00000, 0x0000000713c00000|100%| E|CS|TAMS 0x0000000713a00000| PB 0x0000000713a00000| Complete |  0
| 121|0x0000000713c00000, 0x0000000713e00000, 0x0000000713e00000|100%| E|CS|TAMS 0x0000000713c00000| PB 0x0000000713c00000| Complete |  0
| 122|0x0000000713e00000, 0x0000000714000000, 0x0000000714000000|100%| E|CS|TAMS 0x0000000713e00000| PB 0x0000000713e00000| Complete |  0
| 123|0x0000000714000000, 0x0000000714200000, 0x0000000714200000|100%| E|CS|TAMS 0x0000000714000000| PB 0x0000000714000000| Complete |  0
| 124|0x0000000714200000, 0x0000000714400000, 0x0000000714400000|100%| E|CS|TAMS 0x0000000714200000| PB 0x0000000714200000| Complete |  0
| 125|0x0000000714400000, 0x0000000714600000, 0x0000000714600000|100%| E|CS|TAMS 0x0000000714400000| PB 0x0000000714400000| Complete |  0
|2010|0x00000007ffe00000, 0x00000007fff248e8, 0x0000000800000000| 57%| O|  |TAMS 0x00000007ffe00000| PB 0x00000007ffe00000| Untracked |  0

Card table byte_map: [0x000002899f810000,0x000002899fff0000] _byte_map_base: 0x000002899bfeb000

Marking Bits: (CMBitMap*) 0x00000289848ae4c0
 Bits: [0x000002899fff0000, 0x00000289a3ec8000)

Polling page: 0x0000028984eb0000

Metaspace:
Metaspace        used 12148K, committed 12480K, reserved 1114112K
 class space     used 1049K, committed 1216K, reserved 1048576K

Usage:
  Non-class:     10.84 MB used.
      Class:      1.03 MB used.
       Both:     11.86 MB used.

Virtual space:
  Non-class space:       64.00 MB reserved,      11.00 MB ( 17%) committed,  1 nodes.
      Class space:        1.00 GB reserved,       1.19 MB ( <1%) committed,  1 nodes.
             Both:        1.06 GB reserved,      12.19 MB (  1%) committed. 

Chunk freelists:
   Non-Class:  4.31 MB
       Class:  14.66 MB
        Both:  18.96 MB

MaxMetaspaceSize: unlimited
CompressedClassSpaceSize: 1.00 GB
Initial GC threshold: 21.00 MB
Current GC threshold: 21.00 MB
CDS: on
 - commit_granule_bytes: 65536.
 - commit_granule_words: 8192.
 - virtual_space_node_default_size: 8388608.
 - enlarge_chunks_in_place: 1.
UseCompressedClassPointers 1, UseCompactObjectHeaders 0
Narrow klass pointer bits 32, Max shift 3
Narrow klass base: 0x0000000009000000, Narrow klass shift: 0
Encoding Range: [0x0000000009000000 - 0x0000000109000000), (4294967296 bytes)
Klass Range:    [0x0000000009010000 - 0x000000004a000000), (1090453504 bytes)
Klass ID Range:  [65536 - 1090519033) (1090453497)
Protection zone: [0x0000000009000000 - 0x0000000009010000), (65536 bytes)


Internal statistics:

num_allocs_failed_limit: 0.
num_arena_births: 228.
num_arena_deaths: 0.
num_vsnodes_births: 2.
num_vsnodes_deaths: 0.
num_space_committed: 194.
num_space_uncommitted: 0.
num_chunks_returned_to_freelist: 0.
num_chunks_taken_from_freelist: 478.
num_chunk_merges: 0.
num_chunk_splits: 312.
num_chunks_enlarged: 208.
num_inconsistent_stats: 0.

CodeHeap 'non-profiled nmethods': size=119168Kb used=1303Kb max_used=1303Kb free=117864Kb
 bounds [0x0000028996c10000, 0x0000028996e80000, 0x000002899e070000]
CodeHeap 'profiled nmethods': size=119168Kb used=4990Kb max_used=4990Kb free=114177Kb
 bounds [0x000002898f060000, 0x000002898f540000, 0x00000289964c0000]
CodeHeap 'non-nmethods': size=7488Kb used=3469Kb max_used=4102Kb free=4018Kb
 bounds [0x00000289964c0000, 0x00000289968d0000, 0x0000028996c10000]
CodeCache: size=245824Kb, used=9762Kb, max_used=10395Kb, free=236059Kb
 total_blobs=4662, nmethods=3475, adapters=1088, full_count=0
Compilation: enabled, stopped_count=0, restarted_count=0

Compilation events (20 events):
Event: 202.696 Thread 0x00000289ac238910 3464       3       java.lang.invoke.LambdaForm$MH/0x000000000a113000::invoke (57 bytes)
Event: 202.696 Thread 0x00000289ac238910 nmethod 3464 0x000002898f538588 code [0x000002898f538680, 0x000002898f539088]
Event: 202.696 Thread 0x00000289ac238910 3465       3       java.lang.invoke.LambdaForm$MH/0x000000000a113400::invoke (57 bytes)
Event: 202.696 Thread 0x00000289a64a57b0 nmethod 3463 0x000002898f539108 code [0x000002898f539200, 0x000002898f539c08]
Event: 202.696 Thread 0x00000289a64a57b0 3466       3       sun.management.MemoryImpl::getHeapMemoryUsage (6 bytes)
Event: 202.696 Thread 0x00000289a64a57b0 nmethod 3466 0x000002898f539c88 code [0x000002898f539d80, 0x000002898f539eb8]
Event: 202.696 Thread 0x00000289a64a57b0 3467       3       java.lang.management.MemoryUsage::<init> (170 bytes)
Event: 202.697 Thread 0x00000289ac238910 nmethod 3465 0x000002898f539f88 code [0x000002898f53a080, 0x000002898f53aa88]
Event: 202.697 Thread 0x00000289ac238910 3469       3       javax.management.openmbean.CompositeDataSupport::<init> (11 bytes)
Event: 202.697 Thread 0x00000289a64a57b0 nmethod 3467 0x000002898f53ab08 code [0x000002898f53ac00, 0x000002898f53b5f0]
Event: 202.697 Thread 0x00000289a64a57b0 3472       3       javax.management.openmbean.CompositeType::keySet (26 bytes)
Event: 202.697 Thread 0x00000289ac238910 nmethod 3469 0x000002898f53b608 code [0x000002898f53b700, 0x000002898f53b890]
Event: 202.697 Thread 0x00000289ac238910 3473       3       java.util.Collections$UnmodifiableSet::equals (24 bytes)
Event: 202.697 Thread 0x00000289ac238910 nmethod 3473 0x000002898f53b908 code [0x000002898f53ba00, 0x000002898f53bc50]
Event: 202.697 Thread 0x00000289ac238910 3474   !   3       java.util.AbstractSet::equals (45 bytes)
Event: 202.698 Thread 0x00000289ac23c990 nmethod 3471 0x000002898f53bc88 code [0x000002898f53bd80, 0x000002898f53e7c8]
Event: 202.698 Thread 0x00000289ac238910 nmethod 3474 0x000002898f53e808 code [0x000002898f53e900, 0x000002898f53ef90]
Event: 202.698 Thread 0x00000289a64a57b0 nmethod 3472 0x000002898f53f008 code [0x000002898f53f100, 0x000002898f53f7a0]
Event: 203.784 Thread 0x00000289ac23c990 3476       3       java.util.logging.LogManager::getProperty (9 bytes)
Event: 203.784 Thread 0x00000289ac23c990 nmethod 3476 0x000002898f53f808 code [0x000002898f53f900, 0x000002898f53fad0]

GC Heap Usage History (20 events):
Event: 190.865 {heap Before GC invocations=139 (full 0):
 garbage-first heap   total reserved 4118528K, committed 260096K, used 161190K [0x0000000704a00000, 0x0000000800000000)
  region size 2048K, 75 young (153600K), 1 survivors (2048K)
}
Event: 190.866 {heap After GC invocations=140 (full 0):
 garbage-first heap   total reserved 4118528K, committed 260096K, used 9638K [0x0000000704a00000, 0x0000000800000000)
  region size 2048K, 1 young (2048K), 1 survivors (2048K)
}
Event: 192.239 {heap Before GC invocations=140 (full 0):
 garbage-first heap   total reserved 4118528K, committed 260096K, used 161190K [0x0000000704a00000, 0x0000000800000000)
  region size 2048K, 75 young (153600K), 1 survivors (2048K)
}
Event: 192.239 {heap After GC invocations=141 (full 0):
 garbage-first heap   total reserved 4118528K, committed 260096K, used 9638K [0x0000000704a00000, 0x0000000800000000)
  region size 2048K, 1 young (2048K), 1 survivors (2048K)
}
Event: 193.606 {heap Before GC invocations=141 (full 0):
 garbage-first heap   total reserved 4118528K, committed 260096K, used 161190K [0x0000000704a00000, 0x0000000800000000)
  region size 2048K, 75 young (153600K), 1 survivors (2048K)
}
Event: 193.606 {heap After GC invocations=142 (full 0):
 garbage-first heap   total reserved 4118528K, committed 260096K, used 9638K [0x0000000704a00000, 0x0000000800000000)
  region size 2048K, 1 young (2048K), 1 survivors (2048K)
}
Event: 194.968 {heap Before GC invocations=142 (full 0):
 garbage-first heap   total reserved 4118528K, committed 260096K, used 161190K [0x0000000704a00000, 0x0000000800000000)
  region size 2048K, 75 young (153600K), 1 survivors (2048K)
}
Event: 194.969 {heap After GC invocations=143 (full 0):
 garbage-first heap   total reserved 4118528K, committed 260096K, used 9638K [0x0000000704a00000, 0x0000000800000000)
  region size 2048K, 1 young (2048K), 1 survivors (2048K)
}
Event: 196.336 {heap Before GC invocations=143 (full 0):
 garbage-first heap   total reserved 4118528K, committed 260096K, used 161190K [0x0000000704a00000, 0x0000000800000000)
  region size 2048K, 75 young (153600K), 1 survivors (2048K)
}
Event: 196.337 {heap After GC invocations=144 (full 0):
 garbage-first heap   total reserved 4118528K, committed 260096K, used 9622K [0x0000000704a00000, 0x0000000800000000)
  region size 2048K, 1 young (2048K), 1 survivors (2048K)
}
Event: 197.718 {heap Before GC invocations=144 (full 0):
 garbage-first heap   total reserved 4118528K, committed 260096K, used 161174K [0x0000000704a00000, 0x0000000800000000)
  region size 2048K, 75 young (153600K), 1 survivors (2048K)
}
Event: 197.719 {heap After GC invocations=145 (full 0):
 garbage-first heap   total reserved 4118528K, committed 260096K, used 9622K [0x0000000704a00000, 0x0000000800000000)
  region size 2048K, 1 young (2048K), 1 survivors (2048K)
}
Event: 199.084 {heap Before GC invocations=145 (full 0):
 garbage-first heap   total reserved 4118528K, committed 260096K, used 161174K [0x0000000704a00000, 0x0000000800000000)
  region size 2048K, 75 young (153600K), 1 survivors (2048K)
}
Event: 199.084 {heap After GC invocations=146 (full 0):
 garbage-first heap   total reserved 4118528K, committed 260096K, used 9622K [0x0000000704a00000, 0x0000000800000000)
  region size 2048K, 1 young (2048K), 1 survivors (2048K)
}
Event: 200.461 {heap Before GC invocations=146 (full 0):
 garbage-first heap   total reserved 4118528K, committed 260096K, used 161174K [0x0000000704a00000, 0x0000000800000000)
  region size 2048K, 75 young (153600K), 1 survivors (2048K)
}
Event: 200.462 {heap After GC invocations=147 (full 0):
 garbage-first heap   total reserved 4118528K, committed 260096K, used 9622K [0x0000000704a00000, 0x0000000800000000)
  region size 2048K, 1 young (2048K), 1 survivors (2048K)
}
Event: 201.820 {heap Before GC invocations=147 (full 0):
 garbage-first heap   total reserved 4118528K, committed 260096K, used 161174K [0x0000000704a00000, 0x0000000800000000)
  region size 2048K, 75 young (153600K), 1 survivors (2048K)
}
Event: 201.820 {heap After GC invocations=148 (full 0):
 garbage-first heap   total reserved 4118528K, committed 260096K, used 9626K [0x0000000704a00000, 0x0000000800000000)
  region size 2048K, 1 young (2048K), 1 survivors (2048K)
}
Event: 203.181 {heap Before GC invocations=148 (full 0):
 garbage-first heap   total reserved 4118528K, committed 260096K, used 161178K [0x0000000704a00000, 0x0000000800000000)
  region size 2048K, 75 young (153600K), 1 survivors (2048K)
}
Event: 203.181 {heap After GC invocations=149 (full 0):
 garbage-first heap   total reserved 4118528K, committed 260096K, used 9632K [0x0000000704a00000, 0x0000000800000000)
  region size 2048K, 1 young (2048K), 1 survivors (2048K)
}

Metaspace Usage History (20 events):
Event: 190.865 {metaspace Before GC invocations=139 (full 0):
 Metaspace       used 12125K, committed 12416K, reserved 1114112K
  class space    used 1049K, committed 1216K, reserved 1048576K
}
Event: 190.866 {metaspace After GC invocations=140 (full 0):
 Metaspace       used 12125K, committed 12416K, reserved 1114112K
  class space    used 1049K, committed 1216K, reserved 1048576K
}
Event: 192.239 {metaspace Before GC invocations=140 (full 0):
 Metaspace       used 12125K, committed 12416K, reserved 1114112K
  class space    used 1049K, committed 1216K, reserved 1048576K
}
Event: 192.239 {metaspace After GC invocations=141 (full 0):
 Metaspace       used 12125K, committed 12416K, reserved 1114112K
  class space    used 1049K, committed 1216K, reserved 1048576K
}
Event: 193.606 {metaspace Before GC invocations=141 (full 0):
 Metaspace       used 12125K, committed 12416K, reserved 1114112K
  class space    used 1049K, committed 1216K, reserved 1048576K
}
Event: 193.606 {metaspace After GC invocations=142 (full 0):
 Metaspace       used 12125K, committed 12416K, reserved 1114112K
  class space    used 1049K, committed 1216K, reserved 1048576K
}
Event: 194.968 {metaspace Before GC invocations=142 (full 0):
 Metaspace       used 12125K, committed 12416K, reserved 1114112K
  class space    used 1049K, committed 1216K, reserved 1048576K
}
Event: 194.969 {metaspace After GC invocations=143 (full 0):
 Metaspace       used 12125K, committed 12416K, reserved 1114112K
  class space    used 1049K, committed 1216K, reserved 1048576K
}
Event: 196.336 {metaspace Before GC invocations=143 (full 0):
 Metaspace       used 12125K, committed 12416K, reserved 1114112K
  class space    used 1049K, committed 1216K, reserved 1048576K
}
Event: 196.337 {metaspace After GC invocations=144 (full 0):
 Metaspace       used 12125K, committed 12416K, reserved 1114112K
  class space    used 1049K, committed 1216K, reserved 1048576K
}
Event: 197.718 {metaspace Before GC invocations=144 (full 0):
 Metaspace       used 12126K, committed 12416K, reserved 1114112K
  class space    used 1049K, committed 1216K, reserved 1048576K
}
Event: 197.719 {metaspace After GC invocations=145 (full 0):
 Metaspace       used 12126K, committed 12416K, reserved 1114112K
  class space    used 1049K, committed 1216K, reserved 1048576K
}
Event: 199.084 {metaspace Before GC invocations=145 (full 0):
 Metaspace       used 12126K, committed 12416K, reserved 1114112K
  class space    used 1049K, committed 1216K, reserved 1048576K
}
Event: 199.084 {metaspace After GC invocations=146 (full 0):
 Metaspace       used 12126K, committed 12416K, reserved 1114112K
  class space    used 1049K, committed 1216K, reserved 1048576K
}
Event: 200.461 {metaspace Before GC invocations=146 (full 0):
 Metaspace       used 12126K, committed 12416K, reserved 1114112K
  class space    used 1049K, committed 1216K, reserved 1048576K
}
Event: 200.462 {metaspace After GC invocations=147 (full 0):
 Metaspace       used 12126K, committed 12416K, reserved 1114112K
  class space    used 1049K, committed 1216K, reserved 1048576K
}
Event: 201.820 {metaspace Before GC invocations=147 (full 0):
 Metaspace       used 12126K, committed 12416K, reserved 1114112K
  class space    used 1049K, committed 1216K, reserved 1048576K
}
Event: 201.820 {metaspace After GC invocations=148 (full 0):
 Metaspace       used 12126K, committed 12416K, reserved 1114112K
  class space    used 1049K, committed 1216K, reserved 1048576K
}
Event: 203.181 {metaspace Before GC invocations=148 (full 0):
 Metaspace       used 12144K, committed 12480K, reserved 1114112K
  class space    used 1049K, committed 1216K, reserved 1048576K
}
Event: 203.181 {metaspace After GC invocations=149 (full 0):
 Metaspace       used 12144K, committed 12480K, reserved 1114112K
  class space    used 1049K, committed 1216K, reserved 1048576K
}

Dll operation events (14 events):
Event: 0.017 Loaded shared library C:\Users\anqwe\.jdks\temurin-25.0.3\bin\java.dll
Event: 0.141 Loaded shared library C:\Users\anqwe\.jdks\temurin-25.0.3\bin\zip.dll
Event: 0.144 Loaded shared library C:\Users\anqwe\.jdks\temurin-25.0.3\bin\instrument.dll
Event: 0.148 Loaded shared library C:\Users\anqwe\.jdks\temurin-25.0.3\bin\net.dll
Event: 0.152 Loaded shared library C:\Users\anqwe\.jdks\temurin-25.0.3\bin\nio.dll
Event: 0.159 Loaded shared library C:\Users\anqwe\.jdks\temurin-25.0.3\bin\zip.dll
Event: 0.164 Loaded shared library C:\Users\anqwe\.jdks\temurin-25.0.3\bin\jimage.dll
Event: 0.231 Loaded shared library C:\Users\anqwe\.jdks\temurin-25.0.3\bin\extnet.dll
Event: 0.241 Loaded shared library C:\Users\anqwe\.jdks\temurin-25.0.3\bin\management.dll
Event: 0.253 Loaded shared library C:\Users\anqwe\.jdks\temurin-25.0.3\bin\management_ext.dll
Event: 0.260 Loaded shared library C:\Users\anqwe\AppData\Local\Temp\libgdxanqwe\2a9d7f76\gdx64.dll
Event: 0.333 Loaded shared library C:\Users\anqwe\AppData\Local\Temp\lwjgl_anqwe\3.3.3+5\x64\lwjgl.dll
Event: 0.756 Loaded shared library C:\Users\anqwe\AppData\Local\Temp\lwjgl_anqwe\3.3.3+5\x64\lwjgl_opengl.dll
Event: 1.001 Loaded shared library C:\Users\anqwe\AppData\Local\Temp\libgdxanqwe\5980c506\gdx-freetype64.dll

Deoptimization events (20 events):
Event: 50.647 Thread 0x0000028984adb0a0 Uncommon trap: trap_request=0xffffff45 fr.pc=0x0000028996d29a34 relative=0x0000000000000b14
Event: 50.647 Thread 0x0000028984adb0a0 Uncommon trap: reason=unstable_if action=reinterpret pc=0x0000028996d29a34 method=java.util.HashMap$HashIterator.<init>(Ljava/util/HashMap;)V @ 50 c2
Event: 50.647 Thread 0x0000028984adb0a0 DEOPT PACKING pc=0x0000028996d29a34 sp=0x000000eed3aff120
Event: 50.647 Thread 0x0000028984adb0a0 DEOPT UNPACKING pc=0x00000289965f2602 sp=0x000000eed3afef28 mode 2
Event: 50.654 Thread 0x0000028984adb0a0 Uncommon trap: trap_request=0xffffff45 fr.pc=0x0000028996d28178 relative=0x0000000000000558
Event: 50.654 Thread 0x0000028984adb0a0 Uncommon trap: reason=unstable_if action=reinterpret pc=0x0000028996d28178 method=java.util.HashMap$HashIterator.<init>(Ljava/util/HashMap;)V @ 50 c2
Event: 50.654 Thread 0x0000028984adb0a0 DEOPT PACKING pc=0x0000028996d28178 sp=0x000000eed3aff0b0
Event: 50.654 Thread 0x0000028984adb0a0 DEOPT UNPACKING pc=0x00000289965f2602 sp=0x000000eed3afef20 mode 2
Event: 50.661 Thread 0x0000028984adb0a0 Uncommon trap: trap_request=0xffffff45 fr.pc=0x0000028996d16698 relative=0x0000000000000218
Event: 50.661 Thread 0x0000028984adb0a0 Uncommon trap: reason=unstable_if action=reinterpret pc=0x0000028996d16698 method=java.util.HashMap$HashIterator.<init>(Ljava/util/HashMap;)V @ 50 c2
Event: 50.661 Thread 0x0000028984adb0a0 DEOPT PACKING pc=0x0000028996d16698 sp=0x000000eed3aff050
Event: 50.661 Thread 0x0000028984adb0a0 DEOPT UNPACKING pc=0x00000289965f2602 sp=0x000000eed3afef20 mode 2
Event: 50.668 Thread 0x0000028984adb0a0 Uncommon trap: trap_request=0xffffff45 fr.pc=0x0000028996d0a278 relative=0x00000000000001f8
Event: 50.668 Thread 0x0000028984adb0a0 Uncommon trap: reason=unstable_if action=reinterpret pc=0x0000028996d0a278 method=java.util.HashMap$HashIterator.<init>(Ljava/util/HashMap;)V @ 50 c2
Event: 50.668 Thread 0x0000028984adb0a0 DEOPT PACKING pc=0x0000028996d0a278 sp=0x000000eed3afef70
Event: 50.668 Thread 0x0000028984adb0a0 DEOPT UNPACKING pc=0x00000289965f2602 sp=0x000000eed3afef18 mode 2
Event: 203.785 Thread 0x00000289a64962b0 Uncommon trap: trap_request=0xffffffde fr.pc=0x0000028996ced324 relative=0x0000000000000324
Event: 203.785 Thread 0x00000289a64962b0 Uncommon trap: reason=class_check action=maybe_recompile pc=0x0000028996ced324 method=java.util.ArrayList.<init>(Ljava/util/Collection;)V @ 5 c2
Event: 203.785 Thread 0x00000289a64962b0 DEOPT PACKING pc=0x0000028996ced324 sp=0x000000eed4bff130
Event: 203.785 Thread 0x00000289a64962b0 DEOPT UNPACKING pc=0x00000289965f2602 sp=0x000000eed4bff108 mode 2

Classes loaded (20 events):
Event: 1.016 Loading class java/nio/DirectIntBufferS
Event: 1.016 Loading class java/nio/DirectIntBufferS done
Event: 1.298 Loading class javax/management/openmbean/CompositeDataSupport
Event: 1.299 Loading class javax/management/openmbean/CompositeDataSupport done
Event: 1.299 Loading class javax/management/openmbean/OpenDataException
Event: 1.299 Loading class javax/management/openmbean/OpenDataException done
Event: 1.301 Loading class java/io/ObjectStreamException
Event: 1.301 Loading class java/io/ObjectStreamException done
Event: 1.466 Loading class java/util/Formatter$FormatSpecifierParser
Event: 1.466 Loading class java/util/Formatter$FormatSpecifierParser done
Event: 1.466 Loading class jdk/internal/math/FormattedFPDecimal
Event: 1.466 Loading class jdk/internal/math/FormattedFPDecimal done
Event: 1.471 Loading class sun/util/resources/LocaleData$CommonResourceBundleProvider
Event: 1.471 Loading class sun/util/resources/LocaleData$LocaleDataResourceBundleProvider
Event: 1.471 Loading class java/util/spi/ResourceBundleProvider
Event: 1.471 Loading class java/util/spi/ResourceBundleProvider done
Event: 1.471 Loading class sun/util/resources/LocaleData$LocaleDataResourceBundleProvider done
Event: 1.471 Loading class sun/util/resources/LocaleData$CommonResourceBundleProvider done
Event: 203.783 Loading class jdk/internal/misc/Signal$1
Event: 203.783 Loading class jdk/internal/misc/Signal$1 done

Classes unloaded (0 events):
No events

Classes redefined (0 events):
No events

Internal exceptions (20 events):
Event: 0.612 Thread 0x00000289ac2831c0 Exception <a 'java/lang/NoSuchMethodError'{0x0000000712f06eb8}: 'java.lang.Object java.lang.invoke.DirectMethodHandle$Holder.invokeStatic(java.lang.Object, java.lang.Object, java.lang.Object, java.lang.Object, java.lang.Object, java.lang.Object, java.lang.Object, java.lang.Object, java.lang.Object)'> (0x0000000712f06eb8) 
thrown [s\src\hotspot\share\interpreter\linkResolver.cpp, line 804]
Event: 0.614 Thread 0x00000289ac2831c0 Exception <a 'java/lang/NoSuchMethodError'{0x0000000712f1a3c0}: 'java.lang.Object java.lang.invoke.Invokers$Holder.invokeExact_MT(java.lang.Object, java.lang.Object, java.lang.Object, java.lang.Object, java.lang.Object, java.lang.Object)'> (0x0000000712f1a3c0) 
thrown [s\src\hotspot\share\interpreter\linkResolver.cpp, line 804]
Event: 0.616 Thread 0x00000289ac2831c0 Exception <a 'java/lang/NoSuchMethodError'{0x0000000712f26138}: 'java.lang.Object java.lang.invoke.DirectMethodHandle$Holder.invokeInterface(java.lang.Object, java.lang.Object, java.lang.Object, java.lang.Object, java.lang.Object)'> (0x0000000712f26138) 
thrown [s\src\hotspot\share\interpreter\linkResolver.cpp, line 804]
Event: 0.624 Thread 0x00000289ac2831c0 Exception <a 'java/lang/NoSuchMethodError'{0x0000000712f70b08}: 'double java.lang.invoke.DirectMethodHandle$Holder.invokeInterface(java.lang.Object, java.lang.Object)'> (0x0000000712f70b08) 
thrown [s\src\hotspot\share\interpreter\linkResolver.cpp, line 804]
Event: 0.626 Thread 0x00000289ac2831c0 Exception <a 'java/lang/NoSuchMethodError'{0x0000000712f81808}: 'double java.lang.invoke.DelegatingMethodHandle$Holder.reinvoke_L(java.lang.Object, java.lang.Object)'> (0x0000000712f81808) 
thrown [s\src\hotspot\share\interpreter\linkResolver.cpp, line 804]
Event: 0.750 Thread 0x0000028984adb0a0 Exception <a 'java/lang/NoSuchMethodError'{0x0000000712c7cb38}: 'void java.lang.System.load(java.lang.String, java.lang.Class)'> (0x0000000712c7cb38) 
thrown [s\src\hotspot\share\interpreter\linkResolver.cpp, line 804]
Event: 0.751 Thread 0x0000028984adb0a0 Exception <a 'java/lang/NoSuchMethodError'{0x0000000712c84918}: 'void java.lang.System.loadLibrary(java.lang.String, java.lang.Class)'> (0x0000000712c84918) 
thrown [s\src\hotspot\share\interpreter\linkResolver.cpp, line 804]
Event: 0.755 Thread 0x0000028984adb0a0 Exception <a 'sun/nio/fs/WindowsException'{0x0000000712c98118}> (0x0000000712c98118) 
thrown [s\src\hotspot\share\prims\jni.cpp, line 516]
Event: 0.755 Thread 0x0000028984adb0a0 Exception <a 'sun/nio/fs/WindowsException'{0x0000000712c984b8}> (0x0000000712c984b8) 
thrown [s\src\hotspot\share\prims\jni.cpp, line 516]
Event: 0.759 Thread 0x0000028984adb0a0 Exception <a 'sun/nio/fs/WindowsException'{0x0000000712c9fc98}> (0x0000000712c9fc98) 
thrown [s\src\hotspot\share\prims\jni.cpp, line 516]
Event: 0.759 Thread 0x0000028984adb0a0 Exception <a 'sun/nio/fs/WindowsException'{0x0000000712c9ff68}> (0x0000000712c9ff68) 
thrown [s\src\hotspot\share\prims\jni.cpp, line 516]
Event: 1.003 Thread 0x0000028984adb0a0 Exception <a 'java/io/FileNotFoundException'{0x0000000712918760}> (0x0000000712918760) 
thrown [s\src\hotspot\share\prims\jni.cpp, line 516]
Event: 1.100 Thread 0x0000028984adb0a0 Exception <a 'java/io/FileNotFoundException'{0x00000007129e49c8}> (0x00000007129e49c8) 
thrown [s\src\hotspot\share\prims\jni.cpp, line 516]
Event: 1.125 Thread 0x0000028984adb0a0 Exception <a 'java/io/FileNotFoundException'{0x000000071262ba78}> (0x000000071262ba78) 
thrown [s\src\hotspot\share\prims\jni.cpp, line 516]
Event: 1.193 Thread 0x0000028984adb0a0 Exception <a 'java/io/FileNotFoundException'{0x000000071268cb00}> (0x000000071268cb00) 
thrown [s\src\hotspot\share\prims\jni.cpp, line 516]
Event: 1.206 Thread 0x0000028984adb0a0 Exception <a 'java/io/FileNotFoundException'{0x00000007126bd048}> (0x00000007126bd048) 
thrown [s\src\hotspot\share\prims\jni.cpp, line 516]
Event: 1.295 Thread 0x00000289ac2831c0 Exception <a 'java/lang/NoSuchMethodError'{0x0000000712fa9478}: 'long java.lang.invoke.DirectMethodHandle$Holder.invokeVirtual(java.lang.Object, java.lang.Object)'> (0x0000000712fa9478) 
thrown [s\src\hotspot\share\interpreter\linkResolver.cpp, line 804]
Event: 1.297 Thread 0x00000289ac2831c0 Exception <a 'java/lang/NoSuchMethodError'{0x0000000712fb9c00}: 'long java.lang.invoke.DelegatingMethodHandle$Holder.reinvoke_L(java.lang.Object, java.lang.Object)'> (0x0000000712fb9c00) 
thrown [s\src\hotspot\share\interpreter\linkResolver.cpp, line 804]
Event: 1.417 Thread 0x0000028984adb0a0 Exception <a 'java/io/FileNotFoundException'{0x000000071223b358}> (0x000000071223b358) 
thrown [s\src\hotspot\share\prims\jni.cpp, line 516]
Event: 1.429 Thread 0x0000028984adb0a0 Exception <a 'java/lang/NoSuchMethodError'{0x0000000712279e60}: 'java.lang.Object java.lang.invoke.DirectMethodHandle$Holder.newInvokeSpecial(java.lang.Object, float)'> (0x0000000712279e60) 
thrown [s\src\hotspot\share\interpreter\linkResolver.cpp, line 804]

VM Operations (20 events):
Event: 190.866 Executing safepoint VM operation: G1CollectForAllocation (G1 Evacuation Pause) done
Event: 192.239 Executing safepoint VM operation: G1CollectForAllocation (G1 Evacuation Pause)
Event: 192.239 Executing safepoint VM operation: G1CollectForAllocation (G1 Evacuation Pause) done
Event: 193.606 Executing safepoint VM operation: G1CollectForAllocation (G1 Evacuation Pause)
Event: 193.606 Executing safepoint VM operation: G1CollectForAllocation (G1 Evacuation Pause) done
Event: 194.968 Executing safepoint VM operation: G1CollectForAllocation (G1 Evacuation Pause)
Event: 194.969 Executing safepoint VM operation: G1CollectForAllocation (G1 Evacuation Pause) done
Event: 196.336 Executing safepoint VM operation: G1CollectForAllocation (G1 Evacuation Pause)
Event: 196.337 Executing safepoint VM operation: G1CollectForAllocation (G1 Evacuation Pause) done
Event: 197.718 Executing safepoint VM operation: G1CollectForAllocation (G1 Evacuation Pause)
Event: 197.719 Executing safepoint VM operation: G1CollectForAllocation (G1 Evacuation Pause) done
Event: 199.084 Executing safepoint VM operation: G1CollectForAllocation (G1 Evacuation Pause)
Event: 199.084 Executing safepoint VM operation: G1CollectForAllocation (G1 Evacuation Pause) done
Event: 200.461 Executing safepoint VM operation: G1CollectForAllocation (G1 Evacuation Pause)
Event: 200.462 Executing safepoint VM operation: G1CollectForAllocation (G1 Evacuation Pause) done
Event: 201.820 Executing safepoint VM operation: G1CollectForAllocation (G1 Evacuation Pause)
Event: 201.820 Executing safepoint VM operation: G1CollectForAllocation (G1 Evacuation Pause) done
Event: 203.181 Executing safepoint VM operation: G1CollectForAllocation (G1 Evacuation Pause)
Event: 203.181 Executing safepoint VM operation: G1CollectForAllocation (G1 Evacuation Pause) done
Event: 203.786 Executing safepoint VM operation: Exit

Memory protections (0 events):
No events

Nmethod flushes (0 events):
No events

Events (20 events):
Event: 47.410 Thread 0x00000289ac23f9f0 Thread exited: 0x00000289ac23f9f0
Event: 53.090 Thread 0x00000289a6494ab0 Thread added: 0x00000289ac23d9b0
Event: 53.090 Thread 0x00000289a6494ab0 Thread added: 0x00000289ac23e1c0
Event: 53.090 Thread 0x00000289a6494ab0 Thread added: 0x00000289ac240200
Event: 53.090 Thread 0x00000289a6494ab0 Thread added: 0x00000289ac23f9f0
Event: 54.792 Thread 0x00000289ac23f9f0 Thread exited: 0x00000289ac23f9f0
Event: 54.792 Thread 0x00000289ac240200 Thread exited: 0x00000289ac240200
Event: 57.991 Thread 0x00000289ac23e1c0 Thread exited: 0x00000289ac23e1c0
Event: 60.812 Thread 0x00000289ac23d9b0 Thread exited: 0x00000289ac23d9b0
Event: 120.622 Thread 0x00000289ac211da0 Thread added: 0x00000289b5cc2af0
Event: 132.321 Thread 0x00000289a64a57b0 Thread added: 0x00000289ac238910
Event: 134.397 Thread 0x00000289ac238910 Thread exited: 0x00000289ac238910
Event: 135.518 Thread 0x00000289a64a57b0 Thread added: 0x00000289ac238910
Event: 136.560 Thread 0x00000289ac238910 Thread exited: 0x00000289ac238910
Event: 202.695 Thread 0x00000289a64a57b0 Thread added: 0x00000289ac238910
Event: 202.695 Thread 0x00000289a64a57b0 Thread added: 0x00000289ac23c990
Event: 203.784 Thread 0x00000289a648c960 Thread added: 0x00000289b5cc4260
Event: 203.784 Thread 0x00000289b5cc4260 Thread added: 0x00000289a64962b0
Event: 203.785 Thread 0x00000289a64962b0 Thread exited: 0x00000289a64962b0
Event: 203.785 Thread 0x00000289b5cc4260 Before exit entered


Dynamic libraries:
0x00007ff69d4b0000 - 0x00007ff69d4be000 	C:\Users\anqwe\.jdks\temurin-25.0.3\bin\java.exe
0x00007ffafadc0000 - 0x00007ffafb027000 	C:\WINDOWS\SYSTEM32\ntdll.dll
0x00007ffaf90e0000 - 0x00007ffaf91a9000 	C:\WINDOWS\System32\KERNEL32.DLL
0x00007ffaf85e0000 - 0x00007ffaf89d7000 	C:\WINDOWS\System32\KERNELBASE.dll
0x00007ffaf4be0000 - 0x00007ffaf4c80000 	C:\WINDOWS\SYSTEM32\apphelp.dll
0x00007ffaf81d0000 - 0x00007ffaf831b000 	C:\WINDOWS\System32\ucrtbase.dll
0x00007ffae53d0000 - 0x00007ffae53ee000 	C:\Users\anqwe\.jdks\temurin-25.0.3\bin\VCRUNTIME140.dll
0x00007ffae53b0000 - 0x00007ffae53c6000 	C:\Users\anqwe\.jdks\temurin-25.0.3\bin\jli.dll
0x00007ffaf9980000 - 0x00007ffaf9b46000 	C:\WINDOWS\System32\USER32.dll
0x00007ffaf89e0000 - 0x00007ffaf8a07000 	C:\WINDOWS\System32\win32u.dll
0x00007ffafa040000 - 0x00007ffafa06b000 	C:\WINDOWS\System32\GDI32.dll
0x00007ffacd7b0000 - 0x00007ffacda42000 	C:\WINDOWS\WinSxS\amd64_microsoft.windows.common-controls_6595b64144ccf1df_6.0.26100.8457_none_3e0b2faee331e92d\COMCTL32.dll
0x00007ffaf8a10000 - 0x00007ffaf8b3c000 	C:\WINDOWS\System32\gdi32full.dll
0x00007ffafa100000 - 0x00007ffafa1a9000 	C:\WINDOWS\System32\msvcrt.dll
0x00007ffaf78b0000 - 0x00007ffaf7953000 	C:\WINDOWS\System32\msvcp_win.dll
0x00007ffaf9860000 - 0x00007ffaf9892000 	C:\WINDOWS\System32\IMM32.DLL
0x00007ffaee7c0000 - 0x00007ffaee7cc000 	C:\Users\anqwe\.jdks\temurin-25.0.3\bin\vcruntime140_1.dll
0x00007ffad3680000 - 0x00007ffad370d000 	C:\Users\anqwe\.jdks\temurin-25.0.3\bin\msvcp140.dll
0x00007ffa10590000 - 0x00007ffa114ba000 	C:\Users\anqwe\.jdks\temurin-25.0.3\bin\server\jvm.dll
0x00007ffaf9260000 - 0x00007ffaf9316000 	C:\WINDOWS\System32\ADVAPI32.dll
0x00007ffaf91b0000 - 0x00007ffaf9257000 	C:\WINDOWS\System32\sechost.dll
0x00007ffafab20000 - 0x00007ffafac38000 	C:\WINDOWS\System32\RPCRT4.dll
0x00007ffafa070000 - 0x00007ffafa0f0000 	C:\WINDOWS\System32\WS2_32.dll
0x00007ffaf73e0000 - 0x00007ffaf743e000 	C:\WINDOWS\SYSTEM32\POWRPROF.dll
0x00007ffae8ac0000 - 0x00007ffae8af6000 	C:\WINDOWS\SYSTEM32\WINMM.dll
0x00007ffaed650000 - 0x00007ffaed65b000 	C:\WINDOWS\SYSTEM32\VERSION.dll
0x00007ffaf73c0000 - 0x00007ffaf73d4000 	C:\WINDOWS\SYSTEM32\UMPDC.dll
0x00007ffaf6540000 - 0x00007ffaf655b000 	C:\WINDOWS\SYSTEM32\kernel.appcore.dll
0x00007ffae5f00000 - 0x00007ffae5f0a000 	C:\Users\anqwe\.jdks\temurin-25.0.3\bin\jimage.dll
0x00007ffaf5730000 - 0x00007ffaf5972000 	C:\WINDOWS\SYSTEM32\DBGHELP.DLL
0x00007ffaf9cb0000 - 0x00007ffafa033000 	C:\WINDOWS\System32\combase.dll
0x00007ffaf98a0000 - 0x00007ffaf9979000 	C:\WINDOWS\System32\OLEAUT32.dll
0x00007ffacb3f0000 - 0x00007ffacb42b000 	C:\WINDOWS\SYSTEM32\dbgcore.DLL
0x00007ffaf8320000 - 0x00007ffaf83c8000 	C:\WINDOWS\System32\bcryptPrimitives.dll
0x00007ffae53a0000 - 0x00007ffae53af000 	C:\Users\anqwe\.jdks\temurin-25.0.3\bin\instrument.dll
0x00007ffad3660000 - 0x00007ffad367e000 	C:\Users\anqwe\.jdks\temurin-25.0.3\bin\java.dll
0x00007ffaf9330000 - 0x00007ffaf94c7000 	C:\WINDOWS\System32\ole32.dll
0x00007ffafa1b0000 - 0x00007ffafa91e000 	C:\WINDOWS\System32\SHELL32.dll
0x00007ffaf7960000 - 0x00007ffaf81cc000 	C:\WINDOWS\System32\windows.storage.dll
0x00007ffaf94d0000 - 0x00007ffaf95c6000 	C:\WINDOWS\System32\SHCORE.dll
0x00007ffafacf0000 - 0x00007ffafad56000 	C:\WINDOWS\System32\shlwapi.dll
0x00007ffaf7710000 - 0x00007ffaf7739000 	C:\WINDOWS\SYSTEM32\profapi.dll
0x00007fface7b0000 - 0x00007fface7c6000 	C:\Users\anqwe\.jdks\temurin-25.0.3\bin\zip.dll
0x00007fface8a0000 - 0x00007fface8b1000 	C:\Users\anqwe\.jdks\temurin-25.0.3\bin\net.dll
0x00007ffaf6a90000 - 0x00007ffaf6afc000 	C:\WINDOWS\system32\mswsock.dll
0x00007fface880000 - 0x00007fface896000 	C:\Users\anqwe\.jdks\temurin-25.0.3\bin\nio.dll
0x00007ffaf5f70000 - 0x00007ffaf60a2000 	C:\WINDOWS\SYSTEM32\DNSAPI.dll
0x00007ffaf5f30000 - 0x00007ffaf5f62000 	C:\WINDOWS\SYSTEM32\IPHLPAPI.DLL
0x00007ffafa930000 - 0x00007ffafa93a000 	C:\WINDOWS\System32\NSI.dll
0x00007ffad80d0000 - 0x00007ffad80d9000 	C:\Users\anqwe\.jdks\temurin-25.0.3\bin\extnet.dll
0x00007ffaed660000 - 0x00007ffaed66b000 	C:\Windows\System32\rasadhlp.dll
0x00007ffaec320000 - 0x00007ffaec3a6000 	C:\WINDOWS\System32\fwpuclnt.dll
0x00007ffad2ca0000 - 0x00007ffad2caa000 	C:\Users\anqwe\.jdks\temurin-25.0.3\bin\management.dll
0x00007fface870000 - 0x00007fface87c000 	C:\Users\anqwe\.jdks\temurin-25.0.3\bin\management_ext.dll
0x00007ffaf9320000 - 0x00007ffaf9328000 	C:\WINDOWS\System32\PSAPI.DLL
0x000000006e700000 - 0x000000006e72d000 	C:\Users\anqwe\AppData\Local\Temp\libgdxanqwe\2a9d7f76\gdx64.dll
0x00007ffac8310000 - 0x00007ffac838b000 	C:\Users\anqwe\AppData\Local\Temp\lwjgl_anqwe\3.3.3+5\x64\lwjgl.dll
0x00007ffa60800000 - 0x00007ffa60a70000 	C:\Users\anqwe\AppData\Local\Temp\lwjgl_anqwe\3.3.3+5\x64\jemalloc.dll
0x00007ffa857c0000 - 0x00007ffa85842000 	C:\Users\anqwe\AppData\Local\Temp\lwjgl_anqwe\3.3.3+5\x64\glfw.dll
0x00007ffaf6e90000 - 0x00007ffaf6eab000 	C:\WINDOWS\SYSTEM32\CRYPTSP.dll
0x00007ffaf64a0000 - 0x00007ffaf64d9000 	C:\WINDOWS\system32\rsaenh.dll
0x00007ffaf6b40000 - 0x00007ffaf6b73000 	C:\WINDOWS\SYSTEM32\USERENV.dll
0x00007ffaf76e0000 - 0x00007ffaf770a000 	C:\WINDOWS\SYSTEM32\bcrypt.dll
0x00007ffaf6cf0000 - 0x00007ffaf6cfc000 	C:\WINDOWS\SYSTEM32\CRYPTBASE.dll
0x00007ffadc700000 - 0x00007ffadc74b000 	C:\WINDOWS\SYSTEM32\dinput8.dll
0x00007ffae6c10000 - 0x00007ffae6c2c000 	C:\WINDOWS\SYSTEM32\xinput1_4.dll
0x00007ffaf7480000 - 0x00007ffaf74d1000 	C:\WINDOWS\SYSTEM32\cfgmgr32.dll
0x00007ffaf7450000 - 0x00007ffaf747d000 	C:\WINDOWS\SYSTEM32\DEVOBJ.dll
0x00007ffaf5170000 - 0x00007ffaf519f000 	C:\WINDOWS\SYSTEM32\dwmapi.dll
0x00007ffac9d50000 - 0x00007ffac9f33000 	C:\WINDOWS\SYSTEM32\inputhost.dll
0x00007ffaf4380000 - 0x00007ffaf44a7000 	C:\WINDOWS\SYSTEM32\CoreMessaging.dll
0x00007ffaf4cc0000 - 0x00007ffaf4d6a000 	C:\WINDOWS\system32\uxtheme.dll
0x00007ffaf9b50000 - 0x00007ffaf9cac000 	C:\WINDOWS\System32\MSCTF.dll
0x00007ffabf3b0000 - 0x00007ffabf3c8000 	C:\WINDOWS\system32\napinsp.dll
0x00007ffabf390000 - 0x00007ffabf3a3000 	C:\WINDOWS\System32\winrnr.dll
0x00007ffabf360000 - 0x00007ffabf382000 	C:\WINDOWS\system32\nlansp_c.dll
0x00007ffaed2b0000 - 0x00007ffaed2c6000 	C:\WINDOWS\system32\wshbth.dll
0x00007ffa59e10000 - 0x00007ffa59fd7000 	C:\Users\anqwe\AppData\Local\Temp\lwjgl_anqwe\3.3.3+5\x64\OpenAL.dll
0x00007ffafaa60000 - 0x00007ffafab0e000 	C:\WINDOWS\System32\clbcatq.dll
0x00007ffaecc00000 - 0x00007ffaecc99000 	C:\WINDOWS\System32\MMDevApi.dll
0x00007ffaea9d0000 - 0x00007ffaeab83000 	C:\WINDOWS\SYSTEM32\AUDIOSES.DLL
0x00007ffaf54d0000 - 0x00007ffaf54e4000 	C:\WINDOWS\SYSTEM32\resourcepolicyclient.dll
0x00007ffad9c40000 - 0x00007ffad9c96000 	C:\WINDOWS\SYSTEM32\pdh.dll
0x00007ffac91c0000 - 0x00007ffac92cf000 	C:\WINDOWS\SYSTEM32\opengl32.dll
0x00007ffad8110000 - 0x00007ffad813d000 	C:\WINDOWS\SYSTEM32\GLU32.dll
0x00007ffaf4ed0000 - 0x00007ffaf4f15000 	C:\WINDOWS\SYSTEM32\dxcore.dll
0x00007ffaefc10000 - 0x00007ffaefc71000 	C:\WINDOWS\SYSTEM32\directxdatabasehelper.dll
0x00007ffad6bd0000 - 0x00007ffad6bed000 	C:\WINDOWS\SYSTEM32\windows.staterepositorycore.dll
0x00007ffa02c90000 - 0x00007ffa03d17000 	C:\WINDOWS\System32\DriverStore\FileRepository\iigd_dch.inf_amd64_357acc06f2c40efb\igxelpicd64.dll
0x00007ffaf5000000 - 0x00007ffaf513e000 	C:\WINDOWS\system32\dxgi.dll
0x00007ffa7c900000 - 0x00007ffa7ca3c000 	C:\WINDOWS\System32\DriverStore\FileRepository\iigd_dch.inf_amd64_357acc06f2c40efb\igdml64.dll
0x00007ffae3420000 - 0x00007ffae3829000 	C:\WINDOWS\System32\DriverStore\FileRepository\iigd_dch.inf_amd64_357acc06f2c40efb\igdgmm64.dll
0x00007ffaf8550000 - 0x00007ffaf85d2000 	C:\WINDOWS\System32\WINTRUST.dll
0x00007ffaf83d0000 - 0x00007ffaf8548000 	C:\WINDOWS\System32\CRYPT32.dll
0x00007ffaf6ef0000 - 0x00007ffaf6f03000 	C:\WINDOWS\SYSTEM32\MSASN1.dll
0x00007ffadec20000 - 0x00007ffae32a4000 	C:\WINDOWS\System32\DriverStore\FileRepository\iigd_dch.inf_amd64_357acc06f2c40efb\igc64.dll
0x00007ffaa03e0000 - 0x00007ffaa043e000 	C:\Users\anqwe\AppData\Local\Temp\lwjgl_anqwe\3.3.3+5\x64\lwjgl_opengl.dll
0x00007ffae7380000 - 0x00007ffae74c6000 	C:\WINDOWS\SYSTEM32\textinputframework.dll
0x00007ffae5630000 - 0x00007ffae5912000 	C:\WINDOWS\SYSTEM32\CoreUIComponents.dll
0x00007ffaef190000 - 0x00007ffaef2fa000 	C:\WINDOWS\SYSTEM32\wintypes.dll
0x000000006a340000 - 0x000000006a3f4000 	C:\Users\anqwe\AppData\Local\Temp\libgdxanqwe\5980c506\gdx-freetype64.dll
0x00007ffacfc70000 - 0x00007ffacfc82000 	C:\WINDOWS\System32\perfproc.dll

JVMTI agents:
C:\Program Files\JetBrains\IntelliJ IDEA 2026.1.2\lib\idea_rt.jar path:C:\Users\anqwe\.jdks\temurin-25.0.3\bin\instrument.dll, loaded, initialized, instrumentlib options:58030

dbghelp: loaded successfully - version: 4.0.5 - missing functions: none
symbol engine: initialized successfully - sym options: 0x614 - pdb path: .;C:\Users\anqwe\.jdks\temurin-25.0.3\bin;C:\WINDOWS\SYSTEM32;C:\WINDOWS\WinSxS\amd64_microsoft.windows.common-controls_6595b64144ccf1df_6.0.26100.8457_none_3e0b2faee331e92d;C:\Users\anqwe\.jdks\temurin-25.0.3\bin\server;C:\Users\anqwe\AppData\Local\Temp\libgdxanqwe\2a9d7f76;C:\Users\anqwe\AppData\Local\Temp\lwjgl_anqwe\3.3.3+5\x64;C:\WINDOWS\System32\DriverStore\FileRepository\iigd_dch.inf_amd64_357acc06f2c40efb;C:\Users\anqwe\AppData\Local\Temp\libgdxanqwe\5980c506

VM Arguments:
jvm_args: -javaagent:C:\Program Files\JetBrains\IntelliJ IDEA 2026.1.2\lib\idea_rt.jar=58030 -Dfile.encoding=UTF-8 -Dsun.stdout.encoding=UTF-8 -Dsun.stderr.encoding=UTF-8 
java_command: com.spacefarm.DesktopLauncher
java_class_path (initial): E:\NAUKMA\game\space-farm\target\classes;C:\Users\anqwe\.m2\repository\com\badlogicgames\gdx\gdx\1.12.1\gdx-1.12.1.jar;C:\Users\anqwe\.m2\repository\com\badlogicgames\gdx\gdx-jnigen-loader\2.3.1\gdx-jnigen-loader-2.3.1.jar;C:\Users\anqwe\.m2\repository\com\badlogicgames\gdx\gdx-backend-lwjgl3\1.12.1\gdx-backend-lwjgl3-1.12.1.jar;C:\Users\anqwe\.m2\repository\org\lwjgl\lwjgl\3.3.3\lwjgl-3.3.3.jar;C:\Users\anqwe\.m2\repository\org\lwjgl\lwjgl\3.3.3\lwjgl-3.3.3-natives-linux.jar;C:\Users\anqwe\.m2\repository\org\lwjgl\lwjgl\3.3.3\lwjgl-3.3.3-natives-linux-arm32.jar;C:\Users\anqwe\.m2\repository\org\lwjgl\lwjgl\3.3.3\lwjgl-3.3.3-natives-linux-arm64.jar;C:\Users\anqwe\.m2\repository\org\lwjgl\lwjgl\3.3.3\lwjgl-3.3.3-natives-macos.jar;C:\Users\anqwe\.m2\repository\org\lwjgl\lwjgl\3.3.3\lwjgl-3.3.3-natives-macos-arm64.jar;C:\Users\anqwe\.m2\repository\org\lwjgl\lwjgl\3.3.3\lwjgl-3.3.3-natives-windows.jar;C:\Users\anqwe\.m2\repository\org\lwjgl\lwjgl\3.3.3\lwjgl-3.3.3-natives-windows-x86.jar;C:\Users\anqwe\.m2\repository\org\lwjgl\lwjgl-glfw\3.3.3\lwjgl-glfw-3.3.3.jar;C:\Users\anqwe\.m2\repository\org\lwjgl\lwjgl-glfw\3.3.3\lwjgl-glfw-3.3.3-natives-linux.jar;C:\Users\anqwe\.m2\repository\org\lwjgl\lwjgl-glfw\3.3.3\lwjgl-glfw-3.3.3-natives-linux-arm32.jar;C:\Users\anqwe\.m2\repository\org\lwjgl\lwjgl-glfw\3.3.3\lwjgl-glfw-3.3.3-natives-linux-arm64.jar;C:\Users\anqwe\.m2\repository\org\lwjgl\lwjgl-glfw\3.3.3\lwjgl-glfw-3.3.3-natives-macos.jar;C:\Users\anqwe\.m2\repository\org\lwjgl\lwjgl-glfw\3.3.3\lwjgl-glfw-3.3.3-natives-macos-arm64.jar;C:\Users\anqwe\.m2\repository\org\lwjgl\lwjgl-glfw\3.3.3\lwjgl-glfw-3.3.3-natives-windows.jar;C:\Users\anqwe\.m2\repository\org\lwjgl\lwjgl-glfw\3.3.3\lwjgl-glfw-3.3.3-natives-windows-x86.jar;C:\Users\anqwe\.m2\repository\org\lwjgl\lwjgl-jemalloc\3.3.3\lwjgl-jemalloc-3.3.3.jar;C:\Users\anqwe\.m2\repository\org\lwjgl\lwjgl-jemalloc\3.3.3\lwjgl-jemalloc-3.3.3-natives-linux.jar;C:\Users\anqwe\.m2\repository\org\lwjgl\lwjgl-jemalloc\3.3.3\lwjgl-jemalloc-3.3.3-natives-linux-arm32.jar;C:\Users\anqwe\.m2\repository\org\lwjgl\lwjgl-jemalloc\3.3.3\lwjgl-jemalloc-3.3.3-natives-linux-arm64.jar;C:\Users\anqwe\.m2\repository\org\lwjgl\lwjgl-jemalloc\3.3.3\lwjgl-jemalloc-3.3.3-natives-macos.jar;C:\Users\anqwe\.m2\repository\org\lwjgl\lwjgl-jemalloc\3.3.3\lwjgl-jemalloc-3.3.3-natives-macos-arm64.jar;C:\Users\anqwe\.m2\repository\org\lwjgl\lwjgl-jemalloc\3.3.3\lwjgl-jemalloc-3.3.3-natives-windows.jar;C:\Users\anqwe\.m2\repository\org\lwjgl\lwjgl-jemalloc\3.3.3\lwjgl-jemalloc-3.3.3-natives-windows-x86.jar;C:\Users\anqwe\.m2\repository\org\lwjgl\lwjgl-openal\3.3.3\lwjgl-openal-3.3.3.jar;C:\Users\anqwe\.m2\repository\org\lwjgl\lwjgl-openal\3.3.3\lwjgl-openal-3.3.3-natives-linux.jar;C:\Users\anqwe\.m2\repository\org\lwjgl\lwjgl-openal\3.3.3\lwjgl-openal-3.3.3-natives-linux-arm32.jar;C:\Users\anqwe\.m2\repository\org\lwjgl\lwjgl-openal\3.3.3\lwjgl-openal-3.3.3-natives-linux-arm64.jar;C:\Users\anqwe\.m2\repository\org\lwjgl\lwjgl-openal\3.3.3\lwjgl-openal-3.3.3-natives-macos.jar;C:\Users\anqwe\.m2\repository\org\lwjgl\lwjgl-openal\3.3.3\lwjgl-openal-3.3.3-natives-macos-arm64.jar;C:\Users\anqwe\.m2\repository\org\lwjgl\lwjgl-openal\3.3.3\lwjgl-openal-3.3.3-natives-windows.jar;C:\Users\anqwe\.m2\repository\org\lwjgl\lwjgl-openal\3.3.3\lwjgl-openal-3.3.3-natives-windows-x86.jar;C:\Users\anqwe\.m2\repository\org\lwjgl\lwjgl-opengl\3.3.3\lwjgl-opengl-3.3.3.jar;C:\Users\anqwe\.m2\repository\org\lwjgl\lwjgl-opengl\3.3.3\lwjgl-opengl-3.3.3-natives-linux.jar;C:\Users\anqwe\.m2\repository\org\lwjgl\lwjgl-opengl\3.3.3\lwjgl-opengl-3.3.3-natives-linux-arm32.jar;C:\Users\anqwe\.m2\repository\org\lwjgl\lwjgl-opengl\3.3.3\lwjgl-opengl-3.3.3-natives-linux-arm64.jar;C:\Users\anqwe\.m2\repository\org\lwjgl\lwjgl-opengl\3.3.3\lwjgl-opengl-3.3.3-natives-macos.jar;C:\Users\anqwe\.m2\repository\org\lwjgl\lwjgl-opengl\3.3.3\lwjgl-opengl-3.3.3-natives-macos-arm64.jar;C:\Users\anqwe\.m2\repository\org\lwjgl\lwjgl-opengl\3.3.3\lwjgl-opengl-3.3.3-natives-windows.jar;C:\Users\anqwe\.m2\repository\org\lwjgl\lwjgl-opengl\3.3.3\lwjgl-opengl-3.3.3-natives-windows-x86.jar;C:\Users\anqwe\.m2\repository\org\lwjgl\lwjgl-stb\3.3.3\lwjgl-stb-3.3.3.jar;C:\Users\anqwe\.m2\repository\org\lwjgl\lwjgl-stb\3.3.3\lwjgl-stb-3.3.3-natives-linux.jar;C:\Users\anqwe\.m2\repository\org\lwjgl\lwjgl-stb\3.3.3\lwjgl-stb-3.3.3-natives-linux-arm32.jar;C:\Users\anqwe\.m2\repository\org\lwjgl\lwjgl-stb\3.3.3\lwjgl-stb-3.3.3-natives-linux-arm64.jar;C:\Users\anqwe\.m2\repository\org\lwjgl\lwjgl-stb\3.3.3\lwjgl-stb-3.3.3-natives-macos.jar;C:\Users\anqwe\.m2\repository\org\lwjgl\lwjgl-stb\3.3.3\lwjgl-stb-3.3.3-natives-macos-arm64.jar;C:\Users\anqwe\.m2\repository\org\lwjgl\lwjgl-stb\3.3.3\lwjgl-stb-3.3.3-natives-windows.jar;C:\Users\anqwe\.m2\repository\org\lwjgl\lwjgl-stb\3.3.3\lwjgl-stb-3.3.3-natives-windows-x86.jar;C:\Users\anqwe\.m2\repository\com\badlogicgames\jlayer\jlayer\1.0.1-gdx\jlayer-1.0.1-gdx.jar;C:\Users\anqwe\.m2\repository\org\jcraft\jorbis\0.0.17\jorbis-0.0.17.jar;C:\Users\anqwe\.m2\repository\com\badlogicgames\gdx\gdx-platform\1.12.1\gdx-platform-1.12.1-natives-desktop.jar;C:\Users\anqwe\.m2\repository\com\badlogicgames\gdx\gdx-freetype\1.12.1\gdx-freetype-1.12.1.jar;C:\Users\anqwe\.m2\repository\com\badlogicgames\gdx\gdx-freetype-platform\1.12.1\gdx-freetype-platform-1.12.1-natives-desktop.jar
Launcher Type: SUN_STANDARD

[Global flags]
     intx CICompilerCount                          = 12                                        {product} {ergonomic}
     uint ConcGCThreads                            = 3                                         {product} {ergonomic}
     uint G1ConcRefinementThreads                  = 13                                        {product} {ergonomic}
   size_t G1HeapRegionSize                         = 2097152                                   {product} {ergonomic}
   size_t InitialHeapSize                          = 264241152                                 {product} {ergonomic}
   size_t MarkStackSize                            = 4194304                                   {product} {ergonomic}
   size_t MarkStackSizeMax                         = 536870912                                 {product} {ergonomic}
   size_t MaxHeapSize                              = 4217372672                                {product} {ergonomic}
   size_t MaxNewSize                               = 2529165312                                {product} {ergonomic}
   size_t MinHeapDeltaBytes                        = 2097152                                   {product} {ergonomic}
   size_t MinHeapSize                              = 8388608                                   {product} {ergonomic}
    uintx NonNMethodCodeHeapSize                   = 7667712                                {pd product} {ergonomic}
    uintx NonProfiledCodeHeapSize                  = 122028032                              {pd product} {ergonomic}
    uintx ProfiledCodeHeapSize                     = 122028032                              {pd product} {ergonomic}
    uintx ReservedCodeCacheSize                    = 251723776                              {pd product} {ergonomic}
     bool SegmentedCodeCache                       = true                                      {product} {ergonomic}
   size_t SoftMaxHeapSize                          = 4217372672                             {manageable} {ergonomic}
     bool UseCompressedOops                        = true                           {product lp64_product} {ergonomic}
     bool UseG1GC                                  = true                                      {product} {ergonomic}
     bool UseLargePagesIndividualAllocation        = false                                  {pd product} {ergonomic}

Logging:
Log output configuration:
 #0: stdout all=off uptime,level,tags foldmultilines=false
 #1: stderr all=off uptime,level,tags foldmultilines=false

Release file:
IMPLEMENTOR="Eclipse Adoptium" 
IMPLEMENTOR_VERSION="Temurin-25.0.3+9" 
JAVA_RUNTIME_VERSION="25.0.3+9-LTS" 
JAVA_VERSION="25.0.3" 
JAVA_VERSION_DATE="2026-04-21" 
LIBC="default" 
MODULES="java.base java.compiler java.datatransfer java.xml java.prefs java.desktop java.instrument java.logging java.management java.security.sasl java.naming java.rmi java.management.rmi java.net.http java.scripting java.security.jgss java.transaction.xa java.sql java.sql.rowset java.xml.crypto java.se java.smartcardio jdk.accessibility jdk.internal.jvmstat jdk.attach jdk.charsets jdk.internal.opt jdk.zipfs jdk.compiler jdk.crypto.cryptoki jdk.crypto.ec jdk.crypto.mscapi jdk.dynalink jdk.internal.ed jdk.editpad jdk.internal.vm.ci jdk.graal.compiler jdk.graal.compiler.management jdk.hotspot.agent jdk.httpserver jdk.incubator.vector jdk.internal.le jdk.internal.md jdk.jartool jdk.javadoc jdk.jcmd jdk.management jdk.management.agent jdk.jconsole jdk.jdeps jdk.jdwp.agent jdk.jdi jdk.jfr jdk.jlink jdk.jpackage jdk.jshell jdk.jsobject jdk.jstatd jdk.localedata jdk.management.jfr jdk.naming.dns jdk.naming.rmi jdk.net jdk.nio.mapmode jdk.sctp jdk.security.auth jdk.security.jgss jdk.unsupported jdk.unsupported.desktop jdk.xml.dom" 
OS_ARCH="x86_64" 
OS_NAME="Windows" 
SOURCE=".:git:cda0a1776184" 
BUILD_SOURCE="git:a612825ee82a20ac872d60958c349854c1f29a8e"
BUILD_SOURCE_REPO="https://github.com/adoptium/temurin-build.git"
SOURCE_REPO="https://github.com/adoptium/jdk25u.git"
FULL_VERSION="25.0.3+9-LTS"
SEMANTIC_VERSION="25.0.3+9"
BUILD_INFO="OS: Windows Server 2022 Version: 10.0"
JVM_VARIANT="Hotspot"
JVM_VERSION="25.0.3+9-LTS"
IMAGE_TYPE="JDK"

Environment Variables:
PATH=C:\WINDOWS\system32;C:\WINDOWS;C:\WINDOWS\System32\Wbem;C:\WINDOWS\System32\WindowsPowerShell\v1.0\;C:\WINDOWS\System32\OpenSSH\;C:\Program Files\NVIDIA Corporation\NVIDIA App\NvDLISR;C:\Program Files (x86)\NVIDIA Corporation\PhysX\Common;C:\Program Files\dotnet\;C:\Program Files\Git\cmd;C:\Users\anqwe\AppData\Local\Microsoft\WindowsApps;C:\Users\anqwe\AppData\Local\Programs\Microsoft VS Code\bin
USERNAME=anqwe
OS=Windows_NT
PROCESSOR_IDENTIFIER=Intel64 Family 6 Model 141 Stepping 1, GenuineIntel
TMP=C:\Users\anqwe\AppData\Local\Temp
TEMP=C:\Users\anqwe\AppData\Local\Temp




Compilation memory statistics disabled.

Periodic native trim disabled

---------------  S Y S T E M  ---------------

OS:
 Windows 11 , 64 bit Build 26100 (10.0.26100.8328)
OS uptime: 6 days 11:46 hours
Hyper-V role detected

CPU: total 16 (initial active 16) (8 cores per cpu, 2 threads per core) family 6 model 141 stepping 1 microcode 0x26, cx8, cmov, fxsr, ht, mmx, 3dnowpref, sse, sse2, sse3, ssse3, sse4.1, sse4.2, popcnt, lzcnt, tsc, tscinvbit, avx, avx2, aes, erms, clmul, bmi1, bmi2, adx, avx512f, avx512dq, avx512cd, avx512bw, avx512vl, sha, fma, vzeroupper, avx512_vpopcntdq, avx512_vpclmulqdq, avx512_vaes, avx512_vnni, clflush, clflushopt, clwb, avx512_vbmi2, avx512_vbmi, hv, rdtscp, rdpid, fsrm, gfni, avx512_bitalg, f16c, cet_ibt, cet_ss, avx512_ifma
Processor Information for the first 16 processors :
  Max Mhz: 2301, Current Mhz: 2301, Mhz Limit: 2301

Memory: 4k page, system-wide physical 16085M (1689M free)
TotalPageFile size 26272M (AvailPageFile size 2129M)
current process WorkingSet (physical memory assigned to process): 421M, peak: 449M
current process commit charge ("private bytes"): 498M, peak: 534M

vm_info: OpenJDK 64-Bit Server VM (25.0.3+9-LTS) for windows-amd64 JRE (25.0.3+9-LTS), built on 2026-04-21T00:00:00Z with MS VC++ 17.12 (VS2022)

END.
